<?xml version="1.0" encoding="utf-8"?>
<TestRun id="7a551572-44f6-4c16-922a-b1e6931909b8" name="gonca@IZAZENPRO 2026-08-21 10:17:29" runUser="IZAZENPRO\gonca" xmlns="http://microsoft.com/schemas/VisualStudio/TeamTest/2010">
  <Times creation="2026-08-21T10:17:29.3946399+01:00" queuing="2026-08-21T10:17:29.3946404+01:00" start="2026-08-21T10:17:27.5071040+01:00" finish="2026-08-21T10:18:16.7521774+01:00" />
  <TestSettings name="default" id="8ef8f640-19af-4cbe-a294-48071ae02f9c">
    <Deployment runDeploymentRoot="gonca_IZAZENPRO_2026-08-21_10_17_29" />
  </TestSettings>
  <Results>
    <UnitTestResult executionId="d5e7711d-4c68-4956-8392-8c9de48153c3" testId="7aa26688-6a51-b15c-9cd3-91175914ad6b" testName="DovahLinkValidationClient.Tests.PairingScenarioTests.CancelWhenIdleReturnsAlreadyIdle" computerName="IZAZENPRO" duration="00:00:00.0243274" startTime="2026-08-21T10:18:16.4491390+01:00" endTime="2026-08-21T10:18:16.4491392+01:00" testType="13cdc9d9-ddb5-4fa4-a97d-d965ccfc6d4b" outcome="Passed" testListId="8c84fa94-04c1-424b-9868-57a2d4851a1d" relativeResultsDirectory="d5e7711d-4c68-4956-8392-8c9de48153c3" />
    <UnitTestResult executionId="ebd49abb-fbe8-4439-b985-bf1f8b50ebdc" testId="e2898f2b-3645-517b-9cdc-634d353bdf3d" testName="DovahLinkValidationClient.Tests.BridgeVersionCompatibilityTests.EvaluateReturnsUnparseableForAnEmptyVersion" computerName="IZAZENPRO" duration="00:00:00.0000447" startTime="2026-08-21T10:17:29.3387637+01:00" endTime="2026-08-21T10:17:29.3387638+01:00" testType="13cdc9d9-ddb5-4fa4-a97d-d965ccfc6d4b" outcome="Passed" testListId="8c84fa94-04c1-424b-9868-57a2d4851a1d" relativeResultsDirectory="ebd49abb-fbe8-4439-b985-bf1f8b50ebdc" />
    <UnitTestResult executionId="f64fa655-82f0-4226-ba07-2121404c9cff" testId="5b8e7408-e5de-8da4-51c0-0a878ae9e793" testName="DovahLinkValidationClient.Tests.HarnessProcessTests.WaitForExitCoordinationWaitsForStandardErrorCompletion" computerName="IZAZENPRO" duration="00:00:00.0021844" startTime="2026-08-21T10:17:29.3660589+01:00" endTime="2026-08-21T10:17:29.3660590+01:00" testType="13cdc9d9-ddb5-4fa4-a97d-d965ccfc6d4b" outcome="Passed" testListId="8c84fa94-04c1-424b-9868-57a2d4851a1d" relativeResultsDirectory="f64fa655-82f0-4226-ba07-2121404c9cff" />
    <UnitTestResult executionId="dbefedf0-5b4f-4cf0-b066-785c46f0e279" testId="e04365cf-64fa-6069-ef89-bb09c8005878" testName="DovahLinkValidationClient.Tests.HarnessProcessTests.WaitForReadyAsyncThrowsWhenThePortIsNegative" computerName="IZAZENPRO" duration="00:00:00.0229471" startTime="2026-08-21T10:17:29.6094239+01:00" endTime="2026-08-21T10:17:29.6094243+01:00" testType="13cdc9d9-ddb5-4fa4-a97d-d965ccfc6d4b" outcome="Passed" testListId="8c84fa94-04c1-424b-9868-57a2d4851a1d" relativeResultsDirectory="dbefedf0-5b4f-4cf0-b066-785c46f0e279" />
    <UnitTestResult executionId="0c00ec44-867b-4f3d-a15d-c0d7edf61570" testId="29f608d4-b655-ef75-a651-1c9cd8b8f55b" testName="DovahLinkValidationClient.Tests.HarnessProcessTests.WaitForReadyAsyncThrowsWhenTheBridgeInstanceLineIsMissingItsPrefix" computerName="IZAZENPRO" duration="00:00:00.0225964" startTime="2026-08-21T10:17:29.7253084+01:00" endTime="2026-08-21T10:17:29.7253092+01:00" testType="13cdc9d9-ddb5-4fa4-a97d-d965ccfc6d4b" outcome="Passed" testListId="8c84fa94-04c1-424b-9868-57a2d4851a1d" relativeResultsDirectory="0c00ec44-867b-4f3d-a15d-c0d7edf61570" />
    <UnitTestResult executionId="3617a8c2-c08c-431a-913b-0fa8b9db07f7" testId="7e939837-6031-1857-9ccd-fad2a1af868a" testName="DovahLinkValidationClient.Tests.EnvelopeTests.EncodeThenDecodeRejectsAnEnvelopeConstructedWithAnEmptyStringIdentityField" computerName="IZAZENPRO" duration="00:00:00.0001742" startTime="2026-08-21T10:18:16.6855260+01:00" endTime="2026-08-21T10:18:16.6855262+01:00" testType="13cdc9d9-ddb5-4fa4-a97d-d965ccfc6d4b" outcome="Passed" testListId="8c84fa94-04c1-424b-9868-57a2d4851a1d" relativeResultsDirectory="3617a8c2-c08c-431a-913b-0fa8b9db07f7" />
    <UnitTestResult executionId="8f0eb07c-d73e-45d5-95db-09fff9561712" testId="93aa9b49-a2cf-83d2-9763-9b6d20222fd7" testName="DovahLinkValidationClient.Tests.BridgeConnectionTests.ReceiveAsyncUsesTheArraySegmentOverload" computerName="IZAZENPRO" duration="00:00:00.0004815" startTime="2026-08-21T10:18:16.6152699+01:00" endTime="2026-08-21T10:18:16.6152700+01:00" testType="13cdc9d9-ddb5-4fa4-a97d-d965ccfc6d4b" outcome="Passed" testListId="8c84fa94-04c1-424b-9868-57a2d4851a1d" relativeResultsDirectory="8f0eb07c-d73e-45d5-95db-09fff9561712" />
    <UnitTestResult executionId="654e4986-7cbc-466b-8fc4-7f76bfdfc55a" testId="f788291b-9555-d0d6-1678-dbf3bfcbfbb3" testName="DovahLinkValidationClient.Tests.EnvelopeTests.DecodeTreatsExplicitNullIdentityKeysAsNull" computerName="IZAZENPRO" duration="00:00:00.0000418" startTime="2026-08-21T10:18:16.6882127+01:00" endTime="2026-08-21T10:18:16.6882128+01:00" testType="13cdc9d9-ddb5-4fa4-a97d-d965ccfc6d4b" outcome="Passed" testListId="8c84fa94-04c1-424b-9868-57a2d4851a1d" relativeResultsDirectory="654e4986-7cbc-466b-8fc4-7f76bfdfc55a" />
    <UnitTestResult executionId="ac1e2130-e63b-46bd-a544-5ef5b622e4f8" testId="743a3de4-a37d-db47-5c4b-1bdf613ba32a" testName="DovahLinkValidationClient.Tests.EnvelopeTests.DecodeRejectsANonStringNonNullIdentityField" computerName="IZAZENPRO" duration="00:00:00.0013983" startTime="2026-08-21T10:18:16.6875706+01:00" endTime="2026-08-21T10:18:16.6875706+01:00" testType="13cdc9d9-ddb5-4fa4-a97d-d965ccfc6d4b" outcome="Passed" testListId="8c84fa94-04c1-424b-9868-57a2d4851a1d" relativeResultsDirectory="ac1e2130-e63b-46bd-a544-5ef5b622e4f8" />
    <UnitTestResult executionId="ee97033f-e0d2-4a39-9e31-aca78136b2f3" testId="c98f3a59-1b64-a310-5d37-e57e2db6e0cf" testName="DovahLinkValidationClient.Tests.BridgeVersionScenarioTests.ExecuteAsyncDisconnectsWithoutContinuingWhenCapabilitiesMessageTypeIsUnexpected" computerName="IZAZENPRO" duration="00:00:00.0021061" startTime="2026-08-21T10:17:29.7425800+01:00" endTime="2026-08-21T10:17:29.7425802+01:00" testType="13cdc9d9-ddb5-4fa4-a97d-d965ccfc6d4b" outcome="Passed" testListId="8c84fa94-04c1-424b-9868-57a2d4851a1d" relativeResultsDirectory="ee97033f-e0d2-4a39-9e31-aca78136b2f3" />
    <UnitTestResult executionId="9dc2bdca-ad1d-447b-9797-2e663216d4ed" testId="fcc65136-19dd-9fb9-2ec3-014404ffdd01" testName="DovahLinkValidationClient.Tests.BridgeVersionScenarioTests.ExecuteAsyncDisconnectsWithoutContinuingWhenTheBridgeVersionIsUnsupported" computerName="IZAZENPRO" duration="00:00:00.0004402" startTime="2026-08-21T10:17:29.7994180+01:00" endTime="2026-08-21T10:17:29.7994181+01:00" testType="13cdc9d9-ddb5-4fa4-a97d-d965ccfc6d4b" outcome="Passed" testListId="8c84fa94-04c1-424b-9868-57a2d4851a1d" relativeResultsDirectory="9dc2bdca-ad1d-447b-9797-2e663216d4ed" />
    <UnitTestResult executionId="41cd8128-5310-4d1d-9b39-bd2078c544cf" testId="125530e8-a57a-fb78-61c5-3c911e58177b" testName="DovahLinkValidationClient.Tests.BridgeVersionScenarioTests.ExecuteAsyncReturnsFailureWhenHelloAckIsMalformed" computerName="IZAZENPRO" duration="00:00:00.0003815" startTime="2026-08-21T10:17:29.7999007+01:00" endTime="2026-08-21T10:17:29.7999008+01:00" testType="13cdc9d9-ddb5-4fa4-a97d-d965ccfc6d4b" outcome="Passed" testListId="8c84fa94-04c1-424b-9868-57a2d4851a1d" relativeResultsDirectory="41cd8128-5310-4d1d-9b39-bd2078c544cf" />
    <UnitTestResult executionId="779500dd-7c50-45ef-8be0-bcab2ea4485e" testId="f09f1f51-8f3b-45fa-8b62-91eab104f4f6" testName="DovahLinkValidationClient.Tests.BridgeVersionCompatibilityTests.EvaluateReturnsBridgeOlderThanSupportedForAnOlderVersion" computerName="IZAZENPRO" duration="00:00:00.0000397" startTime="2026-08-21T10:17:29.3657739+01:00" endTime="2026-08-21T10:17:29.3657740+01:00" testType="13cdc9d9-ddb5-4fa4-a97d-d965ccfc6d4b" outcome="Passed" testListId="8c84fa94-04c1-424b-9868-57a2d4851a1d" relativeResultsDirectory="779500dd-7c50-45ef-8be0-bcab2ea4485e" />
    <UnitTestResult executionId="a0c7062d-028e-453c-b745-ddc06fb9ff8f" testId="a73a1b1d-805e-3132-0e70-bf6f6b09d4c7" testName="DovahLinkValidationClient.Tests.BridgeScenarioTests.ReadPlayContextReportAsyncReturnsTheReportedPlayContextId" computerName="IZAZENPRO" duration="00:00:00.0249917" startTime="2026-08-21T10:17:35.9369621+01:00" endTime="2026-08-21T10:17:35.9369625+01:00" testType="13cdc9d9-ddb5-4fa4-a97d-d965ccfc6d4b" outcome="Passed" testListId="8c84fa94-04c1-424b-9868-57a2d4851a1d" relativeResultsDirectory="a0c7062d-028e-453c-b745-ddc06fb9ff8f" />
    <UnitTestResult executionId="ec7120a0-262f-47a1-8819-72faeefd2939" testId="5dfb3b04-1084-6cb1-d6f5-22974eb94eb9" testName="DovahLinkValidationClient.Tests.LimitsScenarioTests.ThirdProtocolViolationWithin30SecondsClosesTheConnectionAfterItsOwnErrorResponse" computerName="IZAZENPRO" duration="00:00:00.0274053" startTime="2026-08-21T10:17:29.9748174+01:00" endTime="2026-08-21T10:17:29.9748177+01:00" testType="13cdc9d9-ddb5-4fa4-a97d-d965ccfc6d4b" outcome="Passed" testListId="8c84fa94-04c1-424b-9868-57a2d4851a1d" relativeResultsDirectory="ec7120a0-262f-47a1-8819-72faeefd2939" />
    <UnitTestResult executionId="9d2d4df7-861a-4bea-8eaa-0816b7fb5c41" testId="998a4c72-f1a3-fe20-1a3f-82c7fcf8f0c1" testName="DovahLinkValidationClient.Tests.ClientIdentityTests.CurrentIsStableAcrossRepeatedReads" computerName="IZAZENPRO" duration="00:00:00.0016875" startTime="2026-08-21T10:17:29.8044118+01:00" endTime="2026-08-21T10:17:29.8044122+01:00" testType="13cdc9d9-ddb5-4fa4-a97d-d965ccfc6d4b" outcome="Passed" testListId="8c84fa94-04c1-424b-9868-57a2d4851a1d" relativeResultsDirectory="9d2d4df7-861a-4bea-8eaa-0816b7fb5c41" />
    <UnitTestResult executionId="50ab18e8-b673-4519-90d7-8a4fd8c2ffd9" testId="4731cac3-a6ad-967e-6de5-dc3265741f9d" testName="DovahLinkValidationClient.Tests.EnvelopeTests.EncodeEmitsValuesForPopulatedIdentityFields" computerName="IZAZENPRO" duration="00:00:00.0001055" startTime="2026-08-21T10:18:16.6856479+01:00" endTime="2026-08-21T10:18:16.6856480+01:00" testType="13cdc9d9-ddb5-4fa4-a97d-d965ccfc6d4b" outcome="Passed" testListId="8c84fa94-04c1-424b-9868-57a2d4851a1d" relativeResultsDirectory="50ab18e8-b673-4519-90d7-8a4fd8c2ffd9" />
    <UnitTestResult executionId="5bd9ae5f-8115-4238-8cc6-31529e778c36" testId="66e41856-1729-b964-2eae-b9b68d313486" testName="DovahLinkValidationClient.Tests.PairingScenarioTests.PacingLimitedRejectsAnEvaluatedAttemptTooSoonWithoutConsumingIt" computerName="IZAZENPRO" duration="00:00:01.1270985" startTime="2026-08-21T10:17:52.6534494+01:00" endTime="2026-08-21T10:17:52.6534496+01:00" testType="13cdc9d9-ddb5-4fa4-a97d-d965ccfc6d4b" outcome="Passed" testListId="8c84fa94-04c1-424b-9868-57a2d4851a1d" relativeResultsDirectory="5bd9ae5f-8115-4238-8cc6-31529e778c36" />
    <UnitTestResult executionId="ee5b5e34-e85a-4ef0-921c-6398eb8b17a9" testId="6ff026ab-db0c-4594-a786-ae95afca6a66" testName="DovahLinkValidationClient.Tests.EnvelopeTests.DecodeRejectsMissingClientId" computerName="IZAZENPRO" duration="00:00:00.0003984" startTime="2026-08-21T10:18:16.6853195+01:00" endTime="2026-08-21T10:18:16.6853196+01:00" testType="13cdc9d9-ddb5-4fa4-a97d-d965ccfc6d4b" outcome="Passed" testListId="8c84fa94-04c1-424b-9868-57a2d4851a1d" relativeResultsDirectory="ee5b5e34-e85a-4ef0-921c-6398eb8b17a9" />
    <UnitTestResult executionId="0b453d71-2882-4f02-9670-a9474350584f" testId="6663556e-32c8-9dd5-bc9c-41bb3138e952" testName="DovahLinkValidationClient.Tests.StateScenarioTests.EmptyStateAreasListIsAcknowledgedWithNoSnapshot" computerName="IZAZENPRO" duration="00:00:00.0246699" startTime="2026-08-21T10:17:35.7962180+01:00" endTime="2026-08-21T10:17:35.7962186+01:00" testType="13cdc9d9-ddb5-4fa4-a97d-d965ccfc6d4b" outcome="Passed" testListId="8c84fa94-04c1-424b-9868-57a2d4851a1d" relativeResultsDirectory="0b453d71-2882-4f02-9670-a9474350584f" />
    <UnitTestResult executionId="8c367825-141a-4cae-9c38-8eb188ef0686" testId="563d9afc-8100-443f-3646-55f819564144" testName="DovahLinkValidationClient.Tests.BridgeVersionScenarioTests.ExecuteAsyncDisconnectsWithoutContinuingWhenCharacterSubscriptionIsRejected" computerName="IZAZENPRO" duration="00:00:00.0012278" startTime="2026-08-21T10:17:29.7449804+01:00" endTime="2026-08-21T10:17:29.7449806+01:00" testType="13cdc9d9-ddb5-4fa4-a97d-d965ccfc6d4b" outcome="Passed" testListId="8c84fa94-04c1-424b-9868-57a2d4851a1d" relativeResultsDirectory="8c367825-141a-4cae-9c38-8eb188ef0686" />
    <UnitTestResult executionId="f23e8cc0-d5ba-4420-9c63-80eb69e27ecc" testId="c0906cb2-4bd5-855e-2eac-43c075769d65" testName="DovahLinkValidationClient.Tests.EnvelopeTests.DecodeReadsIdentityFieldValues" computerName="IZAZENPRO" duration="00:00:00.0000584" startTime="2026-08-21T10:18:16.6861553+01:00" endTime="2026-08-21T10:18:16.6861555+01:00" testType="13cdc9d9-ddb5-4fa4-a97d-d965ccfc6d4b" outcome="Passed" testListId="8c84fa94-04c1-424b-9868-57a2d4851a1d" relativeResultsDirectory="f23e8cc0-d5ba-4420-9c63-80eb69e27ecc" />
    <UnitTestResult executionId="798b4091-3174-4c0c-ace5-8705dcdb021e" testId="e1a4cef9-ddd3-da97-4f21-5370c7b2b694" testName="DovahLinkValidationClient.Tests.AuthScenarioTests.StructurallyInvalidTokenIsRejectedAsUnauthenticated" computerName="IZAZENPRO" duration="00:00:00.0211589" startTime="2026-08-21T10:17:38.4615812+01:00" endTime="2026-08-21T10:17:38.4615814+01:00" testType="13cdc9d9-ddb5-4fa4-a97d-d965ccfc6d4b" outcome="Passed" testListId="8c84fa94-04c1-424b-9868-57a2d4851a1d" relativeResultsDirectory="798b4091-3174-4c0c-ace5-8705dcdb021e" />
    <UnitTestResult executionId="44d830ac-9357-4e67-a74c-2edced34a914" testId="3059d67e-af38-0ea5-25aa-47b631b43a94" testName="DovahLinkValidationClient.Tests.HarnessProcessTests.WaitForReadyAsyncThrowsWhenThePortIsNotANumber" computerName="IZAZENPRO" duration="00:00:00.0211402" startTime="2026-08-21T10:17:29.6558488+01:00" endTime="2026-08-21T10:17:29.6558490+01:00" testType="13cdc9d9-ddb5-4fa4-a97d-d965ccfc6d4b" outcome="Passed" testListId="8c84fa94-04c1-424b-9868-57a2d4851a1d" relativeResultsDirectory="44d830ac-9357-4e67-a74c-2edced34a914" />
    <UnitTestResult executionId="1ca2751e-c7f6-4b5a-bb31-12574d922583" testId="4c3ae5ca-d5a4-628b-671f-837707ac8d58" testName="DovahLinkValidationClient.Tests.BridgeVersionCompatibilityTests.EvaluateReturnsUnparseableForANonNumericVersion" computerName="IZAZENPRO" duration="00:00:00.0000361" startTime="2026-08-21T10:17:29.3659604+01:00" endTime="2026-08-21T10:17:29.3659605+01:00" testType="13cdc9d9-ddb5-4fa4-a97d-d965ccfc6d4b" outcome="Passed" testListId="8c84fa94-04c1-424b-9868-57a2d4851a1d" relativeResultsDirectory="1ca2751e-c7f6-4b5a-bb31-12574d922583" />
    <UnitTestResult executionId="bb52b22f-a587-48ed-9753-d8d14b8d6462" testId="78802478-442e-ae6e-f9f9-64b40b01ff56" testName="DovahLinkValidationClient.Tests.EnvelopeTests.DecodeRejectsAnEmptyStringClientId" computerName="IZAZENPRO" duration="00:00:00.0000894" startTime="2026-08-21T10:18:16.6879217+01:00" endTime="2026-08-21T10:18:16.6879218+01:00" testType="13cdc9d9-ddb5-4fa4-a97d-d965ccfc6d4b" outcome="Passed" testListId="8c84fa94-04c1-424b-9868-57a2d4851a1d" relativeResultsDirectory="bb52b22f-a587-48ed-9753-d8d14b8d6462" />
    <UnitTestResult executionId="067087a0-3ec2-46f3-9635-9d2b5ace536e" testId="19126409-899b-76d4-1fcc-40b62d6cfcbf" testName="DovahLinkValidationClient.Tests.StateScenarioTests.SubscribeToCharacterReturnsAcceptedAckThenSnapshotAtRevisionOne" computerName="IZAZENPRO" duration="00:00:00.0303278" startTime="2026-08-21T10:17:35.8598167+01:00" endTime="2026-08-21T10:17:35.8598170+01:00" testType="13cdc9d9-ddb5-4fa4-a97d-d965ccfc6d4b" outcome="Passed" testListId="8c84fa94-04c1-424b-9868-57a2d4851a1d" relativeResultsDirectory="067087a0-3ec2-46f3-9635-9d2b5ace536e" />
    <UnitTestResult executionId="c46afee2-0cae-46a5-be2e-cafdc637ac44" testId="148160ac-7a8c-f52d-7585-c9d51ec28040" testName="DovahLinkValidationClient.Tests.LimitsScenarioTests.ArrayLongerThanTheLimitIsRejectedAsMalformedMessage" computerName="IZAZENPRO" duration="00:00:00.0236600" startTime="2026-08-21T10:17:29.9468784+01:00" endTime="2026-08-21T10:17:29.9468792+01:00" testType="13cdc9d9-ddb5-4fa4-a97d-d965ccfc6d4b" outcome="Passed" testListId="8c84fa94-04c1-424b-9868-57a2d4851a1d" relativeResultsDirectory="c46afee2-0cae-46a5-be2e-cafdc637ac44" />
    <UnitTestResult executionId="d492bbef-46ec-4f9a-b42e-a814acd81d74" testId="89c8cce1-14b4-e0a9-ac72-d3e733cb3465" testName="DovahLinkValidationClient.Tests.CapabilitiesScenarioTests.BridgeAdvertisesTheOneRegisteredCharacterCapability" computerName="IZAZENPRO" duration="00:00:00.0232074" startTime="2026-08-21T10:17:30.4920543+01:00" endTime="2026-08-21T10:17:30.4920546+01:00" testType="13cdc9d9-ddb5-4fa4-a97d-d965ccfc6d4b" outcome="Passed" testListId="8c84fa94-04c1-424b-9868-57a2d4851a1d" relativeResultsDirectory="d492bbef-46ec-4f9a-b42e-a814acd81d74" />
    <UnitTestResult executionId="6eb6e188-38f8-4fab-a913-9e30f14e17f4" testId="242effc4-7c34-5c9e-623a-8670d65e9504" testName="DovahLinkValidationClient.Tests.BridgeScenarioTests.InvalidCapabilitiesSetupDisposesTheConnectionAndReleasesTheHarnessPort" computerName="IZAZENPRO" duration="00:00:00.0636288" startTime="2026-08-21T10:17:36.1462023+01:00" endTime="2026-08-21T10:17:36.1462044+01:00" testType="13cdc9d9-ddb5-4fa4-a97d-d965ccfc6d4b" outcome="Passed" testListId="8c84fa94-04c1-424b-9868-57a2d4851a1d" relativeResultsDirectory="6eb6e188-38f8-4fab-a913-9e30f14e17f4" />
    <UnitTestResult executionId="9d0a9cb2-f964-41b5-bc9b-14409c2ffa77" testId="99c6944c-c0ab-870f-6386-a6af7726629e" testName="DovahLinkValidationClient.Tests.RenameScenarioTests.AuthenticatedDeviceCanRenameItself" computerName="IZAZENPRO" duration="00:00:00.0369365" startTime="2026-08-21T10:17:29.2681314+01:00" endTime="2026-08-21T10:17:29.2681318+01:00" testType="13cdc9d9-ddb5-4fa4-a97d-d965ccfc6d4b" outcome="Passed" testListId="8c84fa94-04c1-424b-9868-57a2d4851a1d" relativeResultsDirectory="9d0a9cb2-f964-41b5-bc9b-14409c2ffa77" />
    <UnitTestResult executionId="a454f2b8-0d90-4780-93fa-73ee6a0cc7c9" testId="c78e547b-2b35-c968-d60f-b7f3d048bea1" testName="DovahLinkValidationClient.Tests.EnvelopeTests.DecodeRejectsANonStringNonNullClientId" computerName="IZAZENPRO" duration="00:00:00.0000952" startTime="2026-08-21T10:18:16.6880441+01:00" endTime="2026-08-21T10:18:16.6880442+01:00" testType="13cdc9d9-ddb5-4fa4-a97d-d965ccfc6d4b" outcome="Passed" testListId="8c84fa94-04c1-424b-9868-57a2d4851a1d" relativeResultsDirectory="a454f2b8-0d90-4780-93fa-73ee6a0cc7c9" />
    <UnitTestResult executionId="0ac3361b-e5b7-4005-9557-2ac096e8a12c" testId="e71e36b7-7d32-ada2-4abf-520161ba4e21" testName="DovahLinkValidationClient.Tests.LimitsScenarioTests.AMessageBurstExceedingTheRateLimitIsDetectedAmongQueuedResponses" computerName="IZAZENPRO" duration="00:00:00.0430156" startTime="2026-08-21T10:17:29.9226469+01:00" endTime="2026-08-21T10:17:29.9226472+01:00" testType="13cdc9d9-ddb5-4fa4-a97d-d965ccfc6d4b" outcome="Passed" testListId="8c84fa94-04c1-424b-9868-57a2d4851a1d" relativeResultsDirectory="0ac3361b-e5b7-4005-9557-2ac096e8a12c" />
    <UnitTestResult executionId="baa71fee-9cdf-477e-9185-a8e2bd7e63c8" testId="d4a68b9f-78e1-97d9-805c-0b34ceddde21" testName="DovahLinkValidationClient.Tests.LimitsScenarioTests.DifferentViolationTypesAccumulateTowardTheSameThreeInThirtySecondLimit" computerName="IZAZENPRO" duration="00:00:00.0263024" startTime="2026-08-21T10:17:29.8322162+01:00" endTime="2026-08-21T10:17:29.8322189+01:00" testType="13cdc9d9-ddb5-4fa4-a97d-d965ccfc6d4b" outcome="Passed" testListId="8c84fa94-04c1-424b-9868-57a2d4851a1d" relativeResultsDirectory="baa71fee-9cdf-477e-9185-a8e2bd7e63c8" />
    <UnitTestResult executionId="9c983e1a-03fe-46fe-a618-e66c8eae62f3" testId="3ddac43d-a012-ffc0-c09c-ab13feabf668" testName="DovahLinkValidationClient.Tests.BridgeVersionScenarioTests.ExecuteAsyncReturnsFailureWhenTheConnectionEndsBeforeHelloAck" computerName="IZAZENPRO" duration="00:00:00.0004236" startTime="2026-08-21T10:17:29.8025612+01:00" endTime="2026-08-21T10:17:29.8025613+01:00" testType="13cdc9d9-ddb5-4fa4-a97d-d965ccfc6d4b" outcome="Passed" testListId="8c84fa94-04c1-424b-9868-57a2d4851a1d" relativeResultsDirectory="9c983e1a-03fe-46fe-a618-e66c8eae62f3" />
    <UnitTestResult executionId="3eb23a2d-1f40-4122-beb1-e772d50f3551" testId="b1af73e4-23d3-1196-3384-a6bac1587b7e" testName="DovahLinkValidationClient.Tests.HarnessProcessTests.WaitForReadyAsyncThrowsWhenThePortLineIsMissingItsPrefix" computerName="IZAZENPRO" duration="00:00:00.0238507" startTime="2026-08-21T10:17:29.6340382+01:00" endTime="2026-08-21T10:17:29.6340395+01:00" testType="13cdc9d9-ddb5-4fa4-a97d-d965ccfc6d4b" outcome="Passed" testListId="8c84fa94-04c1-424b-9868-57a2d4851a1d" relativeResultsDirectory="3eb23a2d-1f40-4122-beb1-e772d50f3551" />
    <UnitTestResult executionId="ae716a79-7b00-4d68-b897-22782dbb20bc" testId="79e70e30-1333-034c-ed72-1303a1f09f13" testName="DovahLinkValidationClient.Tests.EnvelopeTests.EncodeEmitsJsonNullForEmptyIdentityFields" computerName="IZAZENPRO" duration="00:00:00.0000738" startTime="2026-08-21T10:18:16.6857403+01:00" endTime="2026-08-21T10:18:16.6857404+01:00" testType="13cdc9d9-ddb5-4fa4-a97d-d965ccfc6d4b" outcome="Passed" testListId="8c84fa94-04c1-424b-9868-57a2d4851a1d" relativeResultsDirectory="ae716a79-7b00-4d68-b897-22782dbb20bc" />
    <UnitTestResult executionId="a95d224d-3c9b-43c2-8817-8c5eafaf91c5" testId="4c1f2f9e-1ffb-f8ca-67dc-068b62f90d22" testName="DovahLinkValidationClient.Tests.RedactionScenarioTests.NoResponseOrHarnessOutputEverContainsASecretPathOrRawException" computerName="IZAZENPRO" duration="00:00:00.0235880" startTime="2026-08-21T10:17:36.2016622+01:00" endTime="2026-08-21T10:17:36.2016625+01:00" testType="13cdc9d9-ddb5-4fa4-a97d-d965ccfc6d4b" outcome="Passed" testListId="8c84fa94-04c1-424b-9868-57a2d4851a1d" relativeResultsDirectory="a95d224d-3c9b-43c2-8817-8c5eafaf91c5" />
    <UnitTestResult executionId="83c0124c-fffe-437b-ba46-a7264c568917" testId="921a5162-22ab-58cc-e084-8767b2508398" testName="DovahLinkValidationClient.Tests.BridgeVersionScenarioTests.HelloAckCarriesBridgeIdentityAndClientId" computerName="IZAZENPRO" duration="00:00:00.0241898" startTime="2026-08-21T10:17:29.7724192+01:00" endTime="2026-08-21T10:17:29.7724194+01:00" testType="13cdc9d9-ddb5-4fa4-a97d-d965ccfc6d4b" outcome="Passed" testListId="8c84fa94-04c1-424b-9868-57a2d4851a1d" relativeResultsDirectory="83c0124c-fffe-437b-ba46-a7264c568917" />
    <UnitTestResult executionId="ca5acc37-335d-4a2c-9e73-0a63d79aeb01" testId="de486395-b4f0-efe1-9490-e4cf245ac2ad" testName="DovahLinkValidationClient.Tests.BridgeVersionScenarioTests.ExecuteAsyncDisconnectsWithoutContinuingWhenAcceptedStateAreasIsMissing" computerName="IZAZENPRO" duration="00:00:00.0146651" startTime="2026-08-21T10:17:29.7404154+01:00" endTime="2026-08-21T10:17:29.7404157+01:00" testType="13cdc9d9-ddb5-4fa4-a97d-d965ccfc6d4b" outcome="Passed" testListId="8c84fa94-04c1-424b-9868-57a2d4851a1d" relativeResultsDirectory="ca5acc37-335d-4a2c-9e73-0a63d79aeb01" />
    <UnitTestResult executionId="32331439-fd89-4f27-94d2-82630419f48d" testId="a6f420f4-deca-66e8-9f4b-06e8bcc44f38" testName="DovahLinkValidationClient.Tests.RenameScenarioTests.RestrictedSessionRejectsRenameRequest" computerName="IZAZENPRO" duration="00:00:00.2130425" startTime="2026-08-21T10:17:29.2301659+01:00" endTime="2026-08-21T10:17:29.2301839+01:00" testType="13cdc9d9-ddb5-4fa4-a97d-d965ccfc6d4b" outcome="Passed" testListId="8c84fa94-04c1-424b-9868-57a2d4851a1d" relativeResultsDirectory="32331439-fd89-4f27-94d2-82630419f48d" />
    <UnitTestResult executionId="5b996e40-9bea-4e0e-9627-b2b51f84e140" testId="b84f8b36-70ef-99fb-ede2-1ae26915132e" testName="DovahLinkValidationClient.Tests.PairingScenarioTests.WrongCodeTriggersAutoRenotifyWithoutConsumingAttempt" computerName="IZAZENPRO" duration="00:00:01.1323387" startTime="2026-08-21T10:18:16.4243992+01:00" endTime="2026-08-21T10:18:16.4244000+01:00" testType="13cdc9d9-ddb5-4fa4-a97d-d965ccfc6d4b" outcome="Passed" testListId="8c84fa94-04c1-424b-9868-57a2d4851a1d" relativeResultsDirectory="5b996e40-9bea-4e0e-9627-b2b51f84e140" />
    <UnitTestResult executionId="4da7f337-75cc-4671-a079-bc0a678ea02f" testId="549476e5-8b0d-d08f-c70b-017bc8bac89d" testName="DovahLinkValidationClient.Tests.PairingScenarioTests.RenotifyRedisplaysCodeAndEnforcesCooldown" computerName="IZAZENPRO" duration="00:00:06.0251799" startTime="2026-08-21T10:17:58.7620919+01:00" endTime="2026-08-21T10:17:58.7620932+01:00" testType="13cdc9d9-ddb5-4fa4-a97d-d965ccfc6d4b" outcome="Passed" testListId="8c84fa94-04c1-424b-9868-57a2d4851a1d" relativeResultsDirectory="4da7f337-75cc-4671-a079-bc0a678ea02f" />
    <UnitTestResult executionId="c9de27f2-c2de-47f7-ab3d-0015defa8342" testId="c3ce5325-427e-bdf8-757a-9a66d828463c" testName="DovahLinkValidationClient.Tests.RestartScenarioTests.RestartingTheBridgeMakesTheOldBridgeInstanceAndPlayContextPairStaleEvenWithACoincidentalPlayContextIdMatch" computerName="IZAZENPRO" duration="00:00:00.0524716" startTime="2026-08-21T10:17:30.2897590+01:00" endTime="2026-08-21T10:17:30.2897594+01:00" testType="13cdc9d9-ddb5-4fa4-a97d-d965ccfc6d4b" outcome="Passed" testListId="8c84fa94-04c1-424b-9868-57a2d4851a1d" relativeResultsDirectory="c9de27f2-c2de-47f7-ab3d-0015defa8342" />
    <UnitTestResult executionId="ea05ba67-1845-4a0d-be87-01f122052995" testId="f6631c8e-58fb-6a45-09e9-25a4357928c9" testName="DovahLinkValidationClient.Tests.BridgeVersionCompatibilityTests.EvaluateReturnsSupportedForTheMaximumSupportedVersion" computerName="IZAZENPRO" duration="00:00:00.0001017" startTime="2026-08-21T10:17:29.3387242+01:00" endTime="2026-08-21T10:17:29.3387243+01:00" testType="13cdc9d9-ddb5-4fa4-a97d-d965ccfc6d4b" outcome="Passed" testListId="8c84fa94-04c1-424b-9868-57a2d4851a1d" relativeResultsDirectory="ea05ba67-1845-4a0d-be87-01f122052995" />
    <UnitTestResult executionId="b350d68b-781d-4d74-9cf3-08eec83eef5b" testId="0343cbff-8456-d2fa-6c95-4f5537571de2" testName="DovahLinkValidationClient.Tests.LimitsScenarioTests.TextThatIsNotValidJsonIsRejectedAsMalformedMessage" computerName="IZAZENPRO" duration="00:00:00.0238005" startTime="2026-08-21T10:17:29.8564289+01:00" endTime="2026-08-21T10:17:29.8564292+01:00" testType="13cdc9d9-ddb5-4fa4-a97d-d965ccfc6d4b" outcome="Passed" testListId="8c84fa94-04c1-424b-9868-57a2d4851a1d" relativeResultsDirectory="b350d68b-781d-4d74-9cf3-08eec83eef5b" />
    <UnitTestResult executionId="28a2aa3a-160a-4e8c-9cdd-364be102e320" testId="bd498c45-9d4b-b7ae-4ff1-dce9acfd97af" testName="DovahLinkValidationClient.Tests.LimitsScenarioTests.NestingDeeperThanTheLimitIsRejectedAsMalformedMessage" computerName="IZAZENPRO" duration="00:00:00.0258411" startTime="2026-08-21T10:17:30.1323892+01:00" endTime="2026-08-21T10:17:30.1323906+01:00" testType="13cdc9d9-ddb5-4fa4-a97d-d965ccfc6d4b" outcome="Passed" testListId="8c84fa94-04c1-424b-9868-57a2d4851a1d" relativeResultsDirectory="28a2aa3a-160a-4e8c-9cdd-364be102e320" />
    <UnitTestResult executionId="e84fd4fb-83c0-4fd1-b754-13e1883a322f" testId="357c9650-24f3-9a69-5609-4165a464216d" testName="DovahLinkValidationClient.Tests.PairingScenarioTests.OtherDeviceBusyReturnsOtherDevicePairingState" computerName="IZAZENPRO" duration="00:00:00.0339676" startTime="2026-08-21T10:17:52.6878478+01:00" endTime="2026-08-21T10:17:52.6878481+01:00" testType="13cdc9d9-ddb5-4fa4-a97d-d965ccfc6d4b" outcome="Passed" testListId="8c84fa94-04c1-424b-9868-57a2d4851a1d" relativeResultsDirectory="e84fd4fb-83c0-4fd1-b754-13e1883a322f" />
    <UnitTestResult executionId="4129db26-82cd-4a32-89cb-1e684006989e" testId="1b2d14cd-094a-a4f7-1c4b-324684bf4f2d" testName="DovahLinkValidationClient.Tests.AuthScenarioTests.SecondClientCannotConnectWhileFirstHoldsTheOneConnectionSlot" computerName="IZAZENPRO" duration="00:00:00.0257186" startTime="2026-08-21T10:17:38.4131717+01:00" endTime="2026-08-21T10:17:38.4131719+01:00" testType="13cdc9d9-ddb5-4fa4-a97d-d965ccfc6d4b" outcome="Passed" testListId="8c84fa94-04c1-424b-9868-57a2d4851a1d" relativeResultsDirectory="4129db26-82cd-4a32-89cb-1e684006989e" />
    <UnitTestResult executionId="996b8a91-316b-4d1e-917e-916e961d498c" testId="2cb4f1c4-234e-6b43-da2d-ade4010f79c4" testName="DovahLinkValidationClient.Tests.RestartScenarioTests.RelaunchingTheHarnessReportsADifferentBridgeInstanceId" computerName="IZAZENPRO" duration="00:00:00.0355407" startTime="2026-08-21T10:17:30.3256147+01:00" endTime="2026-08-21T10:17:30.3256150+01:00" testType="13cdc9d9-ddb5-4fa4-a97d-d965ccfc6d4b" outcome="Passed" testListId="8c84fa94-04c1-424b-9868-57a2d4851a1d" relativeResultsDirectory="996b8a91-316b-4d1e-917e-916e961d498c" />
    <UnitTestResult executionId="bd72f194-4ac4-4b7f-8220-5f5affee74ed" testId="3773689a-ce0b-7ce3-1ef0-c0c2e8b5df84" testName="DovahLinkValidationClient.Tests.LimitsScenarioTests.DisallowedMessageTypeIsRejectedAsMalformedMessage" computerName="IZAZENPRO" duration="00:00:00.0248872" startTime="2026-08-21T10:17:30.1576252+01:00" endTime="2026-08-21T10:17:30.1576255+01:00" testType="13cdc9d9-ddb5-4fa4-a97d-d965ccfc6d4b" outcome="Passed" testListId="8c84fa94-04c1-424b-9868-57a2d4851a1d" relativeResultsDirectory="bd72f194-4ac4-4b7f-8220-5f5affee74ed" />
    <UnitTestResult executionId="13ecad08-5c72-4400-ab46-b574d5f4c4d1" testId="2b65de7c-7256-a3ce-7555-71230c1c932f" testName="DovahLinkValidationClient.Tests.PairingScenarioTests.CancelPendingCredentialClearsAndAllowsFreshPairing" computerName="IZAZENPRO" duration="00:00:00.0314388" startTime="2026-08-21T10:18:16.4810780+01:00" endTime="2026-08-21T10:18:16.4810784+01:00" testType="13cdc9d9-ddb5-4fa4-a97d-d965ccfc6d4b" outcome="Passed" testListId="8c84fa94-04c1-424b-9868-57a2d4851a1d" relativeResultsDirectory="13ecad08-5c72-4400-ab46-b574d5f4c4d1" />
    <UnitTestResult executionId="9deea478-034b-46e5-bb00-7afb817fe337" testId="442b2dcb-f1b9-54c4-8f64-e589f4abf1b5" testName="DovahLinkValidationClient.Tests.StateScenarioTests.MixedSubscribeAcceptsRegisteredAreaAndRejectsUnknownOneWithOneSnapshotOnly" computerName="IZAZENPRO" duration="00:00:00.0320856" startTime="2026-08-21T10:17:35.7353113+01:00" endTime="2026-08-21T10:17:35.7353115+01:00" testType="13cdc9d9-ddb5-4fa4-a97d-d965ccfc6d4b" outcome="Passed" testListId="8c84fa94-04c1-424b-9868-57a2d4851a1d" relativeResultsDirectory="9deea478-034b-46e5-bb00-7afb817fe337" />
    <UnitTestResult executionId="cbebf904-760e-4e31-8d2f-af12f735d485" testId="6b389d3e-c878-c3d6-3f04-9a63cb3d92ad" testName="DovahLinkValidationClient.Tests.PairingScenarioTests.UnpairedHelloSucceedsAndSubscribeIsRejectedOnThatSession" computerName="IZAZENPRO" duration="00:00:00.0206878" startTime="2026-08-21T10:17:58.8107768+01:00" endTime="2026-08-21T10:17:58.8107770+01:00" testType="13cdc9d9-ddb5-4fa4-a97d-d965ccfc6d4b" outcome="Passed" testListId="8c84fa94-04c1-424b-9868-57a2d4851a1d" relativeResultsDirectory="cbebf904-760e-4e31-8d2f-af12f735d485" />
    <UnitTestResult executionId="9cf0e52b-61ae-4baa-a10b-a4294a0c2f28" testId="a65b6112-870f-7259-0cea-5c4dde1172bd" testName="DovahLinkValidationClient.Tests.BridgeVersionScenarioTests.ExecuteAsyncSendsTheStableClientIdentityInHello" computerName="IZAZENPRO" duration="00:00:00.0004704" startTime="2026-08-21T10:17:29.7985200+01:00" endTime="2026-08-21T10:17:29.7985200+01:00" testType="13cdc9d9-ddb5-4fa4-a97d-d965ccfc6d4b" outcome="Passed" testListId="8c84fa94-04c1-424b-9868-57a2d4851a1d" relativeResultsDirectory="9cf0e52b-61ae-4baa-a10b-a4294a0c2f28" />
    <UnitTestResult executionId="0ddfdaac-5f2c-4368-8581-882324ad657a" testId="8e308ebf-81f8-f735-d24d-979775a52295" testName="DovahLinkValidationClient.Tests.AuthScenarioTests.TokenIsRejectedAfterItsShortenedTtlElapses" computerName="IZAZENPRO" duration="00:00:02.0268025" startTime="2026-08-21T10:17:38.2567139+01:00" endTime="2026-08-21T10:17:38.2567142+01:00" testType="13cdc9d9-ddb5-4fa4-a97d-d965ccfc6d4b" outcome="Passed" testListId="8c84fa94-04c1-424b-9868-57a2d4851a1d" relativeResultsDirectory="0ddfdaac-5f2c-4368-8581-882324ad657a" />
    <UnitTestResult executionId="cc320d74-6941-47b5-b211-44fc99f8d265" testId="95f6dc64-bef1-9ee4-fd12-b7ba01bdb7b4" testName="DovahLinkValidationClient.Tests.BridgeVersionCompatibilityTests.EvaluateReturnsUnparseableForANullVersion" computerName="IZAZENPRO" duration="00:00:00.0000361" startTime="2026-08-21T10:17:29.3388176+01:00" endTime="2026-08-21T10:17:29.3388177+01:00" testType="13cdc9d9-ddb5-4fa4-a97d-d965ccfc6d4b" outcome="Passed" testListId="8c84fa94-04c1-424b-9868-57a2d4851a1d" relativeResultsDirectory="cc320d74-6941-47b5-b211-44fc99f8d265" />
    <UnitTestResult executionId="00ec37f8-763e-4fec-96d4-0fb0bf581d95" testId="071385c5-116b-892e-66e8-cb1c0b3c9726" testName="DovahLinkValidationClient.Tests.BridgeConnectionTests.DisposeAsyncBoundsCloseOutputAfterThePeerInitiatesClosure" computerName="IZAZENPRO" duration="00:00:00.0302575" startTime="2026-08-21T10:18:16.6847257+01:00" endTime="2026-08-21T10:18:16.6847260+01:00" testType="13cdc9d9-ddb5-4fa4-a97d-d965ccfc6d4b" outcome="Passed" testListId="8c84fa94-04c1-424b-9868-57a2d4851a1d" relativeResultsDirectory="00ec37f8-763e-4fec-96d4-0fb0bf581d95" />
    <UnitTestResult executionId="16575eaa-3b4c-4692-b956-f6bf8e2805ad" testId="9b320f50-18cc-909b-3b3a-9d2d86d90e3f" testName="DovahLinkValidationClient.Tests.CapabilitiesScenarioTests.UnregisteredCapabilityIdIsRejectedWithoutClosingTheConnection" computerName="IZAZENPRO" duration="00:00:00.0235625" startTime="2026-08-21T10:17:30.5407505+01:00" endTime="2026-08-21T10:17:30.5407508+01:00" testType="13cdc9d9-ddb5-4fa4-a97d-d965ccfc6d4b" outcome="Passed" testListId="8c84fa94-04c1-424b-9868-57a2d4851a1d" relativeResultsDirectory="16575eaa-3b4c-4692-b956-f6bf8e2805ad" />
    <UnitTestResult executionId="5f6ba6d3-dce6-4ea1-8ae8-15309d025794" testId="c8022c1f-bd66-f8f4-aa48-7a00c8b60f29" testName="DovahLinkValidationClient.Tests.BridgeVersionScenarioTests.ExecuteAsyncCompletesTheExchangeWhenTheBridgeVersionIsSupported" computerName="IZAZENPRO" duration="00:00:00.0016006" startTime="2026-08-21T10:17:29.7973070+01:00" endTime="2026-08-21T10:17:29.7973072+01:00" testType="13cdc9d9-ddb5-4fa4-a97d-d965ccfc6d4b" outcome="Passed" testListId="8c84fa94-04c1-424b-9868-57a2d4851a1d" relativeResultsDirectory="5f6ba6d3-dce6-4ea1-8ae8-15309d025794" />
    <UnitTestResult executionId="5aa528ab-1508-4b75-8d3b-6364fee20e52" testId="de465195-4f58-7ab1-c617-94c8f3c1f283" testName="DovahLinkValidationClient.Tests.BridgeConnectionTests.ReceiveAsyncNormalizesAbruptPeerClosure" computerName="IZAZENPRO" duration="00:00:00.0009492" startTime="2026-08-21T10:18:16.6147584+01:00" endTime="2026-08-21T10:18:16.6147586+01:00" testType="13cdc9d9-ddb5-4fa4-a97d-d965ccfc6d4b" outcome="Passed" testListId="8c84fa94-04c1-424b-9868-57a2d4851a1d" relativeResultsDirectory="5aa528ab-1508-4b75-8d3b-6364fee20e52" />
    <UnitTestResult executionId="4d01e7ad-18d7-46fb-9bba-5d0f98e4d75b" testId="fc6c40fd-47ad-a3de-21d8-47fc3bcc0d68" testName="DovahLinkValidationClient.Tests.StateScenarioTests.SnapshotRequestForAnUnregisteredAreaReturnsUnsupportedCapabilityError" computerName="IZAZENPRO" duration="00:00:00.0211159" startTime="2026-08-21T10:17:35.9112078+01:00" endTime="2026-08-21T10:17:35.9112080+01:00" testType="13cdc9d9-ddb5-4fa4-a97d-d965ccfc6d4b" outcome="Passed" testListId="8c84fa94-04c1-424b-9868-57a2d4851a1d" relativeResultsDirectory="4d01e7ad-18d7-46fb-9bba-5d0f98e4d75b" />
    <UnitTestResult executionId="a843cc84-3c36-4f90-9665-74869e3f6f72" testId="941178e8-6e72-3c9f-5561-6bba5147fac8" testName="DovahLinkValidationClient.Tests.BridgeVersionScenarioTests.HelloReceivesHelloAckWithSessionIdAndBridgeVersion" computerName="IZAZENPRO" duration="00:00:00.0221551" startTime="2026-08-21T10:17:29.7949367+01:00" endTime="2026-08-21T10:17:29.7949371+01:00" testType="13cdc9d9-ddb5-4fa4-a97d-d965ccfc6d4b" outcome="Passed" testListId="8c84fa94-04c1-424b-9868-57a2d4851a1d" relativeResultsDirectory="a843cc84-3c36-4f90-9665-74869e3f6f72" />
    <UnitTestResult executionId="ebb1b5f5-1dfb-4333-9d9d-b2d3bc891517" testId="4ef2a6cd-23fa-4e64-9a37-210e57234a49" testName="DovahLinkValidationClient.Tests.EnvelopeTests.DecodeRejectsANonStringNonNullPlayContextId" computerName="IZAZENPRO" duration="00:00:00.0001204" startTime="2026-08-21T10:18:16.6878105+01:00" endTime="2026-08-21T10:18:16.6878107+01:00" testType="13cdc9d9-ddb5-4fa4-a97d-d965ccfc6d4b" outcome="Passed" testListId="8c84fa94-04c1-424b-9868-57a2d4851a1d" relativeResultsDirectory="ebb1b5f5-1dfb-4333-9d9d-b2d3bc891517" />
    <UnitTestResult executionId="7bb35328-aa90-4f92-80f0-eedae1050d05" testId="f25adcad-e161-15e1-84af-2da1a56228f3" testName="DovahLinkValidationClient.Tests.LimitsScenarioTests.DuplicateMessageIdIsRejectedAsReplayedMessage" computerName="IZAZENPRO" duration="00:00:00.0268051" startTime="2026-08-21T10:17:30.0514396+01:00" endTime="2026-08-21T10:17:30.0514399+01:00" testType="13cdc9d9-ddb5-4fa4-a97d-d965ccfc6d4b" outcome="Passed" testListId="8c84fa94-04c1-424b-9868-57a2d4851a1d" relativeResultsDirectory="7bb35328-aa90-4f92-80f0-eedae1050d05" />
    <UnitTestResult executionId="a7d88965-8e65-42ce-9f5d-893f1244b743" testId="4e3f0330-e97a-5ebf-b09d-8f85ae2ad9e5" testName="DovahLinkValidationClient.Tests.AuthScenarioTests.CorrectTokenIsRateLimitedAfterFiveFailedAttempts" computerName="IZAZENPRO" duration="00:00:00.0265798" startTime="2026-08-21T10:17:38.4400747+01:00" endTime="2026-08-21T10:17:38.4400750+01:00" testType="13cdc9d9-ddb5-4fa4-a97d-d965ccfc6d4b" outcome="Passed" testListId="8c84fa94-04c1-424b-9868-57a2d4851a1d" relativeResultsDirectory="a7d88965-8e65-42ce-9f5d-893f1244b743" />
    <UnitTestResult executionId="27052de3-0859-40df-aebd-d1957b3547a1" testId="a045aa8d-0105-7e59-9a8a-c7cb301cdf7d" testName="DovahLinkValidationClient.Tests.LimitsScenarioTests.ObjectWithTooManyMembersIsRejectedAsMalformedMessage" computerName="IZAZENPRO" duration="00:00:00.0284453" startTime="2026-08-21T10:17:30.1865776+01:00" endTime="2026-08-21T10:17:30.1865779+01:00" testType="13cdc9d9-ddb5-4fa4-a97d-d965ccfc6d4b" outcome="Passed" testListId="8c84fa94-04c1-424b-9868-57a2d4851a1d" relativeResultsDirectory="27052de3-0859-40df-aebd-d1957b3547a1" />
    <UnitTestResult executionId="153e526d-4c43-4390-a1e9-2becf15e1c34" testId="7ccfd0fd-7aa2-b535-6c02-28574e3f529c" testName="DovahLinkValidationClient.Tests.PairingScenarioTests.AbruptDisconnectAfterPairingRecoversViaBoundedRetryWithAFreshSession" computerName="IZAZENPRO" duration="00:00:00.0269356" startTime="2026-08-21T10:17:58.7896879+01:00" endTime="2026-08-21T10:17:58.7896881+01:00" testType="13cdc9d9-ddb5-4fa4-a97d-d965ccfc6d4b" outcome="Passed" testListId="8c84fa94-04c1-424b-9868-57a2d4851a1d" relativeResultsDirectory="153e526d-4c43-4390-a1e9-2becf15e1c34" />
    <UnitTestResult executionId="731dc5cc-db52-4796-ba35-e51275f50bd0" testId="a7db23d2-21a5-8e76-9e1c-e568598ee931" testName="DovahLinkValidationClient.Tests.StateScenarioTests.SnapshotRequestAfterIncreaseLevelReturnsTheNewValueAtAHigherRevision" computerName="IZAZENPRO" duration="00:00:00.0352431" startTime="2026-08-21T10:17:35.7710446+01:00" endTime="2026-08-21T10:17:35.7710450+01:00" testType="13cdc9d9-ddb5-4fa4-a97d-d965ccfc6d4b" outcome="Passed" testListId="8c84fa94-04c1-424b-9868-57a2d4851a1d" relativeResultsDirectory="731dc5cc-db52-4796-ba35-e51275f50bd0" />
    <UnitTestResult executionId="6fce92b0-a82c-4c70-88cd-b99854f25e11" testId="aa2436d9-0f8a-2d9b-a0e4-766a185b4b93" testName="DovahLinkValidationClient.Tests.BridgeVersionScenarioTests.ExecuteAsyncDisconnectsWithoutContinuingWhenTheBridgeVersionIsMissing" computerName="IZAZENPRO" duration="00:00:00.0015721" startTime="2026-08-21T10:17:29.7473013+01:00" endTime="2026-08-21T10:17:29.7473014+01:00" testType="13cdc9d9-ddb5-4fa4-a97d-d965ccfc6d4b" outcome="Passed" testListId="8c84fa94-04c1-424b-9868-57a2d4851a1d" relativeResultsDirectory="6fce92b0-a82c-4c70-88cd-b99854f25e11" />
    <UnitTestResult executionId="73430b46-88a9-4c13-94c2-4057bb6d6e11" testId="69d05f45-b45a-7133-a7de-72ef112d2ef0" testName="DovahLinkValidationClient.Tests.PairingScenarioTests.ResumeAfterReconnectWithinGracePeriodReturnsInProgressWithExpirySeconds" computerName="IZAZENPRO" duration="00:00:00.0286481" startTime="2026-08-21T10:18:16.5100313+01:00" endTime="2026-08-21T10:18:16.5100316+01:00" testType="13cdc9d9-ddb5-4fa4-a97d-d965ccfc6d4b" outcome="Passed" testListId="8c84fa94-04c1-424b-9868-57a2d4851a1d" relativeResultsDirectory="73430b46-88a9-4c13-94c2-4057bb6d6e11" />
    <UnitTestResult executionId="44b6e945-ff92-47fe-8cb4-05a5dcebb5a6" testId="181e11c8-eeb1-2549-b081-1f334a172696" testName="DovahLinkValidationClient.Tests.HarnessProcessTests.StandardErrorSupportsConcurrentReadsAndWrites" computerName="IZAZENPRO" duration="00:00:00.1170275" startTime="2026-08-21T10:17:29.4815564+01:00" endTime="2026-08-21T10:17:29.4815568+01:00" testType="13cdc9d9-ddb5-4fa4-a97d-d965ccfc6d4b" outcome="Passed" testListId="8c84fa94-04c1-424b-9868-57a2d4851a1d" relativeResultsDirectory="44b6e945-ff92-47fe-8cb4-05a5dcebb5a6" />
    <UnitTestResult executionId="fd3b5607-1655-440f-8dcc-cd2a30422e45" testId="eee2f3d0-b604-0822-37fc-6518c2ea5264" testName="DovahLinkValidationClient.Tests.LimitsScenarioTests.StringLongerThanTheLimitIsRejectedAsMalformedMessage" computerName="IZAZENPRO" duration="00:00:00.0233480" startTime="2026-08-21T10:17:30.0240668+01:00" endTime="2026-08-21T10:17:30.0240671+01:00" testType="13cdc9d9-ddb5-4fa4-a97d-d965ccfc6d4b" outcome="Passed" testListId="8c84fa94-04c1-424b-9868-57a2d4851a1d" relativeResultsDirectory="fd3b5607-1655-440f-8dcc-cd2a30422e45" />
    <UnitTestResult executionId="48932a7a-d345-4fe9-a6ac-389f3ea29d77" testId="afbe4d6a-abab-62be-bf19-fe78db0f0c37" testName="DovahLinkValidationClient.Tests.CapabilitiesScenarioTests.RegisteredCapabilityIdIsAcceptedWithNoResponse" computerName="IZAZENPRO" duration="00:00:00.0241811" startTime="2026-08-21T10:17:30.5167850+01:00" endTime="2026-08-21T10:17:30.5167860+01:00" testType="13cdc9d9-ddb5-4fa4-a97d-d965ccfc6d4b" outcome="Passed" testListId="8c84fa94-04c1-424b-9868-57a2d4851a1d" relativeResultsDirectory="48932a7a-d345-4fe9-a6ac-389f3ea29d77" />
    <UnitTestResult executionId="48c7c271-217a-4e2e-a7a1-3a8bcafd4ece" testId="c14b97f8-c927-7152-1fbf-e4c74589b570" testName="DovahLinkValidationClient.Tests.BridgeScenarioTests.ReadPlayContextReportAsyncThrowsWhenThePlayContextIdIsBlank" computerName="IZAZENPRO" duration="00:00:00.0262699" startTime="2026-08-21T10:17:36.0820825+01:00" endTime="2026-08-21T10:17:36.0820827+01:00" testType="13cdc9d9-ddb5-4fa4-a97d-d965ccfc6d4b" outcome="Passed" testListId="8c84fa94-04c1-424b-9868-57a2d4851a1d" relativeResultsDirectory="48c7c271-217a-4e2e-a7a1-3a8bcafd4ece" />
    <UnitTestResult executionId="27034a00-ec33-4f04-a74e-1a580cf6f25a" testId="8125c7cb-9341-adb9-1a56-cec875c96512" testName="DovahLinkValidationClient.Tests.BridgeVersionScenarioTests.ExecuteAsyncDisconnectsWithoutContinuingWhenHelloAckClientIdIsMissing" computerName="IZAZENPRO" duration="00:00:00.0005931" startTime="2026-08-21T10:17:29.8011920+01:00" endTime="2026-08-21T10:17:29.8011921+01:00" testType="13cdc9d9-ddb5-4fa4-a97d-d965ccfc6d4b" outcome="Passed" testListId="8c84fa94-04c1-424b-9868-57a2d4851a1d" relativeResultsDirectory="27034a00-ec33-4f04-a74e-1a580cf6f25a" />
    <UnitTestResult executionId="e575b551-07f3-4cf2-b438-8038ea6e5695" testId="b99893e4-1c8b-688d-76e5-56ac82b6f95b" testName="DovahLinkValidationClient.Tests.PairingScenarioTests.RevokeWhileConnectedClosesTheLiveSessionImmediately" computerName="IZAZENPRO" duration="00:00:00.0314326" startTime="2026-08-21T10:18:16.5417945+01:00" endTime="2026-08-21T10:18:16.5417948+01:00" testType="13cdc9d9-ddb5-4fa4-a97d-d965ccfc6d4b" outcome="Passed" testListId="8c84fa94-04c1-424b-9868-57a2d4851a1d" relativeResultsDirectory="e575b551-07f3-4cf2-b438-8038ea6e5695" />
    <UnitTestResult executionId="f8a4bada-52e9-4852-bb03-09bf676eabc2" testId="fa1b275f-8efc-ee10-d7df-3f2402c40ecf" testName="DovahLinkValidationClient.Tests.RenameScenarioTests.AuthenticatedDeviceCanClearItsDisplayName" computerName="IZAZENPRO" duration="00:00:00.0376541" startTime="2026-08-21T10:17:29.3064051+01:00" endTime="2026-08-21T10:17:29.3064054+01:00" testType="13cdc9d9-ddb5-4fa4-a97d-d965ccfc6d4b" outcome="Passed" testListId="8c84fa94-04c1-424b-9868-57a2d4851a1d" relativeResultsDirectory="f8a4bada-52e9-4852-bb03-09bf676eabc2" />
    <UnitTestResult executionId="25bf24c6-623d-4cf3-9de5-0d8e27c09e03" testId="4a86834f-e940-2932-3f82-b075b7315298" testName="DovahLinkValidationClient.Tests.BridgeVersionScenarioTests.ExecuteAsyncReturnsFailureWhenSendingHelloFails" computerName="IZAZENPRO" duration="00:00:00.0005702" startTime="2026-08-21T10:17:29.7456441+01:00" endTime="2026-08-21T10:17:29.7456442+01:00" testType="13cdc9d9-ddb5-4fa4-a97d-d965ccfc6d4b" outcome="Passed" testListId="8c84fa94-04c1-424b-9868-57a2d4851a1d" relativeResultsDirectory="25bf24c6-623d-4cf3-9de5-0d8e27c09e03" />
    <UnitTestResult executionId="2c7ee277-b7ea-4b13-b8d2-f7482e7b52c5" testId="40f4f9e3-aee2-34a8-f532-5812db934891" testName="DovahLinkValidationClient.Tests.BridgeVersionScenarioTests.ExecuteAsyncReturnsFailureWhenReceivingHelloAckTimesOut" computerName="IZAZENPRO" duration="00:00:00.0003751" startTime="2026-08-21T10:17:29.7989405+01:00" endTime="2026-08-21T10:17:29.7989406+01:00" testType="13cdc9d9-ddb5-4fa4-a97d-d965ccfc6d4b" outcome="Passed" testListId="8c84fa94-04c1-424b-9868-57a2d4851a1d" relativeResultsDirectory="2c7ee277-b7ea-4b13-b8d2-f7482e7b52c5" />
    <UnitTestResult executionId="68920b6e-3a66-4b4d-9ecd-3d2d77d33f01" testId="06e243f9-fa22-4351-73fb-88d51ce52363" testName="DovahLinkValidationClient.Tests.RestartScenarioTests.RevocationPersistsAcrossAFullHarnessProcessRestart" computerName="IZAZENPRO" duration="00:00:00.0611738" startTime="2026-08-21T10:17:30.4419317+01:00" endTime="2026-08-21T10:17:30.4419327+01:00" testType="13cdc9d9-ddb5-4fa4-a97d-d965ccfc6d4b" outcome="Passed" testListId="8c84fa94-04c1-424b-9868-57a2d4851a1d" relativeResultsDirectory="68920b6e-3a66-4b4d-9ecd-3d2d77d33f01" />
    <UnitTestResult executionId="be0c22fb-4f17-4b2a-806f-81ab74334591" testId="7cb853b2-4b1d-6979-117b-3d9748c0a763" testName="DovahLinkValidationClient.Tests.RenameScenarioTests.InvalidDisplayNameReturnsAnInvalidDisplayNameOutcome" computerName="IZAZENPRO" duration="00:00:00.0239675" startTime="2026-08-21T10:17:29.3309169+01:00" endTime="2026-08-21T10:17:29.3309173+01:00" testType="13cdc9d9-ddb5-4fa4-a97d-d965ccfc6d4b" outcome="Passed" testListId="8c84fa94-04c1-424b-9868-57a2d4851a1d" relativeResultsDirectory="be0c22fb-4f17-4b2a-806f-81ab74334591" />
    <UnitTestResult executionId="05765334-1244-47fc-97cc-7e0759b3d02e" testId="ba299033-b119-d745-c842-df06e2581ada" testName="DovahLinkValidationClient.Tests.StateScenarioTests.RevisionIsReusedOnEachPullWithoutAnInterveningStateChange" computerName="IZAZENPRO" duration="00:00:00.0295384" startTime="2026-08-21T10:17:35.8897072+01:00" endTime="2026-08-21T10:17:35.8897074+01:00" testType="13cdc9d9-ddb5-4fa4-a97d-d965ccfc6d4b" outcome="Passed" testListId="8c84fa94-04c1-424b-9868-57a2d4851a1d" relativeResultsDirectory="05765334-1244-47fc-97cc-7e0759b3d02e" />
    <UnitTestResult executionId="3a417d4a-be9b-4575-97ca-3a231994fee3" testId="d594953d-1aca-2ee9-a2c0-9080109c2d8f" testName="DovahLinkValidationClient.Tests.AuthScenarioTests.SixthAuthenticationAttemptWithinTheWindowIsRateLimited" computerName="IZAZENPRO" duration="00:00:00.0271246" startTime="2026-08-21T10:17:36.2294615+01:00" endTime="2026-08-21T10:17:36.2294618+01:00" testType="13cdc9d9-ddb5-4fa4-a97d-d965ccfc6d4b" outcome="Passed" testListId="8c84fa94-04c1-424b-9868-57a2d4851a1d" relativeResultsDirectory="3a417d4a-be9b-4575-97ca-3a231994fee3" />
    <UnitTestResult executionId="58cce267-ccf0-4c7b-a7ed-ad9af47a5056" testId="fedb5f49-d5db-213c-9411-14e1c28316d3" testName="DovahLinkValidationClient.Tests.CapabilitiesScenarioTests.OneUnregisteredIdAmongOthersStillRejectsTheWholeMessage" computerName="IZAZENPRO" duration="00:00:00.0258336" startTime="2026-08-21T10:17:30.4684978+01:00" endTime="2026-08-21T10:17:30.4684980+01:00" testType="13cdc9d9-ddb5-4fa4-a97d-d965ccfc6d4b" outcome="Passed" testListId="8c84fa94-04c1-424b-9868-57a2d4851a1d" relativeResultsDirectory="58cce267-ccf0-4c7b-a7ed-ad9af47a5056" />
    <UnitTestResult executionId="9edd3949-208c-4be5-a988-9342917a7715" testId="cf01bab3-fa0f-bed3-b2dc-a437a90a24d6" testName="DovahLinkValidationClient.Tests.PairingScenarioTests.CancelActiveChallengeClearsAndAllowsFreshPairing" computerName="IZAZENPRO" duration="00:00:00.0209927" startTime="2026-08-21T10:18:16.5940113+01:00" endTime="2026-08-21T10:18:16.5940115+01:00" testType="13cdc9d9-ddb5-4fa4-a97d-d965ccfc6d4b" outcome="Passed" testListId="8c84fa94-04c1-424b-9868-57a2d4851a1d" relativeResultsDirectory="9edd3949-208c-4be5-a988-9342917a7715" />
    <UnitTestResult executionId="266a29f3-27fe-4b91-a0b4-17ef5388699d" testId="f66ce900-abba-5bf2-8849-7bbef3e1ed02" testName="DovahLinkValidationClient.Tests.PairingScenarioTests.FullPairingRoundTripUpgradesTheSessionAndAllowsSubscribe" computerName="IZAZENPRO" duration="00:00:00.0304495" startTime="2026-08-21T10:18:15.2914478+01:00" endTime="2026-08-21T10:18:15.2914481+01:00" testType="13cdc9d9-ddb5-4fa4-a97d-d965ccfc6d4b" outcome="Passed" testListId="8c84fa94-04c1-424b-9868-57a2d4851a1d" relativeResultsDirectory="266a29f3-27fe-4b91-a0b4-17ef5388699d" />
    <UnitTestResult executionId="9314347b-deef-4822-a834-9d8d109f7a97" testId="04b52858-7043-37d0-a7df-e1ca83bf1f71" testName="DovahLinkValidationClient.Tests.AuthScenarioTests.ReusedTokenIsRejectedOnASecondConnection" computerName="IZAZENPRO" duration="00:00:00.0220387" startTime="2026-08-21T10:17:38.4840083+01:00" endTime="2026-08-21T10:17:38.4840085+01:00" testType="13cdc9d9-ddb5-4fa4-a97d-d965ccfc6d4b" outcome="Passed" testListId="8c84fa94-04c1-424b-9868-57a2d4851a1d" relativeResultsDirectory="9314347b-deef-4822-a834-9d8d109f7a97" />
    <UnitTestResult executionId="a4618829-4b00-4440-a9d5-d9b33be9f310" testId="0d9d9494-ce9b-4c1b-c97d-82b83e9acea6" testName="DovahLinkValidationClient.Tests.EnvelopeTests.DecodeRejectsAnEmptyStringBridgeInstanceId" computerName="IZAZENPRO" duration="00:00:00.0000945" startTime="2026-08-21T10:18:16.6859515+01:00" endTime="2026-08-21T10:18:16.6859516+01:00" testType="13cdc9d9-ddb5-4fa4-a97d-d965ccfc6d4b" outcome="Passed" testListId="8c84fa94-04c1-424b-9868-57a2d4851a1d" relativeResultsDirectory="a4618829-4b00-4440-a9d5-d9b33be9f310" />
    <UnitTestResult executionId="87d97277-5f10-48b6-84ca-77c7802f9e43" testId="fc5f4495-a9a1-a8db-5ca8-2f990fc25dd6" testName="DovahLinkValidationClient.Tests.ReconnectScenarioTests.AClientThatNeverSendsHelloIsClosedWithinTheHandshakeTimeout" computerName="IZAZENPRO" duration="00:00:05.0365526" startTime="2026-08-21T10:17:35.6625012+01:00" endTime="2026-08-21T10:17:35.6625014+01:00" testType="13cdc9d9-ddb5-4fa4-a97d-d965ccfc6d4b" outcome="Passed" testListId="8c84fa94-04c1-424b-9868-57a2d4851a1d" relativeResultsDirectory="87d97277-5f10-48b6-84ca-77c7802f9e43" />
    <UnitTestResult executionId="e5d92604-2ef9-4f33-b6cd-f345a0513554" testId="6f9b9274-988e-b2d4-fdb6-49a9d0791a17" testName="DovahLinkValidationClient.Tests.HarnessProcessTests.WaitForReadyAsyncReturnsTheBridgeInstanceIdAfterReady" computerName="IZAZENPRO" duration="00:00:00.0217058" startTime="2026-08-21T10:17:29.3660155+01:00" endTime="2026-08-21T10:17:29.3660155+01:00" testType="13cdc9d9-ddb5-4fa4-a97d-d965ccfc6d4b" outcome="Passed" testListId="8c84fa94-04c1-424b-9868-57a2d4851a1d" relativeResultsDirectory="e5d92604-2ef9-4f33-b6cd-f345a0513554" />
    <UnitTestResult executionId="3fe40442-c42b-4c8b-89bd-0521549dc23f" testId="ecbe7f45-90ef-0d1d-4e78-7347c80f4492" testName="DovahLinkValidationClient.Tests.ClientIdentityTests.CurrentIsANonEmptyGuid" computerName="IZAZENPRO" duration="00:00:00.0008884" startTime="2026-08-21T10:17:29.8053358+01:00" endTime="2026-08-21T10:17:29.8053359+01:00" testType="13cdc9d9-ddb5-4fa4-a97d-d965ccfc6d4b" outcome="Passed" testListId="8c84fa94-04c1-424b-9868-57a2d4851a1d" relativeResultsDirectory="3fe40442-c42b-4c8b-89bd-0521549dc23f" />
    <UnitTestResult executionId="09ec81e1-64a0-4857-98b5-90d93ab6f0a4" testId="5026bf6c-24ee-267a-56a4-71186ccdd670" testName="DovahLinkValidationClient.Tests.BridgeVersionScenarioTests.ExecuteAsyncReturnsFailureWhenHelloAckCarriesNoSessionId" computerName="IZAZENPRO" duration="00:00:00.0008388" startTime="2026-08-21T10:17:29.8021147+01:00" endTime="2026-08-21T10:17:29.8021155+01:00" testType="13cdc9d9-ddb5-4fa4-a97d-d965ccfc6d4b" outcome="Passed" testListId="8c84fa94-04c1-424b-9868-57a2d4851a1d" relativeResultsDirectory="09ec81e1-64a0-4857-98b5-90d93ab6f0a4" />
    <UnitTestResult executionId="a8dc5128-58e1-4a5e-9ea0-5589de596820" testId="bd4cd1f4-f564-fde1-6f9f-bb7f7a081716" testName="DovahLinkValidationClient.Tests.ReconnectScenarioTests.AbruptDisconnectMidRequestLeavesTheBridgeHealthyForTheNextConnectionAttempt" computerName="IZAZENPRO" duration="00:00:00.0258917" startTime="2026-08-21T10:17:30.6254992+01:00" endTime="2026-08-21T10:17:30.6254996+01:00" testType="13cdc9d9-ddb5-4fa4-a97d-d965ccfc6d4b" outcome="Passed" testListId="8c84fa94-04c1-424b-9868-57a2d4851a1d" relativeResultsDirectory="a8dc5128-58e1-4a5e-9ea0-5589de596820" />
    <UnitTestResult executionId="f78dbc03-56c8-4139-a1ab-b609e185f55f" testId="83b36505-27a6-c471-f741-0a5356d53a2d" testName="DovahLinkValidationClient.Tests.LimitsScenarioTests.StringAndArrayExactlyAtTheLimitAreAcceptedNormally" computerName="IZAZENPRO" duration="00:00:00.0248355" startTime="2026-08-21T10:17:30.0001887+01:00" endTime="2026-08-21T10:17:30.0001890+01:00" testType="13cdc9d9-ddb5-4fa4-a97d-d965ccfc6d4b" outcome="Passed" testListId="8c84fa94-04c1-424b-9868-57a2d4851a1d" relativeResultsDirectory="f78dbc03-56c8-4139-a1ab-b609e185f55f" />
    <UnitTestResult executionId="2300c7bb-2ea2-44d5-9f91-0de07d39b529" testId="9e0f932f-321c-565f-3ee9-6f84e9ac5fda" testName="DovahLinkValidationClient.Tests.LimitsScenarioTests.ObjectMemberKeyLongerThanTheLimitIsRejectedAsMalformedMessage" computerName="IZAZENPRO" duration="00:00:00.0221481" startTime="2026-08-21T10:17:29.8790773+01:00" endTime="2026-08-21T10:17:29.8790778+01:00" testType="13cdc9d9-ddb5-4fa4-a97d-d965ccfc6d4b" outcome="Passed" testListId="8c84fa94-04c1-424b-9868-57a2d4851a1d" relativeResultsDirectory="2300c7bb-2ea2-44d5-9f91-0de07d39b529" />
    <UnitTestResult executionId="7be21d51-5cae-4cc8-8bae-047574e0cbd3" testId="fe827aa0-e6a4-62f1-264f-c8aae13f212a" testName="DovahLinkValidationClient.Tests.BridgeVersionCompatibilityTests.EvaluateReturnsBridgeNewerThanSupportedForANewerVersion" computerName="IZAZENPRO" duration="00:00:00.0042450" startTime="2026-08-21T10:17:29.3385644+01:00" endTime="2026-08-21T10:17:29.3385647+01:00" testType="13cdc9d9-ddb5-4fa4-a97d-d965ccfc6d4b" outcome="Passed" testListId="8c84fa94-04c1-424b-9868-57a2d4851a1d" relativeResultsDirectory="7be21d51-5cae-4cc8-8bae-047574e0cbd3" />
    <UnitTestResult executionId="83c4c6e8-6414-4f97-a1d9-1fc3ce649fef" testId="ea2501d9-dd12-d39c-222c-3910a23b97a9" testName="DovahLinkValidationClient.Tests.HarnessProcessTests.WaitForExitCoordinationHonorsCancellation" computerName="IZAZENPRO" duration="00:00:00.1037878" startTime="2026-08-21T10:17:29.5858577+01:00" endTime="2026-08-21T10:17:29.5858580+01:00" testType="13cdc9d9-ddb5-4fa4-a97d-d965ccfc6d4b" outcome="Passed" testListId="8c84fa94-04c1-424b-9868-57a2d4851a1d" relativeResultsDirectory="83c4c6e8-6414-4f97-a1d9-1fc3ce649fef" />
    <UnitTestResult executionId="be4f8dc1-5262-4aef-be23-cda69b0cd3ef" testId="f1c633b1-93a6-5fd2-8a2d-de113aaf01a0" testName="DovahLinkValidationClient.Tests.BridgeVersionScenarioTests.ExecuteAsyncDisconnectsWithoutContinuingWhenSubscriptionAckMessageTypeIsUnexpected" computerName="IZAZENPRO" duration="00:00:00.0006630" startTime="2026-08-21T10:17:29.7980173+01:00" endTime="2026-08-21T10:17:29.7980173+01:00" testType="13cdc9d9-ddb5-4fa4-a97d-d965ccfc6d4b" outcome="Passed" testListId="8c84fa94-04c1-424b-9868-57a2d4851a1d" relativeResultsDirectory="be4f8dc1-5262-4aef-be23-cda69b0cd3ef" />
    <UnitTestResult executionId="a5929137-324e-4626-bc79-5cd325969e86" testId="e827624b-93da-aadd-3704-6f43c6b38cf7" testName="DovahLinkValidationClient.Tests.BridgeScenarioTests.FailedHandshakeSetupReleasesTheHarnessPort" computerName="IZAZENPRO" duration="00:00:00.0705527" startTime="2026-08-21T10:17:36.0079197+01:00" endTime="2026-08-21T10:17:36.0079200+01:00" testType="13cdc9d9-ddb5-4fa4-a97d-d965ccfc6d4b" outcome="Passed" testListId="8c84fa94-04c1-424b-9868-57a2d4851a1d" relativeResultsDirectory="a5929137-324e-4626-bc79-5cd325969e86" />
    <UnitTestResult executionId="e39150ce-c2bb-4c63-9981-2476fc26c50d" testId="0a337ad9-bbb3-0aba-4b30-91ee029ca12c" testName="DovahLinkValidationClient.Tests.LimitsScenarioTests.ValidJsonThatIsNotAnEnvelopeObjectIsRejectedAsMalformedMessage" computerName="IZAZENPRO" duration="00:00:00.0261498" startTime="2026-08-21T10:17:30.2133553+01:00" endTime="2026-08-21T10:17:30.2133555+01:00" testType="13cdc9d9-ddb5-4fa4-a97d-d965ccfc6d4b" outcome="Passed" testListId="8c84fa94-04c1-424b-9868-57a2d4851a1d" relativeResultsDirectory="e39150ce-c2bb-4c63-9981-2476fc26c50d" />
    <UnitTestResult executionId="f78e6cba-f0f2-4651-84b0-bc8a4b3af4e0" testId="f777b890-290f-4c7c-74ed-5e75a98b0806" testName="DovahLinkValidationClient.Tests.BridgeVersionScenarioTests.ExecuteAsyncRejectsIdentityMismatchBeforeCheckingBridgeVersionCompatibility" computerName="IZAZENPRO" duration="00:00:00.0006370" startTime="2026-08-21T10:17:29.7956578+01:00" endTime="2026-08-21T10:17:29.7956579+01:00" testType="13cdc9d9-ddb5-4fa4-a97d-d965ccfc6d4b" outcome="Passed" testListId="8c84fa94-04c1-424b-9868-57a2d4851a1d" relativeResultsDirectory="f78e6cba-f0f2-4651-84b0-bc8a4b3af4e0" />
    <UnitTestResult executionId="69021a79-3f0b-4095-9d1e-ad930eb181bd" testId="9d3d6d07-22d5-16e4-f722-8874452d9dae" testName="DovahLinkValidationClient.Tests.PairingScenarioTests.GracePeriodExpiryFreesSlotForNewPairing" computerName="IZAZENPRO" duration="00:00:13.0414204" startTime="2026-08-21T10:17:51.5259922+01:00" endTime="2026-08-21T10:17:51.5259925+01:00" testType="13cdc9d9-ddb5-4fa4-a97d-d965ccfc6d4b" outcome="Passed" testListId="8c84fa94-04c1-424b-9868-57a2d4851a1d" relativeResultsDirectory="69021a79-3f0b-4095-9d1e-ad930eb181bd" />
    <UnitTestResult executionId="819e6ea9-16c7-4276-addd-5b41da5b6c97" testId="11954ff3-c081-a27a-ba79-fb9c3b4cacd6" testName="DovahLinkValidationClient.Tests.BridgeConnectionTests.DisposeAsyncDoesNotAbortAfterSuccessfulGracefulClose" computerName="IZAZENPRO" duration="00:00:00.0002967" startTime="2026-08-21T10:18:16.6155856+01:00" endTime="2026-08-21T10:18:16.6155857+01:00" testType="13cdc9d9-ddb5-4fa4-a97d-d965ccfc6d4b" outcome="Passed" testListId="8c84fa94-04c1-424b-9868-57a2d4851a1d" relativeResultsDirectory="819e6ea9-16c7-4276-addd-5b41da5b6c97" />
    <UnitTestResult executionId="16c20e00-c268-4fec-94f7-247539670128" testId="1aa067a5-a9d0-6dc1-fa86-acdf011db71c" testName="DovahLinkValidationClient.Tests.StateScenarioTests.DuplicateAreasInSubscribeAreDedupedInTheAckAndYieldExactlyOneSnapshot" computerName="IZAZENPRO" duration="00:00:00.0323305" startTime="2026-08-21T10:17:35.8290252+01:00" endTime="2026-08-21T10:17:35.8290254+01:00" testType="13cdc9d9-ddb5-4fa4-a97d-d965ccfc6d4b" outcome="Passed" testListId="8c84fa94-04c1-424b-9868-57a2d4851a1d" relativeResultsDirectory="16c20e00-c268-4fec-94f7-247539670128" />
    <UnitTestResult executionId="37183a8f-6d00-413a-aa9f-98e206d098f0" testId="ac14a463-82b5-1b93-2694-9fe9215a5ff5" testName="DovahLinkValidationClient.Tests.PairingScenarioTests.BlockWhileConnectedClosesTheSessionAndAFreshPairingSucceedsAfterUnblock" computerName="IZAZENPRO" duration="00:00:00.0480863" startTime="2026-08-21T10:17:52.7365038+01:00" endTime="2026-08-21T10:17:52.7365041+01:00" testType="13cdc9d9-ddb5-4fa4-a97d-d965ccfc6d4b" outcome="Passed" testListId="8c84fa94-04c1-424b-9868-57a2d4851a1d" relativeResultsDirectory="37183a8f-6d00-413a-aa9f-98e206d098f0" />
    <UnitTestResult executionId="3b123093-5479-4dd2-b058-15278df26367" testId="8f55bf43-e07e-de5c-a006-bb97ba10d112" testName="DovahLinkValidationClient.Tests.BridgeVersionScenarioTests.ExecuteAsyncFailsWithoutCheckingCompatibilityWhenTheBridgeRejectsHello" computerName="IZAZENPRO" duration="00:00:00.0005089" startTime="2026-08-21T10:17:29.7479164+01:00" endTime="2026-08-21T10:17:29.7479164+01:00" testType="13cdc9d9-ddb5-4fa4-a97d-d965ccfc6d4b" outcome="Passed" testListId="8c84fa94-04c1-424b-9868-57a2d4851a1d" relativeResultsDirectory="3b123093-5479-4dd2-b058-15278df26367" />
    <UnitTestResult executionId="71dc1ffe-68d8-48f9-b590-cde426ed72ac" testId="60898e2a-c4a1-06c3-b44f-c56d779e391c" testName="DovahLinkValidationClient.Tests.AuthScenarioTests.ConcurrentConnectionAttemptsRaceForTheOneSlotAndExactlyOneWins" computerName="IZAZENPRO" duration="00:00:00.1073439" startTime="2026-08-21T10:17:38.3870679+01:00" endTime="2026-08-21T10:17:38.3870681+01:00" testType="13cdc9d9-ddb5-4fa4-a97d-d965ccfc6d4b" outcome="Passed" testListId="8c84fa94-04c1-424b-9868-57a2d4851a1d" relativeResultsDirectory="71dc1ffe-68d8-48f9-b590-cde426ed72ac" />
    <UnitTestResult executionId="83344176-7eb3-457b-8369-60a45a94cb65" testId="50ed2c4e-dece-116d-8216-dc78370d0903" testName="DovahLinkValidationClient.Tests.EnvelopeTests.DecodeRejectsAnEmptyStringPlayContextId" computerName="IZAZENPRO" duration="00:00:00.0000838" startTime="2026-08-21T10:18:16.6860724+01:00" endTime="2026-08-21T10:18:16.6860725+01:00" testType="13cdc9d9-ddb5-4fa4-a97d-d965ccfc6d4b" outcome="Passed" testListId="8c84fa94-04c1-424b-9868-57a2d4851a1d" relativeResultsDirectory="83344176-7eb3-457b-8369-60a45a94cb65" />
    <UnitTestResult executionId="578c7056-776a-4377-bad0-c8753c11d883" testId="df022da4-9f6a-d731-4f7f-7f5794336c24" testName="DovahLinkValidationClient.Tests.PairingScenarioTests.WrongCodeYieldsAnInvalidOutcome" computerName="IZAZENPRO" duration="00:00:00.0192580" startTime="2026-08-21T10:18:16.6135516+01:00" endTime="2026-08-21T10:18:16.6135519+01:00" testType="13cdc9d9-ddb5-4fa4-a97d-d965ccfc6d4b" outcome="Passed" testListId="8c84fa94-04c1-424b-9868-57a2d4851a1d" relativeResultsDirectory="578c7056-776a-4377-bad0-c8753c11d883" />
    <UnitTestResult executionId="56448e15-2d69-490d-a388-c25fe985eaf4" testId="f76cfb80-c1b1-98b4-c12b-a1402f9d0e99" testName="DovahLinkValidationClient.Tests.HarnessProcessTests.WaitForReadyAsyncThrowsWhenTheBridgeInstanceIdIsBlank" computerName="IZAZENPRO" duration="00:00:00.0203850" startTime="2026-08-21T10:17:29.7021182+01:00" endTime="2026-08-21T10:17:29.7021186+01:00" testType="13cdc9d9-ddb5-4fa4-a97d-d965ccfc6d4b" outcome="Passed" testListId="8c84fa94-04c1-424b-9868-57a2d4851a1d" relativeResultsDirectory="56448e15-2d69-490d-a388-c25fe985eaf4" />
    <UnitTestResult executionId="453a51c1-598b-4f61-8100-4617155226d3" testId="c6d7a7df-446c-fe10-1315-3e4866298ce6" testName="DovahLinkValidationClient.Tests.PairingScenarioTests.FiveWrongAttemptsReachesHardLimitAndCancelsChallenge" computerName="IZAZENPRO" duration="00:00:16.4491132" startTime="2026-08-21T10:18:15.2603716+01:00" endTime="2026-08-21T10:18:15.2603728+01:00" testType="13cdc9d9-ddb5-4fa4-a97d-d965ccfc6d4b" outcome="Passed" testListId="8c84fa94-04c1-424b-9868-57a2d4851a1d" relativeResultsDirectory="453a51c1-598b-4f61-8100-4617155226d3" />
    <UnitTestResult executionId="d26ccdee-1e8c-498b-b4c2-e28eeabd6b34" testId="bdb3630a-5901-4bd5-5a78-9ee4c44dc4c0" testName="DovahLinkValidationClient.Tests.CapabilitiesScenarioTests.EmptyClientCapabilitiesListIsAcceptedWithNoResponse" computerName="IZAZENPRO" duration="00:00:00.0297392" startTime="2026-08-21T10:17:30.5710046+01:00" endTime="2026-08-21T10:17:30.5710050+01:00" testType="13cdc9d9-ddb5-4fa4-a97d-d965ccfc6d4b" outcome="Passed" testListId="8c84fa94-04c1-424b-9868-57a2d4851a1d" relativeResultsDirectory="d26ccdee-1e8c-498b-b4c2-e28eeabd6b34" />
    <UnitTestResult executionId="ec6e66a1-04df-4e2c-81a4-168216a3b6ce" testId="6ca993c9-44ff-c45f-54e0-b385383a392b" testName="DovahLinkValidationClient.Tests.BridgeVersionScenarioTests.ExecuteAsyncDisconnectsWithoutContinuingWhenStateSnapshotMessageTypeIsUnexpected" computerName="IZAZENPRO" duration="00:00:00.0006410" startTime="2026-08-21T10:17:29.8005355+01:00" endTime="2026-08-21T10:17:29.8005355+01:00" testType="13cdc9d9-ddb5-4fa4-a97d-d965ccfc6d4b" outcome="Passed" testListId="8c84fa94-04c1-424b-9868-57a2d4851a1d" relativeResultsDirectory="ec6e66a1-04df-4e2c-81a4-168216a3b6ce" />
    <UnitTestResult executionId="43e16944-fe00-47b1-9337-a7a3f7e9be72" testId="59684e3d-4483-b2a4-8148-8905dda96998" testName="DovahLinkValidationClient.Tests.EnvelopeTests.EncodeThenDecodeRoundTripsMixedIdentityFields" computerName="IZAZENPRO" duration="00:00:00.0000706" startTime="2026-08-21T10:18:16.6876670+01:00" endTime="2026-08-21T10:18:16.6876671+01:00" testType="13cdc9d9-ddb5-4fa4-a97d-d965ccfc6d4b" outcome="Passed" testListId="8c84fa94-04c1-424b-9868-57a2d4851a1d" relativeResultsDirectory="43e16944-fe00-47b1-9337-a7a3f7e9be72" />
    <UnitTestResult executionId="74581181-72d2-4251-bfce-6ebade5e13ab" testId="61af163a-d463-841f-5121-55fff88c747e" testName="DovahLinkValidationClient.Tests.BridgeScenarioTests.ReadPlayContextReportAsyncThrowsWhenTheLineIsMissingItsPrefix" computerName="IZAZENPRO" duration="00:00:00.0228557" startTime="2026-08-21T10:17:36.0554246+01:00" endTime="2026-08-21T10:17:36.0554248+01:00" testType="13cdc9d9-ddb5-4fa4-a97d-d965ccfc6d4b" outcome="Passed" testListId="8c84fa94-04c1-424b-9868-57a2d4851a1d" relativeResultsDirectory="74581181-72d2-4251-bfce-6ebade5e13ab" />
    <UnitTestResult executionId="c85fc044-c21d-4b82-8c46-f87efebe5b3c" testId="8573504b-e9d0-498f-b388-c927dc61142f" testName="DovahLinkValidationClient.Tests.RestartScenarioTests.PairedTrustSurvivesAFullHarnessProcessRestart" computerName="IZAZENPRO" duration="00:00:00.0542146" startTime="2026-08-21T10:17:30.3802976+01:00" endTime="2026-08-21T10:17:30.3802979+01:00" testType="13cdc9d9-ddb5-4fa4-a97d-d965ccfc6d4b" outcome="Passed" testListId="8c84fa94-04c1-424b-9868-57a2d4851a1d" relativeResultsDirectory="c85fc044-c21d-4b82-8c46-f87efebe5b3c" />
    <UnitTestResult executionId="6fb37a55-c2da-4f3a-b399-65d41ddc8d82" testId="f089798c-e8b9-7fe8-893b-e302229088ed" testName="DovahLinkValidationClient.Tests.LimitsScenarioTests.FrameLargerThanTheLimitClosesTheConnectionWithNoResponse" computerName="IZAZENPRO" duration="00:00:00.0540417" startTime="2026-08-21T10:17:30.1059335+01:00" endTime="2026-08-21T10:17:30.1059338+01:00" testType="13cdc9d9-ddb5-4fa4-a97d-d965ccfc6d4b" outcome="Passed" testListId="8c84fa94-04c1-424b-9868-57a2d4851a1d" relativeResultsDirectory="6fb37a55-c2da-4f3a-b399-65d41ddc8d82" />
    <UnitTestResult executionId="930d8de2-78f6-4f12-92b6-b763ed69db8b" testId="0535ab62-9867-a146-c6b8-f21b45746c0c" testName="DovahLinkValidationClient.Tests.BridgeVersionScenarioTests.ExecuteAsyncDisconnectsWithoutContinuingWhenHelloAckClientIdIsMismatched" computerName="IZAZENPRO" duration="00:00:00.0010207" startTime="2026-08-21T10:17:29.7436635+01:00" endTime="2026-08-21T10:17:29.7436636+01:00" testType="13cdc9d9-ddb5-4fa4-a97d-d965ccfc6d4b" outcome="Passed" testListId="8c84fa94-04c1-424b-9868-57a2d4851a1d" relativeResultsDirectory="930d8de2-78f6-4f12-92b6-b763ed69db8b" />
    <UnitTestResult executionId="481024d8-fbce-4265-beb2-8a8b5e140ae8" testId="35fd9650-561d-073e-3958-5ea9b0c47140" testName="DovahLinkValidationClient.Tests.EnvelopeTests.DecodeRejectsMissingBridgeInstanceId" computerName="IZAZENPRO" duration="00:00:00.0000826" startTime="2026-08-21T10:18:16.6882405+01:00" endTime="2026-08-21T10:18:16.6882408+01:00" testType="13cdc9d9-ddb5-4fa4-a97d-d965ccfc6d4b" outcome="Passed" testListId="8c84fa94-04c1-424b-9868-57a2d4851a1d" relativeResultsDirectory="481024d8-fbce-4265-beb2-8a8b5e140ae8" />
    <UnitTestResult executionId="58789ef1-a40a-4c08-a8b9-1ce33d135d80" testId="4a61b7f6-1cf9-2cc6-6570-8e6fb5714ff5" testName="DovahLinkValidationClient.Tests.LimitsScenarioTests.ObjectWithExactlyTheMaxMemberCountIsAcceptedNormally" computerName="IZAZENPRO" duration="00:00:00.0227631" startTime="2026-08-21T10:17:30.2366202+01:00" endTime="2026-08-21T10:17:30.2366205+01:00" testType="13cdc9d9-ddb5-4fa4-a97d-d965ccfc6d4b" outcome="Passed" testListId="8c84fa94-04c1-424b-9868-57a2d4851a1d" relativeResultsDirectory="58789ef1-a40a-4c08-a8b9-1ce33d135d80" />
    <UnitTestResult executionId="532d5ce4-3948-4c11-92dc-0b5a67e3e5d2" testId="d3cfffdc-fc8d-9024-bf37-fc6873b9d9b4" testName="DovahLinkValidationClient.Tests.StateScenarioTests.UnregisteredStateAreaIsRejectedInSubscriptionAckWithoutASnapshot" computerName="IZAZENPRO" duration="00:00:00.0392686" startTime="2026-08-21T10:17:35.7025362+01:00" endTime="2026-08-21T10:17:35.7025365+01:00" testType="13cdc9d9-ddb5-4fa4-a97d-d965ccfc6d4b" outcome="Passed" testListId="8c84fa94-04c1-424b-9868-57a2d4851a1d" relativeResultsDirectory="532d5ce4-3948-4c11-92dc-0b5a67e3e5d2" />
    <UnitTestResult executionId="5ad9f294-844c-4ffa-8aa9-9d049337f750" testId="6209cdb5-936a-250a-8be0-7b0685a777d1" testName="DovahLinkValidationClient.Tests.AuthScenarioTests.InvalidTokenIsRejectedAndTheRealTokenStaysAvailable" computerName="IZAZENPRO" duration="00:00:00.0219581" startTime="2026-08-21T10:17:38.2792034+01:00" endTime="2026-08-21T10:17:38.2792037+01:00" testType="13cdc9d9-ddb5-4fa4-a97d-d965ccfc6d4b" outcome="Passed" testListId="8c84fa94-04c1-424b-9868-57a2d4851a1d" relativeResultsDirectory="5ad9f294-844c-4ffa-8aa9-9d049337f750" />
    <UnitTestResult executionId="ae37103a-a4e7-4e91-a19e-8b19d96bb6c1" testId="0c8051b5-c0f5-24ab-8873-e5d7c851e565" testName="DovahLinkValidationClient.Tests.BridgeScenarioTests.ReadPlayContextReportAsyncThrowsWhenTheOutputStreamEndsFirst" computerName="IZAZENPRO" duration="00:00:00.0238199" startTime="2026-08-21T10:17:36.0321928+01:00" endTime="2026-08-21T10:17:36.0321935+01:00" testType="13cdc9d9-ddb5-4fa4-a97d-d965ccfc6d4b" outcome="Passed" testListId="8c84fa94-04c1-424b-9868-57a2d4851a1d" relativeResultsDirectory="ae37103a-a4e7-4e91-a19e-8b19d96bb6c1" />
    <UnitTestResult executionId="526ce74d-cb40-4e25-a684-4656ad7cd481" testId="9934db83-efa5-ba5c-98ee-f1debdeb8c72" testName="DovahLinkValidationClient.Tests.BridgeConnectionTests.DisposeAsyncAbortsAfterTheGracefulCloseDeadline" computerName="IZAZENPRO" duration="00:00:00.0381179" startTime="2026-08-21T10:18:16.6541380+01:00" endTime="2026-08-21T10:18:16.6541384+01:00" testType="13cdc9d9-ddb5-4fa4-a97d-d965ccfc6d4b" outcome="Passed" testListId="8c84fa94-04c1-424b-9868-57a2d4851a1d" relativeResultsDirectory="526ce74d-cb40-4e25-a684-4656ad7cd481" />
    <UnitTestResult executionId="2491cfa9-5449-40f6-8d8c-177b11f5cfd8" testId="bc0f7f51-bf6e-1cff-c225-6eb17333b053" testName="DovahLinkValidationClient.Tests.PairingScenarioTests.RevokedCredentialReconnectReceivesARevokedOutcome" computerName="IZAZENPRO" duration="00:00:00.0301611" startTime="2026-08-21T10:18:16.5723542+01:00" endTime="2026-08-21T10:18:16.5723545+01:00" testType="13cdc9d9-ddb5-4fa4-a97d-d965ccfc6d4b" outcome="Passed" testListId="8c84fa94-04c1-424b-9868-57a2d4851a1d" relativeResultsDirectory="2491cfa9-5449-40f6-8d8c-177b11f5cfd8" />
    <UnitTestResult executionId="2d71b572-7a19-4edf-93bd-0dcb7db98f0f" testId="97491eb3-68eb-06cd-cd13-8f5d17dac9ea" testName="DovahLinkValidationClient.Tests.BridgeVersionCompatibilityTests.EvaluateReturnsSupportedForTheDeclaredSupportedVersion" computerName="IZAZENPRO" duration="00:00:00.0000483" startTime="2026-08-21T10:17:29.3389418+01:00" endTime="2026-08-21T10:17:29.3389419+01:00" testType="13cdc9d9-ddb5-4fa4-a97d-d965ccfc6d4b" outcome="Passed" testListId="8c84fa94-04c1-424b-9868-57a2d4851a1d" relativeResultsDirectory="2d71b572-7a19-4edf-93bd-0dcb7db98f0f" />
    <UnitTestResult executionId="67729457-a833-43e4-b241-3d02141b427c" testId="dd2542e1-c368-bcd7-a6af-2ae523752bd3" testName="DovahLinkValidationClient.Tests.ReconnectScenarioTests.ForeignSessionIdOnAnAuthenticatedConnectionIsRejectedAsStaleSession" computerName="IZAZENPRO" duration="00:00:00.0272886" startTime="2026-08-21T10:17:30.5992015+01:00" endTime="2026-08-21T10:17:30.5992021+01:00" testType="13cdc9d9-ddb5-4fa4-a97d-d965ccfc6d4b" outcome="Passed" testListId="8c84fa94-04c1-424b-9868-57a2d4851a1d" relativeResultsDirectory="67729457-a833-43e4-b241-3d02141b427c" />
    <UnitTestResult executionId="d343deb0-d3a9-41f7-95e4-b2f5aafe31d6" testId="aa8a09bc-ff68-1f76-4637-8ad67f633c07" testName="DovahLinkValidationClient.Tests.RedactionScenarioTests.PairingSecretsNeverAppearOutsideTheirDesignatedResponse" computerName="IZAZENPRO" duration="00:00:00.0308315" startTime="2026-08-21T10:17:36.1776190+01:00" endTime="2026-08-21T10:17:36.1776192+01:00" testType="13cdc9d9-ddb5-4fa4-a97d-d965ccfc6d4b" outcome="Passed" testListId="8c84fa94-04c1-424b-9868-57a2d4851a1d" relativeResultsDirectory="d343deb0-d3a9-41f7-95e4-b2f5aafe31d6" />
    <UnitTestResult executionId="9e7c2a36-728d-4c32-9d0c-8416c3df5cac" testId="62b8a6e2-4f2d-1a06-a35b-35b629265e9e" testName="DovahLinkValidationClient.Tests.HarnessProcessTests.WaitForReadyAsyncThrowsWhenTheFirstLineIsNotReady" computerName="IZAZENPRO" duration="00:00:00.0248857" startTime="2026-08-21T10:17:29.6811983+01:00" endTime="2026-08-21T10:17:29.6811987+01:00" testType="13cdc9d9-ddb5-4fa4-a97d-d965ccfc6d4b" outcome="Passed" testListId="8c84fa94-04c1-424b-9868-57a2d4851a1d" relativeResultsDirectory="9e7c2a36-728d-4c32-9d0c-8416c3df5cac" />
    <UnitTestResult executionId="ccd59132-5b7a-499b-92a1-ee69ce5b1e99" testId="f1281924-f8ab-bfe6-3dc9-d1c5258591c3" testName="DovahLinkValidationClient.Tests.EnvelopeTests.DecodeRejectsMissingPlayContextId" computerName="IZAZENPRO" duration="00:00:00.0000869" startTime="2026-08-21T10:18:16.6859720+01:00" endTime="2026-08-21T10:18:16.6859720+01:00" testType="13cdc9d9-ddb5-4fa4-a97d-d965ccfc6d4b" outcome="Passed" testListId="8c84fa94-04c1-424b-9868-57a2d4851a1d" relativeResultsDirectory="ccd59132-5b7a-499b-92a1-ee69ce5b1e99" />
  </Results>
  <TestDefinitions>
    <UnitTest name="DovahLinkValidationClient.Tests.RenameScenarioTests.RestrictedSessionRejectsRenameRequest" storage="c:\projects\dovahlink\integration\dovahlinkvalidationclient.tests\bin\release\net9.0\dovahlinkvalidationclient.tests.dll" id="a6f420f4-deca-66e8-9f4b-06e8bcc44f38">
      <Execution id="32331439-fd89-4f27-94d2-82630419f48d" />
      <TestMethod codeBase="C:\Projects\DovahLink\integration\DovahLinkValidationClient.Tests\bin\Release\net9.0\DovahLinkValidationClient.Tests.dll" adapterTypeName="executor://xunit/VsTestRunner2/netcoreapp" className="DovahLinkValidationClient.Tests.RenameScenarioTests" name="RestrictedSessionRejectsRenameRequest" />
    </UnitTest>
    <UnitTest name="DovahLinkValidationClient.Tests.ReconnectScenarioTests.AClientThatNeverSendsHelloIsClosedWithinTheHandshakeTimeout" storage="c:\projects\dovahlink\integration\dovahlinkvalidationclient.tests\bin\release\net9.0\dovahlinkvalidationclient.tests.dll" id="fc5f4495-a9a1-a8db-5ca8-2f990fc25dd6">
      <Execution id="87d97277-5f10-48b6-84ca-77c7802f9e43" />
      <TestMethod codeBase="C:\Projects\DovahLink\integration\DovahLinkValidationClient.Tests\bin\Release\net9.0\DovahLinkValidationClient.Tests.dll" adapterTypeName="executor://xunit/VsTestRunner2/netcoreapp" className="DovahLinkValidationClient.Tests.ReconnectScenarioTests" name="AClientThatNeverSendsHelloIsClosedWithinTheHandshakeTimeout" />
    </UnitTest>
    <UnitTest name="DovahLinkValidationClient.Tests.BridgeScenarioTests.ReadPlayContextReportAsyncThrowsWhenTheOutputStreamEndsFirst" storage="c:\projects\dovahlink\integration\dovahlinkvalidationclient.tests\bin\release\net9.0\dovahlinkvalidationclient.tests.dll" id="0c8051b5-c0f5-24ab-8873-e5d7c851e565">
      <Execution id="ae37103a-a4e7-4e91-a19e-8b19d96bb6c1" />
      <TestMethod codeBase="C:\Projects\DovahLink\integration\DovahLinkValidationClient.Tests\bin\Release\net9.0\DovahLinkValidationClient.Tests.dll" adapterTypeName="executor://xunit/VsTestRunner2/netcoreapp" className="DovahLinkValidationClient.Tests.BridgeScenarioTests" name="ReadPlayContextReportAsyncThrowsWhenTheOutputStreamEndsFirst" />
    </UnitTest>
    <UnitTest name="DovahLinkValidationClient.Tests.EnvelopeTests.DecodeRejectsAnEmptyStringPlayContextId" storage="c:\projects\dovahlink\integration\dovahlinkvalidationclient.tests\bin\release\net9.0\dovahlinkvalidationclient.tests.dll" id="50ed2c4e-dece-116d-8216-dc78370d0903">
      <Execution id="83344176-7eb3-457b-8369-60a45a94cb65" />
      <TestMethod codeBase="C:\Projects\DovahLink\integration\DovahLinkValidationClient.Tests\bin\Release\net9.0\DovahLinkValidationClient.Tests.dll" adapterTypeName="executor://xunit/VsTestRunner2/netcoreapp" className="DovahLinkValidationClient.Tests.EnvelopeTests" name="DecodeRejectsAnEmptyStringPlayContextId" />
    </UnitTest>
    <UnitTest name="DovahLinkValidationClient.Tests.PairingScenarioTests.ResumeAfterReconnectWithinGracePeriodReturnsInProgressWithExpirySeconds" storage="c:\projects\dovahlink\integration\dovahlinkvalidationclient.tests\bin\release\net9.0\dovahlinkvalidationclient.tests.dll" id="69d05f45-b45a-7133-a7de-72ef112d2ef0">
      <Execution id="73430b46-88a9-4c13-94c2-4057bb6d6e11" />
      <TestMethod codeBase="C:\Projects\DovahLink\integration\DovahLinkValidationClient.Tests\bin\Release\net9.0\DovahLinkValidationClient.Tests.dll" adapterTypeName="executor://xunit/VsTestRunner2/netcoreapp" className="DovahLinkValidationClient.Tests.PairingScenarioTests" name="ResumeAfterReconnectWithinGracePeriodReturnsInProgressWithExpirySeconds" />
    </UnitTest>
    <UnitTest name="DovahLinkValidationClient.Tests.BridgeVersionScenarioTests.ExecuteAsyncFailsWithoutCheckingCompatibilityWhenTheBridgeRejectsHello" storage="c:\projects\dovahlink\integration\dovahlinkvalidationclient.tests\bin\release\net9.0\dovahlinkvalidationclient.tests.dll" id="8f55bf43-e07e-de5c-a006-bb97ba10d112">
      <Execution id="3b123093-5479-4dd2-b058-15278df26367" />
      <TestMethod codeBase="C:\Projects\DovahLink\integration\DovahLinkValidationClient.Tests\bin\Release\net9.0\DovahLinkValidationClient.Tests.dll" adapterTypeName="executor://xunit/VsTestRunner2/netcoreapp" className="DovahLinkValidationClient.Tests.BridgeVersionScenarioTests" name="ExecuteAsyncFailsWithoutCheckingCompatibilityWhenTheBridgeRejectsHello" />
    </UnitTest>
    <UnitTest name="DovahLinkValidationClient.Tests.StateScenarioTests.SnapshotRequestForAnUnregisteredAreaReturnsUnsupportedCapabilityError" storage="c:\projects\dovahlink\integration\dovahlinkvalidationclient.tests\bin\release\net9.0\dovahlinkvalidationclient.tests.dll" id="fc6c40fd-47ad-a3de-21d8-47fc3bcc0d68">
      <Execution id="4d01e7ad-18d7-46fb-9bba-5d0f98e4d75b" />
      <TestMethod codeBase="C:\Projects\DovahLink\integration\DovahLinkValidationClient.Tests\bin\Release\net9.0\DovahLinkValidationClient.Tests.dll" adapterTypeName="executor://xunit/VsTestRunner2/netcoreapp" className="DovahLinkValidationClient.Tests.StateScenarioTests" name="SnapshotRequestForAnUnregisteredAreaReturnsUnsupportedCapabilityError" />
    </UnitTest>
    <UnitTest name="DovahLinkValidationClient.Tests.LimitsScenarioTests.ObjectWithTooManyMembersIsRejectedAsMalformedMessage" storage="c:\projects\dovahlink\integration\dovahlinkvalidationclient.tests\bin\release\net9.0\dovahlinkvalidationclient.tests.dll" id="a045aa8d-0105-7e59-9a8a-c7cb301cdf7d">
      <Execution id="27052de3-0859-40df-aebd-d1957b3547a1" />
      <TestMethod codeBase="C:\Projects\DovahLink\integration\DovahLinkValidationClient.Tests\bin\Release\net9.0\DovahLinkValidationClient.Tests.dll" adapterTypeName="executor://xunit/VsTestRunner2/netcoreapp" className="DovahLinkValidationClient.Tests.LimitsScenarioTests" name="ObjectWithTooManyMembersIsRejectedAsMalformedMessage" />
    </UnitTest>
[...]
    <TestEntry testId="4731cac3-a6ad-967e-6de5-dc3265741f9d" executionId="50ab18e8-b673-4519-90d7-8a4fd8c2ffd9" testListId="8c84fa94-04c1-424b-9868-57a2d4851a1d" />
    <TestEntry testId="66e41856-1729-b964-2eae-b9b68d313486" executionId="5bd9ae5f-8115-4238-8cc6-31529e778c36" testListId="8c84fa94-04c1-424b-9868-57a2d4851a1d" />
    <TestEntry testId="6ff026ab-db0c-4594-a786-ae95afca6a66" executionId="ee5b5e34-e85a-4ef0-921c-6398eb8b17a9" testListId="8c84fa94-04c1-424b-9868-57a2d4851a1d" />
    <TestEntry testId="6663556e-32c8-9dd5-bc9c-41bb3138e952" executionId="0b453d71-2882-4f02-9670-a9474350584f" testListId="8c84fa94-04c1-424b-9868-57a2d4851a1d" />
    <TestEntry testId="563d9afc-8100-443f-3646-55f819564144" executionId="8c367825-141a-4cae-9c38-8eb188ef0686" testListId="8c84fa94-04c1-424b-9868-57a2d4851a1d" />
    <TestEntry testId="c0906cb2-4bd5-855e-2eac-43c075769d65" executionId="f23e8cc0-d5ba-4420-9c63-80eb69e27ecc" testListId="8c84fa94-04c1-424b-9868-57a2d4851a1d" />
    <TestEntry testId="e1a4cef9-ddd3-da97-4f21-5370c7b2b694" executionId="798b4091-3174-4c0c-ace5-8705dcdb021e" testListId="8c84fa94-04c1-424b-9868-57a2d4851a1d" />
    <TestEntry testId="3059d67e-af38-0ea5-25aa-47b631b43a94" executionId="44d830ac-9357-4e67-a74c-2edced34a914" testListId="8c84fa94-04c1-424b-9868-57a2d4851a1d" />
    <TestEntry testId="4c3ae5ca-d5a4-628b-671f-837707ac8d58" executionId="1ca2751e-c7f6-4b5a-bb31-12574d922583" testListId="8c84fa94-04c1-424b-9868-57a2d4851a1d" />
    <TestEntry testId="78802478-442e-ae6e-f9f9-64b40b01ff56" executionId="bb52b22f-a587-48ed-9753-d8d14b8d6462" testListId="8c84fa94-04c1-424b-9868-57a2d4851a1d" />
    <TestEntry testId="19126409-899b-76d4-1fcc-40b62d6cfcbf" executionId="067087a0-3ec2-46f3-9635-9d2b5ace536e" testListId="8c84fa94-04c1-424b-9868-57a2d4851a1d" />
    <TestEntry testId="148160ac-7a8c-f52d-7585-c9d51ec28040" executionId="c46afee2-0cae-46a5-be2e-cafdc637ac44" testListId="8c84fa94-04c1-424b-9868-57a2d4851a1d" />
    <TestEntry testId="89c8cce1-14b4-e0a9-ac72-d3e733cb3465" executionId="d492bbef-46ec-4f9a-b42e-a814acd81d74" testListId="8c84fa94-04c1-424b-9868-57a2d4851a1d" />
    <TestEntry testId="242effc4-7c34-5c9e-623a-8670d65e9504" executionId="6eb6e188-38f8-4fab-a913-9e30f14e17f4" testListId="8c84fa94-04c1-424b-9868-57a2d4851a1d" />
    <TestEntry testId="99c6944c-c0ab-870f-6386-a6af7726629e" executionId="9d0a9cb2-f964-41b5-bc9b-14409c2ffa77" testListId="8c84fa94-04c1-424b-9868-57a2d4851a1d" />
    <TestEntry testId="c78e547b-2b35-c968-d60f-b7f3d048bea1" executionId="a454f2b8-0d90-4780-93fa-73ee6a0cc7c9" testListId="8c84fa94-04c1-424b-9868-57a2d4851a1d" />
    <TestEntry testId="e71e36b7-7d32-ada2-4abf-520161ba4e21" executionId="0ac3361b-e5b7-4005-9557-2ac096e8a12c" testListId="8c84fa94-04c1-424b-9868-57a2d4851a1d" />
    <TestEntry testId="d4a68b9f-78e1-97d9-805c-0b34ceddde21" executionId="baa71fee-9cdf-477e-9185-a8e2bd7e63c8" testListId="8c84fa94-04c1-424b-9868-57a2d4851a1d" />
    <TestEntry testId="3ddac43d-a012-ffc0-c09c-ab13feabf668" executionId="9c983e1a-03fe-46fe-a618-e66c8eae62f3" testListId="8c84fa94-04c1-424b-9868-57a2d4851a1d" />
    <TestEntry testId="b1af73e4-23d3-1196-3384-a6bac1587b7e" executionId="3eb23a2d-1f40-4122-beb1-e772d50f3551" testListId="8c84fa94-04c1-424b-9868-57a2d4851a1d" />
    <TestEntry testId="79e70e30-1333-034c-ed72-1303a1f09f13" executionId="ae716a79-7b00-4d68-b897-22782dbb20bc" testListId="8c84fa94-04c1-424b-9868-57a2d4851a1d" />
    <TestEntry testId="4c1f2f9e-1ffb-f8ca-67dc-068b62f90d22" executionId="a95d224d-3c9b-43c2-8817-8c5eafaf91c5" testListId="8c84fa94-04c1-424b-9868-57a2d4851a1d" />
    <TestEntry testId="921a5162-22ab-58cc-e084-8767b2508398" executionId="83c0124c-fffe-437b-ba46-a7264c568917" testListId="8c84fa94-04c1-424b-9868-57a2d4851a1d" />
    <TestEntry testId="de486395-b4f0-efe1-9490-e4cf245ac2ad" executionId="ca5acc37-335d-4a2c-9e73-0a63d79aeb01" testListId="8c84fa94-04c1-424b-9868-57a2d4851a1d" />
    <TestEntry testId="a6f420f4-deca-66e8-9f4b-06e8bcc44f38" executionId="32331439-fd89-4f27-94d2-82630419f48d" testListId="8c84fa94-04c1-424b-9868-57a2d4851a1d" />
    <TestEntry testId="b84f8b36-70ef-99fb-ede2-1ae26915132e" executionId="5b996e40-9bea-4e0e-9627-b2b51f84e140" testListId="8c84fa94-04c1-424b-9868-57a2d4851a1d" />
    <TestEntry testId="549476e5-8b0d-d08f-c70b-017bc8bac89d" executionId="4da7f337-75cc-4671-a079-bc0a678ea02f" testListId="8c84fa94-04c1-424b-9868-57a2d4851a1d" />
    <TestEntry testId="c3ce5325-427e-bdf8-757a-9a66d828463c" executionId="c9de27f2-c2de-47f7-ab3d-0015defa8342" testListId="8c84fa94-04c1-424b-9868-57a2d4851a1d" />
    <TestEntry testId="f6631c8e-58fb-6a45-09e9-25a4357928c9" executionId="ea05ba67-1845-4a0d-be87-01f122052995" testListId="8c84fa94-04c1-424b-9868-57a2d4851a1d" />
    <TestEntry testId="0343cbff-8456-d2fa-6c95-4f5537571de2" executionId="b350d68b-781d-4d74-9cf3-08eec83eef5b" testListId="8c84fa94-04c1-424b-9868-57a2d4851a1d" />
    <TestEntry testId="bd498c45-9d4b-b7ae-4ff1-dce9acfd97af" executionId="28a2aa3a-160a-4e8c-9cdd-364be102e320" testListId="8c84fa94-04c1-424b-9868-57a2d4851a1d" />
    <TestEntry testId="357c9650-24f3-9a69-5609-4165a464216d" executionId="e84fd4fb-83c0-4fd1-b754-13e1883a322f" testListId="8c84fa94-04c1-424b-9868-57a2d4851a1d" />
    <TestEntry testId="1b2d14cd-094a-a4f7-1c4b-324684bf4f2d" executionId="4129db26-82cd-4a32-89cb-1e684006989e" testListId="8c84fa94-04c1-424b-9868-57a2d4851a1d" />
    <TestEntry testId="2cb4f1c4-234e-6b43-da2d-ade4010f79c4" executionId="996b8a91-316b-4d1e-917e-916e961d498c" testListId="8c84fa94-04c1-424b-9868-57a2d4851a1d" />
    <TestEntry testId="3773689a-ce0b-7ce3-1ef0-c0c2e8b5df84" executionId="bd72f194-4ac4-4b7f-8220-5f5affee74ed" testListId="8c84fa94-04c1-424b-9868-57a2d4851a1d" />
    <TestEntry testId="2b65de7c-7256-a3ce-7555-71230c1c932f" executionId="13ecad08-5c72-4400-ab46-b574d5f4c4d1" testListId="8c84fa94-04c1-424b-9868-57a2d4851a1d" />
    <TestEntry testId="442b2dcb-f1b9-54c4-8f64-e589f4abf1b5" executionId="9deea478-034b-46e5-bb00-7afb817fe337" testListId="8c84fa94-04c1-424b-9868-57a2d4851a1d" />
    <TestEntry testId="6b389d3e-c878-c3d6-3f04-9a63cb3d92ad" executionId="cbebf904-760e-4e31-8d2f-af12f735d485" testListId="8c84fa94-04c1-424b-9868-57a2d4851a1d" />
    <TestEntry testId="a65b6112-870f-7259-0cea-5c4dde1172bd" executionId="9cf0e52b-61ae-4baa-a10b-a4294a0c2f28" testListId="8c84fa94-04c1-424b-9868-57a2d4851a1d" />
    <TestEntry testId="8e308ebf-81f8-f735-d24d-979775a52295" executionId="0ddfdaac-5f2c-4368-8581-882324ad657a" testListId="8c84fa94-04c1-424b-9868-57a2d4851a1d" />
    <TestEntry testId="95f6dc64-bef1-9ee4-fd12-b7ba01bdb7b4" executionId="cc320d74-6941-47b5-b211-44fc99f8d265" testListId="8c84fa94-04c1-424b-9868-57a2d4851a1d" />
    <TestEntry testId="071385c5-116b-892e-66e8-cb1c0b3c9726" executionId="00ec37f8-763e-4fec-96d4-0fb0bf581d95" testListId="8c84fa94-04c1-424b-9868-57a2d4851a1d" />
    <TestEntry testId="9b320f50-18cc-909b-3b3a-9d2d86d90e3f" executionId="16575eaa-3b4c-4692-b956-f6bf8e2805ad" testListId="8c84fa94-04c1-424b-9868-57a2d4851a1d" />
    <TestEntry testId="c8022c1f-bd66-f8f4-aa48-7a00c8b60f29" executionId="5f6ba6d3-dce6-4ea1-8ae8-15309d025794" testListId="8c84fa94-04c1-424b-9868-57a2d4851a1d" />
    <TestEntry testId="de465195-4f58-7ab1-c617-94c8f3c1f283" executionId="5aa528ab-1508-4b75-8d3b-6364fee20e52" testListId="8c84fa94-04c1-424b-9868-57a2d4851a1d" />
    <TestEntry testId="fc6c40fd-47ad-a3de-21d8-47fc3bcc0d68" executionId="4d01e7ad-18d7-46fb-9bba-5d0f98e4d75b" testListId="8c84fa94-04c1-424b-9868-57a2d4851a1d" />
    <TestEntry testId="941178e8-6e72-3c9f-5561-6bba5147fac8" executionId="a843cc84-3c36-4f90-9665-74869e3f6f72" testListId="8c84fa94-04c1-424b-9868-57a2d4851a1d" />
    <TestEntry testId="4ef2a6cd-23fa-4e64-9a37-210e57234a49" executionId="ebb1b5f5-1dfb-4333-9d9d-b2d3bc891517" testListId="8c84fa94-04c1-424b-9868-57a2d4851a1d" />
    <TestEntry testId="f25adcad-e161-15e1-84af-2da1a56228f3" executionId="7bb35328-aa90-4f92-80f0-eedae1050d05" testListId="8c84fa94-04c1-424b-9868-57a2d4851a1d" />
    <TestEntry testId="4e3f0330-e97a-5ebf-b09d-8f85ae2ad9e5" executionId="a7d88965-8e65-42ce-9f5d-893f1244b743" testListId="8c84fa94-04c1-424b-9868-57a2d4851a1d" />
    <TestEntry testId="a045aa8d-0105-7e59-9a8a-c7cb301cdf7d" executionId="27052de3-0859-40df-aebd-d1957b3547a1" testListId="8c84fa94-04c1-424b-9868-57a2d4851a1d" />
    <TestEntry testId="7ccfd0fd-7aa2-b535-6c02-28574e3f529c" executionId="153e526d-4c43-4390-a1e9-2becf15e1c34" testListId="8c84fa94-04c1-424b-9868-57a2d4851a1d" />
    <TestEntry testId="a7db23d2-21a5-8e76-9e1c-e568598ee931" executionId="731dc5cc-db52-4796-ba35-e51275f50bd0" testListId="8c84fa94-04c1-424b-9868-57a2d4851a1d" />
    <TestEntry testId="aa2436d9-0f8a-2d9b-a0e4-766a185b4b93" executionId="6fce92b0-a82c-4c70-88cd-b99854f25e11" testListId="8c84fa94-04c1-424b-9868-57a2d4851a1d" />
    <TestEntry testId="69d05f45-b45a-7133-a7de-72ef112d2ef0" executionId="73430b46-88a9-4c13-94c2-4057bb6d6e11" testListId="8c84fa94-04c1-424b-9868-57a2d4851a1d" />
    <TestEntry testId="181e11c8-eeb1-2549-b081-1f334a172696" executionId="44b6e945-ff92-47fe-8cb4-05a5dcebb5a6" testListId="8c84fa94-04c1-424b-9868-57a2d4851a1d" />
    <TestEntry testId="eee2f3d0-b604-0822-37fc-6518c2ea5264" executionId="fd3b5607-1655-440f-8dcc-cd2a30422e45" testListId="8c84fa94-04c1-424b-9868-57a2d4851a1d" />
    <TestEntry testId="afbe4d6a-abab-62be-bf19-fe78db0f0c37" executionId="48932a7a-d345-4fe9-a6ac-389f3ea29d77" testListId="8c84fa94-04c1-424b-9868-57a2d4851a1d" />
    <TestEntry testId="c14b97f8-c927-7152-1fbf-e4c74589b570" executionId="48c7c271-217a-4e2e-a7a1-3a8bcafd4ece" testListId="8c84fa94-04c1-424b-9868-57a2d4851a1d" />
    <TestEntry testId="8125c7cb-9341-adb9-1a56-cec875c96512" executionId="27034a00-ec33-4f04-a74e-1a580cf6f25a" testListId="8c84fa94-04c1-424b-9868-57a2d4851a1d" />
    <TestEntry testId="b99893e4-1c8b-688d-76e5-56ac82b6f95b" executionId="e575b551-07f3-4cf2-b438-8038ea6e5695" testListId="8c84fa94-04c1-424b-9868-57a2d4851a1d" />
    <TestEntry testId="fa1b275f-8efc-ee10-d7df-3f2402c40ecf" executionId="f8a4bada-52e9-4852-bb03-09bf676eabc2" testListId="8c84fa94-04c1-424b-9868-57a2d4851a1d" />
    <TestEntry testId="4a86834f-e940-2932-3f82-b075b7315298" executionId="25bf24c6-623d-4cf3-9de5-0d8e27c09e03" testListId="8c84fa94-04c1-424b-9868-57a2d4851a1d" />
    <TestEntry testId="40f4f9e3-aee2-34a8-f532-5812db934891" executionId="2c7ee277-b7ea-4b13-b8d2-f7482e7b52c5" testListId="8c84fa94-04c1-424b-9868-57a2d4851a1d" />
    <TestEntry testId="06e243f9-fa22-4351-73fb-88d51ce52363" executionId="68920b6e-3a66-4b4d-9ecd-3d2d77d33f01" testListId="8c84fa94-04c1-424b-9868-57a2d4851a1d" />
    <TestEntry testId="7cb853b2-4b1d-6979-117b-3d9748c0a763" executionId="be0c22fb-4f17-4b2a-806f-81ab74334591" testListId="8c84fa94-04c1-424b-9868-57a2d4851a1d" />
    <TestEntry testId="ba299033-b119-d745-c842-df06e2581ada" executionId="05765334-1244-47fc-97cc-7e0759b3d02e" testListId="8c84fa94-04c1-424b-9868-57a2d4851a1d" />
    <TestEntry testId="d594953d-1aca-2ee9-a2c0-9080109c2d8f" executionId="3a417d4a-be9b-4575-97ca-3a231994fee3" testListId="8c84fa94-04c1-424b-9868-57a2d4851a1d" />
    <TestEntry testId="fedb5f49-d5db-213c-9411-14e1c28316d3" executionId="58cce267-ccf0-4c7b-a7ed-ad9af47a5056" testListId="8c84fa94-04c1-424b-9868-57a2d4851a1d" />
    <TestEntry testId="cf01bab3-fa0f-bed3-b2dc-a437a90a24d6" executionId="9edd3949-208c-4be5-a988-9342917a7715" testListId="8c84fa94-04c1-424b-9868-57a2d4851a1d" />
    <TestEntry testId="f66ce900-abba-5bf2-8849-7bbef3e1ed02" executionId="266a29f3-27fe-4b91-a0b4-17ef5388699d" testListId="8c84fa94-04c1-424b-9868-57a2d4851a1d" />
    <TestEntry testId="04b52858-7043-37d0-a7df-e1ca83bf1f71" executionId="9314347b-deef-4822-a834-9d8d109f7a97" testListId="8c84fa94-04c1-424b-9868-57a2d4851a1d" />
    <TestEntry testId="0d9d9494-ce9b-4c1b-c97d-82b83e9acea6" executionId="a4618829-4b00-4440-a9d5-d9b33be9f310" testListId="8c84fa94-04c1-424b-9868-57a2d4851a1d" />
    <TestEntry testId="fc5f4495-a9a1-a8db-5ca8-2f990fc25dd6" executionId="87d97277-5f10-48b6-84ca-77c7802f9e43" testListId="8c84fa94-04c1-424b-9868-57a2d4851a1d" />
    <TestEntry testId="6f9b9274-988e-b2d4-fdb6-49a9d0791a17" executionId="e5d92604-2ef9-4f33-b6cd-f345a0513554" testListId="8c84fa94-04c1-424b-9868-57a2d4851a1d" />
    <TestEntry testId="ecbe7f45-90ef-0d1d-4e78-7347c80f4492" executionId="3fe40442-c42b-4c8b-89bd-0521549dc23f" testListId="8c84fa94-04c1-424b-9868-57a2d4851a1d" />
    <TestEntry testId="5026bf6c-24ee-267a-56a4-71186ccdd670" executionId="09ec81e1-64a0-4857-98b5-90d93ab6f0a4" testListId="8c84fa94-04c1-424b-9868-57a2d4851a1d" />
    <TestEntry testId="bd4cd1f4-f564-fde1-6f9f-bb7f7a081716" executionId="a8dc5128-58e1-4a5e-9ea0-5589de596820" testListId="8c84fa94-04c1-424b-9868-57a2d4851a1d" />
    <TestEntry testId="83b36505-27a6-c471-f741-0a5356d53a2d" executionId="f78dbc03-56c8-4139-a1ab-b609e185f55f" testListId="8c84fa94-04c1-424b-9868-57a2d4851a1d" />
    <TestEntry testId="9e0f932f-321c-565f-3ee9-6f84e9ac5fda" executionId="2300c7bb-2ea2-44d5-9f91-0de07d39b529" testListId="8c84fa94-04c1-424b-9868-57a2d4851a1d" />
    <TestEntry testId="fe827aa0-e6a4-62f1-264f-c8aae13f212a" executionId="7be21d51-5cae-4cc8-8bae-047574e0cbd3" testListId="8c84fa94-04c1-424b-9868-57a2d4851a1d" />
    <TestEntry testId="ea2501d9-dd12-d39c-222c-3910a23b97a9" executionId="83c4c6e8-6414-4f97-a1d9-1fc3ce649fef" testListId="8c84fa94-04c1-424b-9868-57a2d4851a1d" />
    <TestEntry testId="f1c633b1-93a6-5fd2-8a2d-de113aaf01a0" executionId="be4f8dc1-5262-4aef-be23-cda69b0cd3ef" testListId="8c84fa94-04c1-424b-9868-57a2d4851a1d" />
    <TestEntry testId="e827624b-93da-aadd-3704-6f43c6b38cf7" executionId="a5929137-324e-4626-bc79-5cd325969e86" testListId="8c84fa94-04c1-424b-9868-57a2d4851a1d" />
    <TestEntry testId="0a337ad9-bbb3-0aba-4b30-91ee029ca12c" executionId="e39150ce-c2bb-4c63-9981-2476fc26c50d" testListId="8c84fa94-04c1-424b-9868-57a2d4851a1d" />
    <TestEntry testId="f777b890-290f-4c7c-74ed-5e75a98b0806" executionId="f78e6cba-f0f2-4651-84b0-bc8a4b3af4e0" testListId="8c84fa94-04c1-424b-9868-57a2d4851a1d" />
    <TestEntry testId="9d3d6d07-22d5-16e4-f722-8874452d9dae" executionId="69021a79-3f0b-4095-9d1e-ad930eb181bd" testListId="8c84fa94-04c1-424b-9868-57a2d4851a1d" />
    <TestEntry testId="11954ff3-c081-a27a-ba79-fb9c3b4cacd6" executionId="819e6ea9-16c7-4276-addd-5b41da5b6c97" testListId="8c84fa94-04c1-424b-9868-57a2d4851a1d" />
    <TestEntry testId="1aa067a5-a9d0-6dc1-fa86-acdf011db71c" executionId="16c20e00-c268-4fec-94f7-247539670128" testListId="8c84fa94-04c1-424b-9868-57a2d4851a1d" />
    <TestEntry testId="ac14a463-82b5-1b93-2694-9fe9215a5ff5" executionId="37183a8f-6d00-413a-aa9f-98e206d098f0" testListId="8c84fa94-04c1-424b-9868-57a2d4851a1d" />
    <TestEntry testId="8f55bf43-e07e-de5c-a006-bb97ba10d112" executionId="3b123093-5479-4dd2-b058-15278df26367" testListId="8c84fa94-04c1-424b-9868-57a2d4851a1d" />
    <TestEntry testId="60898e2a-c4a1-06c3-b44f-c56d779e391c" executionId="71dc1ffe-68d8-48f9-b590-cde426ed72ac" testListId="8c84fa94-04c1-424b-9868-57a2d4851a1d" />
    <TestEntry testId="50ed2c4e-dece-116d-8216-dc78370d0903" executionId="83344176-7eb3-457b-8369-60a45a94cb65" testListId="8c84fa94-04c1-424b-9868-57a2d4851a1d" />
    <TestEntry testId="df022da4-9f6a-d731-4f7f-7f5794336c24" executionId="578c7056-776a-4377-bad0-c8753c11d883" testListId="8c84fa94-04c1-424b-9868-57a2d4851a1d" />
    <TestEntry testId="f76cfb80-c1b1-98b4-c12b-a1402f9d0e99" executionId="56448e15-2d69-490d-a388-c25fe985eaf4" testListId="8c84fa94-04c1-424b-9868-57a2d4851a1d" />
    <TestEntry testId="c6d7a7df-446c-fe10-1315-3e4866298ce6" executionId="453a51c1-598b-4f61-8100-4617155226d3" testListId="8c84fa94-04c1-424b-9868-57a2d4851a1d" />
    <TestEntry testId="bdb3630a-5901-4bd5-5a78-9ee4c44dc4c0" executionId="d26ccdee-1e8c-498b-b4c2-e28eeabd6b34" testListId="8c84fa94-04c1-424b-9868-57a2d4851a1d" />
    <TestEntry testId="6ca993c9-44ff-c45f-54e0-b385383a392b" executionId="ec6e66a1-04df-4e2c-81a4-168216a3b6ce" testListId="8c84fa94-04c1-424b-9868-57a2d4851a1d" />
    <TestEntry testId="59684e3d-4483-b2a4-8148-8905dda96998" executionId="43e16944-fe00-47b1-9337-a7a3f7e9be72" testListId="8c84fa94-04c1-424b-9868-57a2d4851a1d" />
    <TestEntry testId="61af163a-d463-841f-5121-55fff88c747e" executionId="74581181-72d2-4251-bfce-6ebade5e13ab" testListId="8c84fa94-04c1-424b-9868-57a2d4851a1d" />
    <TestEntry testId="8573504b-e9d0-498f-b388-c927dc61142f" executionId="c85fc044-c21d-4b82-8c46-f87efebe5b3c" testListId="8c84fa94-04c1-424b-9868-57a2d4851a1d" />
    <TestEntry testId="f089798c-e8b9-7fe8-893b-e302229088ed" executionId="6fb37a55-c2da-4f3a-b399-65d41ddc8d82" testListId="8c84fa94-04c1-424b-9868-57a2d4851a1d" />
    <TestEntry testId="0535ab62-9867-a146-c6b8-f21b45746c0c" executionId="930d8de2-78f6-4f12-92b6-b763ed69db8b" testListId="8c84fa94-04c1-424b-9868-57a2d4851a1d" />
    <TestEntry testId="35fd9650-561d-073e-3958-5ea9b0c47140" executionId="481024d8-fbce-4265-beb2-8a8b5e140ae8" testListId="8c84fa94-04c1-424b-9868-57a2d4851a1d" />
    <TestEntry testId="4a61b7f6-1cf9-2cc6-6570-8e6fb5714ff5" executionId="58789ef1-a40a-4c08-a8b9-1ce33d135d80" testListId="8c84fa94-04c1-424b-9868-57a2d4851a1d" />
    <TestEntry testId="d3cfffdc-fc8d-9024-bf37-fc6873b9d9b4" executionId="532d5ce4-3948-4c11-92dc-0b5a67e3e5d2" testListId="8c84fa94-04c1-424b-9868-57a2d4851a1d" />
    <TestEntry testId="6209cdb5-936a-250a-8be0-7b0685a777d1" executionId="5ad9f294-844c-4ffa-8aa9-9d049337f750" testListId="8c84fa94-04c1-424b-9868-57a2d4851a1d" />
    <TestEntry testId="0c8051b5-c0f5-24ab-8873-e5d7c851e565" executionId="ae37103a-a4e7-4e91-a19e-8b19d96bb6c1" testListId="8c84fa94-04c1-424b-9868-57a2d4851a1d" />
    <TestEntry testId="9934db83-efa5-ba5c-98ee-f1debdeb8c72" executionId="526ce74d-cb40-4e25-a684-4656ad7cd481" testListId="8c84fa94-04c1-424b-9868-57a2d4851a1d" />
    <TestEntry testId="bc0f7f51-bf6e-1cff-c225-6eb17333b053" executionId="2491cfa9-5449-40f6-8d8c-177b11f5cfd8" testListId="8c84fa94-04c1-424b-9868-57a2d4851a1d" />
    <TestEntry testId="97491eb3-68eb-06cd-cd13-8f5d17dac9ea" executionId="2d71b572-7a19-4edf-93bd-0dcb7db98f0f" testListId="8c84fa94-04c1-424b-9868-57a2d4851a1d" />
    <TestEntry testId="dd2542e1-c368-bcd7-a6af-2ae523752bd3" executionId="67729457-a833-43e4-b241-3d02141b427c" testListId="8c84fa94-04c1-424b-9868-57a2d4851a1d" />
    <TestEntry testId="aa8a09bc-ff68-1f76-4637-8ad67f633c07" executionId="d343deb0-d3a9-41f7-95e4-b2f5aafe31d6" testListId="8c84fa94-04c1-424b-9868-57a2d4851a1d" />
    <TestEntry testId="62b8a6e2-4f2d-1a06-a35b-35b629265e9e" executionId="9e7c2a36-728d-4c32-9d0c-8416c3df5cac" testListId="8c84fa94-04c1-424b-9868-57a2d4851a1d" />
    <TestEntry testId="f1281924-f8ab-bfe6-3dc9-d1c5258591c3" executionId="ccd59132-5b7a-499b-92a1-ee69ce5b1e99" testListId="8c84fa94-04c1-424b-9868-57a2d4851a1d" />
  </TestEntries>
  <TestLists>
    <TestList name="Results Not in a List" id="8c84fa94-04c1-424b-9868-57a2d4851a1d" />
    <TestList name="All Loaded Results" id="19431567-8539-422a-85d7-44ee4e166bda" />
  </TestLists>
  <ResultSummary outcome="Completed">
    <Counters total="131" executed="131" passed="131" failed="0" error="0" timeout="0" aborted="0" inconclusive="0" passedButRunAborted="0" notRunnable="0" notExecuted="0" disconnected="0" warning="0" completed="0" inProgress="0" pending="0" />
    <Output>
      <StdOut>[xUnit.net 00:00:00.00] xUnit.net VSTest Adapter v2.8.2+699d445a1a (64-bit .NET 9.0.18)&#xD;
[xUnit.net 00:00:00.68]   Discovering: DovahLinkValidationClient.Tests&#xD;
[xUnit.net 00:00:00.72]   Discovered:  DovahLinkValidationClient.Tests&#xD;
[xUnit.net 00:00:00.72]   Starting:    DovahLinkValidationClient.Tests&#xD;
[xUnit.net 00:00:48.44]   Finished:    DovahLinkValidationClient.Tests&#xD;
</StdOut>
    </Output>
  </ResultSummary>
</TestRun>