<?xml version="1.0" encoding="utf-8"?>
<TestRun id="e4c907ae-e263-41b1-ba2c-ffff812f45f9" name="gonca@IZAZENPRO 2026-08-19 23:22:36" runUser="IZAZENPRO\gonca" xmlns="http://microsoft.com/schemas/VisualStudio/TeamTest/2010">
  <Times creation="2026-08-19T23:22:36.9006239+01:00" queuing="2026-08-19T23:22:36.9006244+01:00" start="2026-08-19T23:22:34.7657057+01:00" finish="2026-08-19T23:23:22.8884592+01:00" />
  <TestSettings name="default" id="0f6af995-cbea-4231-9fb6-d93606cb6362">
    <Deployment runDeploymentRoot="gonca_IZAZENPRO_2026-08-19_23_22_36" />
  </TestSettings>
  <Results>
    <UnitTestResult executionId="d6ed42d6-7ec8-45bc-9628-487c7bf19bbc" testId="95f6dc64-bef1-9ee4-fd12-b7ba01bdb7b4" testName="DovahLinkValidationClient.Tests.BridgeVersionCompatibilityTests.EvaluateReturnsUnparseableForANullVersion" computerName="IZAZENPRO" duration="00:00:00.0000374" startTime="2026-08-19T23:22:42.5195829+01:00" endTime="2026-08-19T23:22:42.5195829+01:00" testType="13cdc9d9-ddb5-4fa4-a97d-d965ccfc6d4b" outcome="Passed" testListId="8c84fa94-04c1-424b-9868-57a2d4851a1d" relativeResultsDirectory="d6ed42d6-7ec8-45bc-9628-487c7bf19bbc" />
    <UnitTestResult executionId="45b634af-375e-469e-89b2-f794826a59dd" testId="4a86834f-e940-2932-3f82-b075b7315298" testName="DovahLinkValidationClient.Tests.BridgeVersionScenarioTests.ExecuteAsyncReturnsFailureWhenSendingHelloFails" computerName="IZAZENPRO" duration="00:00:00.0013307" startTime="2026-08-19T23:22:36.7186234+01:00" endTime="2026-08-19T23:22:36.7186238+01:00" testType="13cdc9d9-ddb5-4fa4-a97d-d965ccfc6d4b" outcome="Passed" testListId="8c84fa94-04c1-424b-9868-57a2d4851a1d" relativeResultsDirectory="45b634af-375e-469e-89b2-f794826a59dd" />
    <UnitTestResult executionId="82176d48-a787-4b78-9803-9f523c3d126b" testId="0d9d9494-ce9b-4c1b-c97d-82b83e9acea6" testName="DovahLinkValidationClient.Tests.EnvelopeTests.DecodeRejectsAnEmptyStringBridgeInstanceId" computerName="IZAZENPRO" duration="00:00:00.0001387" startTime="2026-08-19T23:22:36.8709325+01:00" endTime="2026-08-19T23:22:36.8709325+01:00" testType="13cdc9d9-ddb5-4fa4-a97d-d965ccfc6d4b" outcome="Passed" testListId="8c84fa94-04c1-424b-9868-57a2d4851a1d" relativeResultsDirectory="82176d48-a787-4b78-9803-9f523c3d126b" />
    <UnitTestResult executionId="270e84c5-a5fc-4478-9544-f818ce70aab6" testId="a73a1b1d-805e-3132-0e70-bf6f6b09d4c7" testName="DovahLinkValidationClient.Tests.BridgeScenarioTests.ReadPlayContextReportAsyncReturnsTheReportedPlayContextId" computerName="IZAZENPRO" duration="00:00:00.0225425" startTime="2026-08-19T23:22:42.3430798+01:00" endTime="2026-08-19T23:22:42.3430802+01:00" testType="13cdc9d9-ddb5-4fa4-a97d-d965ccfc6d4b" outcome="Passed" testListId="8c84fa94-04c1-424b-9868-57a2d4851a1d" relativeResultsDirectory="270e84c5-a5fc-4478-9544-f818ce70aab6" />
    <UnitTestResult executionId="23b3d86c-a0fe-4195-96e3-0e7310eff4de" testId="de465195-4f58-7ab1-c617-94c8f3c1f283" testName="DovahLinkValidationClient.Tests.BridgeConnectionTests.ReceiveAsyncNormalizesAbruptPeerClosure" computerName="IZAZENPRO" duration="00:00:00.0009189" startTime="2026-08-19T23:22:43.1347088+01:00" endTime="2026-08-19T23:22:43.1347088+01:00" testType="13cdc9d9-ddb5-4fa4-a97d-d965ccfc6d4b" outcome="Passed" testListId="8c84fa94-04c1-424b-9868-57a2d4851a1d" relativeResultsDirectory="23b3d86c-a0fe-4195-96e3-0e7310eff4de" />
    <UnitTestResult executionId="30a468a4-8398-461b-b5c6-d88dbbca0c6b" testId="4a61b7f6-1cf9-2cc6-6570-8e6fb5714ff5" testName="DovahLinkValidationClient.Tests.LimitsScenarioTests.ObjectWithExactlyTheMaxMemberCountIsAcceptedNormally" computerName="IZAZENPRO" duration="00:00:00.0219266" startTime="2026-08-19T23:22:42.3196898+01:00" endTime="2026-08-19T23:22:42.3196900+01:00" testType="13cdc9d9-ddb5-4fa4-a97d-d965ccfc6d4b" outcome="Passed" testListId="8c84fa94-04c1-424b-9868-57a2d4851a1d" relativeResultsDirectory="30a468a4-8398-461b-b5c6-d88dbbca0c6b" />
    <UnitTestResult executionId="8927b46c-79d4-4b23-b56e-62a6748d9ec3" testId="a65b6112-870f-7259-0cea-5c4dde1172bd" testName="DovahLinkValidationClient.Tests.BridgeVersionScenarioTests.ExecuteAsyncSendsTheStableClientIdentityInHello" computerName="IZAZENPRO" duration="00:00:00.0005524" startTime="2026-08-19T23:22:36.8662213+01:00" endTime="2026-08-19T23:22:36.8662214+01:00" testType="13cdc9d9-ddb5-4fa4-a97d-d965ccfc6d4b" outcome="Passed" testListId="8c84fa94-04c1-424b-9868-57a2d4851a1d" relativeResultsDirectory="8927b46c-79d4-4b23-b56e-62a6748d9ec3" />
    <UnitTestResult executionId="3fe746b2-3955-43c4-abfa-aacf4f834af6" testId="afbe4d6a-abab-62be-bf19-fe78db0f0c37" testName="DovahLinkValidationClient.Tests.CapabilitiesScenarioTests.RegisteredCapabilityIdIsAcceptedWithNoResponse" computerName="IZAZENPRO" duration="00:00:00.0192670" startTime="2026-08-19T23:22:42.9065966+01:00" endTime="2026-08-19T23:22:42.9065970+01:00" testType="13cdc9d9-ddb5-4fa4-a97d-d965ccfc6d4b" outcome="Passed" testListId="8c84fa94-04c1-424b-9868-57a2d4851a1d" relativeResultsDirectory="3fe746b2-3955-43c4-abfa-aacf4f834af6" />
    <UnitTestResult executionId="dc6d9622-cc8f-4ef2-94d6-8eed50e00c88" testId="3773689a-ce0b-7ce3-1ef0-c0c2e8b5df84" testName="DovahLinkValidationClient.Tests.LimitsScenarioTests.DisallowedMessageTypeIsRejectedAsMalformedMessage" computerName="IZAZENPRO" duration="00:00:00.0194493" startTime="2026-08-19T23:22:42.2566398+01:00" endTime="2026-08-19T23:22:42.2566399+01:00" testType="13cdc9d9-ddb5-4fa4-a97d-d965ccfc6d4b" outcome="Passed" testListId="8c84fa94-04c1-424b-9868-57a2d4851a1d" relativeResultsDirectory="dc6d9622-cc8f-4ef2-94d6-8eed50e00c88" />
    <UnitTestResult executionId="bb61e45d-5fe6-4054-8f2a-f7461f8baf98" testId="7ccfd0fd-7aa2-b535-6c02-28574e3f529c" testName="DovahLinkValidationClient.Tests.PairingScenarioTests.AbruptDisconnectAfterPairingRecoversViaBoundedRetryWithAFreshSession" computerName="IZAZENPRO" duration="00:00:00.0346422" startTime="2026-08-19T23:23:02.6496775+01:00" endTime="2026-08-19T23:23:02.6496777+01:00" testType="13cdc9d9-ddb5-4fa4-a97d-d965ccfc6d4b" outcome="Passed" testListId="8c84fa94-04c1-424b-9868-57a2d4851a1d" relativeResultsDirectory="bb61e45d-5fe6-4054-8f2a-f7461f8baf98" />
    <UnitTestResult executionId="49850118-62c5-4e66-9ebc-49dece7033ed" testId="f6631c8e-58fb-6a45-09e9-25a4357928c9" testName="DovahLinkValidationClient.Tests.BridgeVersionCompatibilityTests.EvaluateReturnsSupportedForTheMaximumSupportedVersion" computerName="IZAZENPRO" duration="00:00:00.0001568" startTime="2026-08-19T23:22:42.5194894+01:00" endTime="2026-08-19T23:22:42.5194896+01:00" testType="13cdc9d9-ddb5-4fa4-a97d-d965ccfc6d4b" outcome="Passed" testListId="8c84fa94-04c1-424b-9868-57a2d4851a1d" relativeResultsDirectory="49850118-62c5-4e66-9ebc-49dece7033ed" />
    <UnitTestResult executionId="827a8863-2935-4984-adf1-3800bfe89f4b" testId="50ed2c4e-dece-116d-8216-dc78370d0903" testName="DovahLinkValidationClient.Tests.EnvelopeTests.DecodeRejectsAnEmptyStringPlayContextId" computerName="IZAZENPRO" duration="00:00:00.0001069" startTime="2026-08-19T23:22:36.8711962+01:00" endTime="2026-08-19T23:22:36.8711962+01:00" testType="13cdc9d9-ddb5-4fa4-a97d-d965ccfc6d4b" outcome="Passed" testListId="8c84fa94-04c1-424b-9868-57a2d4851a1d" relativeResultsDirectory="827a8863-2935-4984-adf1-3800bfe89f4b" />
    <UnitTestResult executionId="89eaf182-dc0a-4fa7-b2d0-84523c50a5ac" testId="563d9afc-8100-443f-3646-55f819564144" testName="DovahLinkValidationClient.Tests.BridgeVersionScenarioTests.ExecuteAsyncDisconnectsWithoutContinuingWhenCharacterSubscriptionIsRejected" computerName="IZAZENPRO" duration="00:00:00.0016678" startTime="2026-08-19T23:22:36.7171442+01:00" endTime="2026-08-19T23:22:36.7171454+01:00" testType="13cdc9d9-ddb5-4fa4-a97d-d965ccfc6d4b" outcome="Passed" testListId="8c84fa94-04c1-424b-9868-57a2d4851a1d" relativeResultsDirectory="89eaf182-dc0a-4fa7-b2d0-84523c50a5ac" />
    <UnitTestResult executionId="3c82fc84-8837-4ba0-927e-0ea4a5b2b446" testId="0535ab62-9867-a146-c6b8-f21b45746c0c" testName="DovahLinkValidationClient.Tests.BridgeVersionScenarioTests.ExecuteAsyncDisconnectsWithoutContinuingWhenHelloAckClientIdIsMismatched" computerName="IZAZENPRO" duration="00:00:00.0017431" startTime="2026-08-19T23:22:36.7151853+01:00" endTime="2026-08-19T23:22:36.7151855+01:00" testType="13cdc9d9-ddb5-4fa4-a97d-d965ccfc6d4b" outcome="Passed" testListId="8c84fa94-04c1-424b-9868-57a2d4851a1d" relativeResultsDirectory="3c82fc84-8837-4ba0-927e-0ea4a5b2b446" />
    <UnitTestResult executionId="64b93861-6ea3-471c-ac0c-0c0739537eea" testId="0c8051b5-c0f5-24ab-8873-e5d7c851e565" testName="DovahLinkValidationClient.Tests.BridgeScenarioTests.ReadPlayContextReportAsyncThrowsWhenTheOutputStreamEndsFirst" computerName="IZAZENPRO" duration="00:00:00.0206847" startTime="2026-08-19T23:22:42.4204290+01:00" endTime="2026-08-19T23:22:42.4204299+01:00" testType="13cdc9d9-ddb5-4fa4-a97d-d965ccfc6d4b" outcome="Passed" testListId="8c84fa94-04c1-424b-9868-57a2d4851a1d" relativeResultsDirectory="64b93861-6ea3-471c-ac0c-0c0739537eea" />
    <UnitTestResult executionId="4a3aa41b-5052-4163-b6e5-63fb85d58e87" testId="aa2436d9-0f8a-2d9b-a0e4-766a185b4b93" testName="DovahLinkValidationClient.Tests.BridgeVersionScenarioTests.ExecuteAsyncDisconnectsWithoutContinuingWhenTheBridgeVersionIsMissing" computerName="IZAZENPRO" duration="00:00:00.0022181" startTime="2026-08-19T23:22:36.7209366+01:00" endTime="2026-08-19T23:22:36.7209369+01:00" testType="13cdc9d9-ddb5-4fa4-a97d-d965ccfc6d4b" outcome="Passed" testListId="8c84fa94-04c1-424b-9868-57a2d4851a1d" relativeResultsDirectory="4a3aa41b-5052-4163-b6e5-63fb85d58e87" />
    <UnitTestResult executionId="96a66f3a-17ef-48f7-99b9-6740eda9c00c" testId="071385c5-116b-892e-66e8-cb1c0b3c9726" testName="DovahLinkValidationClient.Tests.BridgeConnectionTests.DisposeAsyncBoundsCloseOutputAfterThePeerInitiatesClosure" computerName="IZAZENPRO" duration="00:00:00.0313157" startTime="2026-08-19T23:22:43.2029387+01:00" endTime="2026-08-19T23:22:43.2029388+01:00" testType="13cdc9d9-ddb5-4fa4-a97d-d965ccfc6d4b" outcome="Passed" testListId="8c84fa94-04c1-424b-9868-57a2d4851a1d" relativeResultsDirectory="96a66f3a-17ef-48f7-99b9-6740eda9c00c" />
    <UnitTestResult executionId="16632d15-e4b7-4970-a045-1d325ed3feb9" testId="e71e36b7-7d32-ada2-4abf-520161ba4e21" testName="DovahLinkValidationClient.Tests.LimitsScenarioTests.AMessageBurstExceedingTheRateLimitIsDetectedAmongQueuedResponses" computerName="IZAZENPRO" duration="00:00:00.0388760" startTime="2026-08-19T23:22:42.0614127+01:00" endTime="2026-08-19T23:22:42.0614130+01:00" testType="13cdc9d9-ddb5-4fa4-a97d-d965ccfc6d4b" outcome="Passed" testListId="8c84fa94-04c1-424b-9868-57a2d4851a1d" relativeResultsDirectory="16632d15-e4b7-4970-a045-1d325ed3feb9" />
    <UnitTestResult executionId="5a051550-5d63-4a47-b7a1-ffb496d892e0" testId="9d3d6d07-22d5-16e4-f722-8874452d9dae" testName="DovahLinkValidationClient.Tests.PairingScenarioTests.GracePeriodExpiryFreesSlotForNewPairing" computerName="IZAZENPRO" duration="00:00:13.0437264" startTime="2026-08-19T23:22:56.4297159+01:00" endTime="2026-08-19T23:22:56.4297162+01:00" testType="13cdc9d9-ddb5-4fa4-a97d-d965ccfc6d4b" outcome="Passed" testListId="8c84fa94-04c1-424b-9868-57a2d4851a1d" relativeResultsDirectory="5a051550-5d63-4a47-b7a1-ffb496d892e0" />
    <UnitTestResult executionId="4cc28129-94f9-484e-952a-84b4951f2568" testId="83b36505-27a6-c471-f741-0a5356d53a2d" testName="DovahLinkValidationClient.Tests.LimitsScenarioTests.StringAndArrayExactlyAtTheLimitAreAcceptedNormally" computerName="IZAZENPRO" duration="00:00:00.0221005" startTime="2026-08-19T23:22:42.1235999+01:00" endTime="2026-08-19T23:22:42.1236001+01:00" testType="13cdc9d9-ddb5-4fa4-a97d-d965ccfc6d4b" outcome="Passed" testListId="8c84fa94-04c1-424b-9868-57a2d4851a1d" relativeResultsDirectory="4cc28129-94f9-484e-952a-84b4951f2568" />
    <UnitTestResult executionId="764715ca-df64-41a1-9b8f-71d9e921c044" testId="79e70e30-1333-034c-ed72-1303a1f09f13" testName="DovahLinkValidationClient.Tests.EnvelopeTests.EncodeEmitsJsonNullForEmptyIdentityFields" computerName="IZAZENPRO" duration="00:00:00.0001562" startTime="2026-08-19T23:22:36.8708035+01:00" endTime="2026-08-19T23:22:36.8708036+01:00" testType="13cdc9d9-ddb5-4fa4-a97d-d965ccfc6d4b" outcome="Passed" testListId="8c84fa94-04c1-424b-9868-57a2d4851a1d" relativeResultsDirectory="764715ca-df64-41a1-9b8f-71d9e921c044" />
    <UnitTestResult executionId="c4a523ee-4834-4909-94d0-d6b61ff1d74c" testId="bdb3630a-5901-4bd5-5a78-9ee4c44dc4c0" testName="DovahLinkValidationClient.Tests.CapabilitiesScenarioTests.EmptyClientCapabilitiesListIsAcceptedWithNoResponse" computerName="IZAZENPRO" duration="00:00:00.0192433" startTime="2026-08-19T23:22:42.9497625+01:00" endTime="2026-08-19T23:22:42.9497627+01:00" testType="13cdc9d9-ddb5-4fa4-a97d-d965ccfc6d4b" outcome="Passed" testListId="8c84fa94-04c1-424b-9868-57a2d4851a1d" relativeResultsDirectory="c4a523ee-4834-4909-94d0-d6b61ff1d74c" />
    <UnitTestResult executionId="39c60f43-34eb-4209-9d86-0f50e092408c" testId="cf01bab3-fa0f-bed3-b2dc-a437a90a24d6" testName="DovahLinkValidationClient.Tests.PairingScenarioTests.CancelActiveChallengeClearsAndAllowsFreshPairing" computerName="IZAZENPRO" duration="00:00:00.0205704" startTime="2026-08-19T23:23:20.4659938+01:00" endTime="2026-08-19T23:23:20.4659948+01:00" testType="13cdc9d9-ddb5-4fa4-a97d-d965ccfc6d4b" outcome="Passed" testListId="8c84fa94-04c1-424b-9868-57a2d4851a1d" relativeResultsDirectory="39c60f43-34eb-4209-9d86-0f50e092408c" />
    <UnitTestResult executionId="0d2e612c-b3cd-4f3e-8a48-dca646d25d5d" testId="442b2dcb-f1b9-54c4-8f64-e589f4abf1b5" testName="DovahLinkValidationClient.Tests.StateScenarioTests.MixedSubscribeAcceptsRegisteredAreaAndRejectsUnknownOneWithOneSnapshotOnly" computerName="IZAZENPRO" duration="00:00:00.0222430" startTime="2026-08-19T23:22:43.0006947+01:00" endTime="2026-08-19T23:22:43.0006949+01:00" testType="13cdc9d9-ddb5-4fa4-a97d-d965ccfc6d4b" outcome="Passed" testListId="8c84fa94-04c1-424b-9868-57a2d4851a1d" relativeResultsDirectory="0d2e612c-b3cd-4f3e-8a48-dca646d25d5d" />
    <UnitTestResult executionId="249ed34f-9a85-4f46-ac03-6f3f9a8e1d01" testId="998a4c72-f1a3-fe20-1a3f-82c7fcf8f0c1" testName="DovahLinkValidationClient.Tests.ClientIdentityTests.CurrentIsStableAcrossRepeatedReads" computerName="IZAZENPRO" duration="00:00:00.0019716" startTime="2026-08-19T23:23:20.4868560+01:00" endTime="2026-08-19T23:23:20.4868561+01:00" testType="13cdc9d9-ddb5-4fa4-a97d-d965ccfc6d4b" outcome="Passed" testListId="8c84fa94-04c1-424b-9868-57a2d4851a1d" relativeResultsDirectory="249ed34f-9a85-4f46-ac03-6f3f9a8e1d01" />
    <UnitTestResult executionId="a6c7e497-e46b-4b19-a4ee-184578433f16" testId="125530e8-a57a-fb78-61c5-3c911e58177b" testName="DovahLinkValidationClient.Tests.BridgeVersionScenarioTests.ExecuteAsyncReturnsFailureWhenHelloAckIsMalformed" computerName="IZAZENPRO" duration="00:00:00.0003911" startTime="2026-08-19T23:22:36.8667799+01:00" endTime="2026-08-19T23:22:36.8667799+01:00" testType="13cdc9d9-ddb5-4fa4-a97d-d965ccfc6d4b" outcome="Passed" testListId="8c84fa94-04c1-424b-9868-57a2d4851a1d" relativeResultsDirectory="a6c7e497-e46b-4b19-a4ee-184578433f16" />
    <UnitTestResult executionId="500812ae-044d-4029-81ff-9ebc60f87e7d" testId="04b52858-7043-37d0-a7df-e1ca83bf1f71" testName="DovahLinkValidationClient.Tests.AuthScenarioTests.ReusedTokenIsRejectedOnASecondConnection" computerName="IZAZENPRO" duration="00:00:00.0210705" startTime="2026-08-19T23:23:22.8180964+01:00" endTime="2026-08-19T23:23:22.8180969+01:00" testType="13cdc9d9-ddb5-4fa4-a97d-d965ccfc6d4b" outcome="Passed" testListId="8c84fa94-04c1-424b-9868-57a2d4851a1d" relativeResultsDirectory="500812ae-044d-4029-81ff-9ebc60f87e7d" />
    <UnitTestResult executionId="cbfe9263-ee70-4efe-b8dc-fb432c7886be" testId="5026bf6c-24ee-267a-56a4-71186ccdd670" testName="DovahLinkValidationClient.Tests.BridgeVersionScenarioTests.ExecuteAsyncReturnsFailureWhenHelloAckCarriesNoSessionId" computerName="IZAZENPRO" duration="00:00:00.0007101" startTime="2026-08-19T23:22:36.8699864+01:00" endTime="2026-08-19T23:22:36.8699865+01:00" testType="13cdc9d9-ddb5-4fa4-a97d-d965ccfc6d4b" outcome="Passed" testListId="8c84fa94-04c1-424b-9868-57a2d4851a1d" relativeResultsDirectory="cbfe9263-ee70-4efe-b8dc-fb432c7886be" />
    <UnitTestResult executionId="e2fa88e4-b557-4804-bf21-461cd69441dc" testId="2b65de7c-7256-a3ce-7555-71230c1c932f" testName="DovahLinkValidationClient.Tests.PairingScenarioTests.CancelPendingCredentialClearsAndAllowsFreshPairing" computerName="IZAZENPRO" duration="00:00:00.0319526" startTime="2026-08-19T23:23:20.3547631+01:00" endTime="2026-08-19T23:23:20.3547633+01:00" testType="13cdc9d9-ddb5-4fa4-a97d-d965ccfc6d4b" outcome="Passed" testListId="8c84fa94-04c1-424b-9868-57a2d4851a1d" relativeResultsDirectory="e2fa88e4-b557-4804-bf21-461cd69441dc" />
    <UnitTestResult executionId="74629c9d-1cf7-4e03-8f9f-d0d50442ac20" testId="a7db23d2-21a5-8e76-9e1c-e568598ee931" testName="DovahLinkValidationClient.Tests.StateScenarioTests.SnapshotRequestAfterIncreaseLevelReturnsTheNewValueAtAHigherRevision" computerName="IZAZENPRO" duration="00:00:00.0224095" startTime="2026-08-19T23:22:43.0235970+01:00" endTime="2026-08-19T23:22:43.0235972+01:00" testType="13cdc9d9-ddb5-4fa4-a97d-d965ccfc6d4b" outcome="Passed" testListId="8c84fa94-04c1-424b-9868-57a2d4851a1d" relativeResultsDirectory="74629c9d-1cf7-4e03-8f9f-d0d50442ac20" />
    <UnitTestResult executionId="e75a78b5-2b03-4ce5-aba1-692a3ee5fa45" testId="d4a68b9f-78e1-97d9-805c-0b34ceddde21" testName="DovahLinkValidationClient.Tests.LimitsScenarioTests.DifferentViolationTypesAccumulateTowardTheSameThreeInThirtySecondLimit" computerName="IZAZENPRO" duration="00:00:00.0240268" startTime="2026-08-19T23:22:41.9771267+01:00" endTime="2026-08-19T23:22:41.9771270+01:00" testType="13cdc9d9-ddb5-4fa4-a97d-d965ccfc6d4b" outcome="Passed" testListId="8c84fa94-04c1-424b-9868-57a2d4851a1d" relativeResultsDirectory="e75a78b5-2b03-4ce5-aba1-692a3ee5fa45" />
    <UnitTestResult executionId="acad6e9d-cc34-4d4c-8ca5-2d95d5af6992" testId="4ef2a6cd-23fa-4e64-9a37-210e57234a49" testName="DovahLinkValidationClient.Tests.EnvelopeTests.DecodeRejectsANonStringNonNullPlayContextId" computerName="IZAZENPRO" duration="00:00:00.0001470" startTime="2026-08-19T23:22:36.8723430+01:00" endTime="2026-08-19T23:22:36.8723431+01:00" testType="13cdc9d9-ddb5-4fa4-a97d-d965ccfc6d4b" outcome="Passed" testListId="8c84fa94-04c1-424b-9868-57a2d4851a1d" relativeResultsDirectory="acad6e9d-cc34-4d4c-8ca5-2d95d5af6992" />
    <UnitTestResult executionId="b33c3df3-92b4-4c1e-bede-d18700e3647e" testId="549476e5-8b0d-d08f-c70b-017bc8bac89d" testName="DovahLinkValidationClient.Tests.PairingScenarioTests.RenotifyRedisplaysCodeAndEnforcesCooldown" computerName="IZAZENPRO" duration="00:00:05.0237967" startTime="2026-08-19T23:23:02.6145762+01:00" endTime="2026-08-19T23:23:02.6145764+01:00" testType="13cdc9d9-ddb5-4fa4-a97d-d965ccfc6d4b" outcome="Passed" testListId="8c84fa94-04c1-424b-9868-57a2d4851a1d" relativeResultsDirectory="b33c3df3-92b4-4c1e-bede-d18700e3647e" />
    <UnitTestResult executionId="3717a55c-cc22-4822-ae99-585208aaa326" testId="f76cfb80-c1b1-98b4-c12b-a1402f9d0e99" testName="DovahLinkValidationClient.Tests.HarnessProcessTests.WaitForReadyAsyncThrowsWhenTheBridgeInstanceIdIsBlank" computerName="IZAZENPRO" duration="00:00:00.0223510" startTime="2026-08-19T23:22:42.8249963+01:00" endTime="2026-08-19T23:22:42.8249966+01:00" testType="13cdc9d9-ddb5-4fa4-a97d-d965ccfc6d4b" outcome="Passed" testListId="8c84fa94-04c1-424b-9868-57a2d4851a1d" relativeResultsDirectory="3717a55c-cc22-4822-ae99-585208aaa326" />
    <UnitTestResult executionId="4cd8203e-4c53-4647-b5d4-8bec395cc915" testId="a045aa8d-0105-7e59-9a8a-c7cb301cdf7d" testName="DovahLinkValidationClient.Tests.LimitsScenarioTests.ObjectWithTooManyMembersIsRejectedAsMalformedMessage" computerName="IZAZENPRO" duration="00:00:00.0201522" startTime="2026-08-19T23:22:42.2771451+01:00" endTime="2026-08-19T23:22:42.2771453+01:00" testType="13cdc9d9-ddb5-4fa4-a97d-d965ccfc6d4b" outcome="Passed" testListId="8c84fa94-04c1-424b-9868-57a2d4851a1d" relativeResultsDirectory="4cd8203e-4c53-4647-b5d4-8bec395cc915" />
    <UnitTestResult executionId="f52a9339-85de-4e6e-975d-08d49f985d46" testId="ecbe7f45-90ef-0d1d-4e78-7347c80f4492" testName="DovahLinkValidationClient.Tests.ClientIdentityTests.CurrentIsANonEmptyGuid" computerName="IZAZENPRO" duration="00:00:00.0008362" startTime="2026-08-19T23:23:20.4877348+01:00" endTime="2026-08-19T23:23:20.4877349+01:00" testType="13cdc9d9-ddb5-4fa4-a97d-d965ccfc6d4b" outcome="Passed" testListId="8c84fa94-04c1-424b-9868-57a2d4851a1d" relativeResultsDirectory="f52a9339-85de-4e6e-975d-08d49f985d46" />
    <UnitTestResult executionId="d11df7b7-40be-476d-b2a0-867d28b02a1e" testId="7aa26688-6a51-b15c-9cd3-91175914ad6b" testName="DovahLinkValidationClient.Tests.PairingScenarioTests.CancelWhenIdleReturnsAlreadyIdle" computerName="IZAZENPRO" duration="00:00:00.0194618" startTime="2026-08-19T23:23:20.3224912+01:00" endTime="2026-08-19T23:23:20.3224917+01:00" testType="13cdc9d9-ddb5-4fa4-a97d-d965ccfc6d4b" outcome="Passed" testListId="8c84fa94-04c1-424b-9868-57a2d4851a1d" relativeResultsDirectory="d11df7b7-40be-476d-b2a0-867d28b02a1e" />
    <UnitTestResult executionId="976b04ff-f17d-40cb-9a73-1d077f68230f" testId="35fd9650-561d-073e-3958-5ea9b0c47140" testName="DovahLinkValidationClient.Tests.EnvelopeTests.DecodeRejectsMissingBridgeInstanceId" computerName="IZAZENPRO" duration="00:00:00.0000983" startTime="2026-08-19T23:22:36.8728640+01:00" endTime="2026-08-19T23:22:36.8728640+01:00" testType="13cdc9d9-ddb5-4fa4-a97d-d965ccfc6d4b" outcome="Passed" testListId="8c84fa94-04c1-424b-9868-57a2d4851a1d" relativeResultsDirectory="976b04ff-f17d-40cb-9a73-1d077f68230f" />
    <UnitTestResult executionId="799ec346-7d9f-4705-8b7a-932c0abc5666" testId="e827624b-93da-aadd-3704-6f43c6b38cf7" testName="DovahLinkValidationClient.Tests.BridgeScenarioTests.FailedHandshakeSetupReleasesTheHarnessPort" computerName="IZAZENPRO" duration="00:00:00.0558534" startTime="2026-08-19T23:22:42.3992945+01:00" endTime="2026-08-19T23:22:42.3992948+01:00" testType="13cdc9d9-ddb5-4fa4-a97d-d965ccfc6d4b" outcome="Passed" testListId="8c84fa94-04c1-424b-9868-57a2d4851a1d" relativeResultsDirectory="799ec346-7d9f-4705-8b7a-932c0abc5666" />
    <UnitTestResult executionId="e2119c17-06e0-4838-8584-e8e447953a6c" testId="6663556e-32c8-9dd5-bc9c-41bb3138e952" testName="DovahLinkValidationClient.Tests.StateScenarioTests.EmptyStateAreasListIsAcknowledgedWithNoSnapshot" computerName="IZAZENPRO" duration="00:00:00.0190104" startTime="2026-08-19T23:22:43.0429818+01:00" endTime="2026-08-19T23:22:43.0429820+01:00" testType="13cdc9d9-ddb5-4fa4-a97d-d965ccfc6d4b" outcome="Passed" testListId="8c84fa94-04c1-424b-9868-57a2d4851a1d" relativeResultsDirectory="e2119c17-06e0-4838-8584-e8e447953a6c" />
    <UnitTestResult executionId="be82ec11-d960-42df-ab10-0bd51a7abc71" testId="9b320f50-18cc-909b-3b3a-9d2d86d90e3f" testName="DovahLinkValidationClient.Tests.CapabilitiesScenarioTests.UnregisteredCapabilityIdIsRejectedWithoutClosingTheConnection" computerName="IZAZENPRO" duration="00:00:00.0232235" startTime="2026-08-19T23:22:42.9301865+01:00" endTime="2026-08-19T23:22:42.9301867+01:00" testType="13cdc9d9-ddb5-4fa4-a97d-d965ccfc6d4b" outcome="Passed" testListId="8c84fa94-04c1-424b-9868-57a2d4851a1d" relativeResultsDirectory="be82ec11-d960-42df-ab10-0bd51a7abc71" />
    <UnitTestResult executionId="1117b572-a9c3-4eb8-acb7-37e083245f32" testId="4731cac3-a6ad-967e-6de5-dc3265741f9d" testName="DovahLinkValidationClient.Tests.EnvelopeTests.EncodeEmitsValuesForPopulatedIdentityFields" computerName="IZAZENPRO" duration="00:00:00.0001416" startTime="2026-08-19T23:22:36.8706450+01:00" endTime="2026-08-19T23:22:36.8706451+01:00" testType="13cdc9d9-ddb5-4fa4-a97d-d965ccfc6d4b" outcome="Passed" testListId="8c84fa94-04c1-424b-9868-57a2d4851a1d" relativeResultsDirectory="1117b572-a9c3-4eb8-acb7-37e083245f32" />
    <UnitTestResult executionId="98b0f96b-cc4a-498f-a492-0aec64360c00" testId="8573504b-e9d0-498f-b388-c927dc61142f" testName="DovahLinkValidationClient.Tests.RestartScenarioTests.PairedTrustSurvivesAFullHarnessProcessRestart" computerName="IZAZENPRO" duration="00:00:00.0535046" startTime="2026-08-19T23:22:43.3385888+01:00" endTime="2026-08-19T23:22:43.3385889+01:00" testType="13cdc9d9-ddb5-4fa4-a97d-d965ccfc6d4b" outcome="Passed" testListId="8c84fa94-04c1-424b-9868-57a2d4851a1d" relativeResultsDirectory="98b0f96b-cc4a-498f-a492-0aec64360c00" />
    <UnitTestResult executionId="ab469aec-80c5-429b-90aa-24e761dec2fa" testId="f25adcad-e161-15e1-84af-2da1a56228f3" testName="DovahLinkValidationClient.Tests.LimitsScenarioTests.DuplicateMessageIdIsRejectedAsReplayedMessage" computerName="IZAZENPRO" duration="00:00:00.0220371" startTime="2026-08-19T23:22:42.1677685+01:00" endTime="2026-08-19T23:22:42.1677687+01:00" testType="13cdc9d9-ddb5-4fa4-a97d-d965ccfc6d4b" outcome="Passed" testListId="8c84fa94-04c1-424b-9868-57a2d4851a1d" relativeResultsDirectory="ab469aec-80c5-429b-90aa-24e761dec2fa" />
    <UnitTestResult executionId="662e753a-0b03-483c-9ac7-3ad2ecb58c1b" testId="06e243f9-fa22-4351-73fb-88d51ce52363" testName="DovahLinkValidationClient.Tests.RestartScenarioTests.RevocationPersistsAcrossAFullHarnessProcessRestart" computerName="IZAZENPRO" duration="00:00:00.0461572" startTime="2026-08-19T23:22:43.3851723+01:00" endTime="2026-08-19T23:22:43.3851725+01:00" testType="13cdc9d9-ddb5-4fa4-a97d-d965ccfc6d4b" outcome="Passed" testListId="8c84fa94-04c1-424b-9868-57a2d4851a1d" relativeResultsDirectory="662e753a-0b03-483c-9ac7-3ad2ecb58c1b" />
    <UnitTestResult executionId="37e1bfa5-c385-4833-897e-6ff95b6fdef6" testId="6209cdb5-936a-250a-8be0-7b0685a777d1" testName="DovahLinkValidationClient.Tests.AuthScenarioTests.InvalidTokenIsRejectedAndTheRealTokenStaysAvailable" computerName="IZAZENPRO" duration="00:00:00.0245093" startTime="2026-08-19T23:23:22.6265696+01:00" endTime="2026-08-19T23:23:22.6265699+01:00" testType="13cdc9d9-ddb5-4fa4-a97d-d965ccfc6d4b" outcome="Passed" testListId="8c84fa94-04c1-424b-9868-57a2d4851a1d" relativeResultsDirectory="37e1bfa5-c385-4833-897e-6ff95b6fdef6" />
    <UnitTestResult executionId="32c0d1f8-3033-483c-b7b4-c12991361bb0" testId="19126409-899b-76d4-1fcc-40b62d6cfcbf" testName="DovahLinkValidationClient.Tests.StateScenarioTests.SubscribeToCharacterReturnsAcceptedAckThenSnapshotAtRevisionOne" computerName="IZAZENPRO" duration="00:00:00.0199056" startTime="2026-08-19T23:22:43.0881146+01:00" endTime="2026-08-19T23:22:43.0881148+01:00" testType="13cdc9d9-ddb5-4fa4-a97d-d965ccfc6d4b" outcome="Passed" testListId="8c84fa94-04c1-424b-9868-57a2d4851a1d" relativeResultsDirectory="32c0d1f8-3033-483c-b7b4-c12991361bb0" />
    <UnitTestResult executionId="453dbba3-d338-4a00-a6e5-ecc2ee12cbab" testId="69d05f45-b45a-7133-a7de-72ef112d2ef0" testName="DovahLinkValidationClient.Tests.PairingScenarioTests.ResumeAfterReconnectWithinGracePeriodReturnsInProgressWithExpirySeconds" computerName="IZAZENPRO" duration="00:00:00.0278861" startTime="2026-08-19T23:23:20.3830011+01:00" endTime="2026-08-19T23:23:20.3830016+01:00" testType="13cdc9d9-ddb5-4fa4-a97d-d965ccfc6d4b" outcome="Passed" testListId="8c84fa94-04c1-424b-9868-57a2d4851a1d" relativeResultsDirectory="453dbba3-d338-4a00-a6e5-ecc2ee12cbab" />
    <UnitTestResult executionId="02c3a62d-fa0c-4f26-bb3a-063596f30f96" testId="89c8cce1-14b4-e0a9-ac72-d3e733cb3465" testName="DovahLinkValidationClient.Tests.CapabilitiesScenarioTests.BridgeAdvertisesTheOneRegisteredCharacterCapability" computerName="IZAZENPRO" duration="00:00:00.0210594" startTime="2026-08-19T23:22:42.8869171+01:00" endTime="2026-08-19T23:22:42.8869172+01:00" testType="13cdc9d9-ddb5-4fa4-a97d-d965ccfc6d4b" outcome="Passed" testListId="8c84fa94-04c1-424b-9868-57a2d4851a1d" relativeResultsDirectory="02c3a62d-fa0c-4f26-bb3a-063596f30f96" />
    <UnitTestResult executionId="6af3fc25-b31c-49f6-807e-47661e9bcb64" testId="6ca993c9-44ff-c45f-54e0-b385383a392b" testName="DovahLinkValidationClient.Tests.BridgeVersionScenarioTests.ExecuteAsyncDisconnectsWithoutContinuingWhenStateSnapshotMessageTypeIsUnexpected" computerName="IZAZENPRO" duration="00:00:00.0006417" startTime="2026-08-19T23:22:36.8669634+01:00" endTime="2026-08-19T23:22:36.8669635+01:00" testType="13cdc9d9-ddb5-4fa4-a97d-d965ccfc6d4b" outcome="Passed" testListId="8c84fa94-04c1-424b-9868-57a2d4851a1d" relativeResultsDirectory="6af3fc25-b31c-49f6-807e-47661e9bcb64" />
    <UnitTestResult executionId="92ff51e1-7b1e-48fc-b66a-a6365a4a0296" testId="743a3de4-a37d-db47-5c4b-1bdf613ba32a" testName="DovahLinkValidationClient.Tests.EnvelopeTests.DecodeRejectsANonStringNonNullIdentityField" computerName="IZAZENPRO" duration="00:00:00.0015008" startTime="2026-08-19T23:22:36.8720604+01:00" endTime="2026-08-19T23:22:36.8720604+01:00" testType="13cdc9d9-ddb5-4fa4-a97d-d965ccfc6d4b" outcome="Passed" testListId="8c84fa94-04c1-424b-9868-57a2d4851a1d" relativeResultsDirectory="92ff51e1-7b1e-48fc-b66a-a6365a4a0296" />
    <UnitTestResult executionId="980d23f3-8171-4238-9f10-ca56772d94e9" testId="dd2542e1-c368-bcd7-a6af-2ae523752bd3" testName="DovahLinkValidationClient.Tests.ReconnectScenarioTests.ForeignSessionIdOnAnAuthenticatedConnectionIsRejectedAsStaleSession" computerName="IZAZENPRO" duration="00:00:00.0279296" startTime="2026-08-19T23:22:36.8816497+01:00" endTime="2026-08-19T23:22:36.8816501+01:00" testType="13cdc9d9-ddb5-4fa4-a97d-d965ccfc6d4b" outcome="Passed" testListId="8c84fa94-04c1-424b-9868-57a2d4851a1d" relativeResultsDirectory="980d23f3-8171-4238-9f10-ca56772d94e9" />
    <UnitTestResult executionId="80a43247-4d12-441d-a413-d96c8060f6fd" testId="c14b97f8-c927-7152-1fbf-e4c74589b570" testName="DovahLinkValidationClient.Tests.BridgeScenarioTests.ReadPlayContextReportAsyncThrowsWhenThePlayContextIdIsBlank" computerName="IZAZENPRO" duration="00:00:00.0210632" startTime="2026-08-19T23:22:42.4637893+01:00" endTime="2026-08-19T23:22:42.4637897+01:00" testType="13cdc9d9-ddb5-4fa4-a97d-d965ccfc6d4b" outcome="Passed" testListId="8c84fa94-04c1-424b-9868-57a2d4851a1d" relativeResultsDirectory="80a43247-4d12-441d-a413-d96c8060f6fd" />
    <UnitTestResult executionId="8d4be413-8e40-476b-a73d-3fa9da0d24c0" testId="f089798c-e8b9-7fe8-893b-e302229088ed" testName="DovahLinkValidationClient.Tests.LimitsScenarioTests.FrameLargerThanTheLimitClosesTheConnectionWithNoResponse" computerName="IZAZENPRO" duration="00:00:00.0434418" startTime="2026-08-19T23:22:42.2118242+01:00" endTime="2026-08-19T23:22:42.2118245+01:00" testType="13cdc9d9-ddb5-4fa4-a97d-d965ccfc6d4b" outcome="Passed" testListId="8c84fa94-04c1-424b-9868-57a2d4851a1d" relativeResultsDirectory="8d4be413-8e40-476b-a73d-3fa9da0d24c0" />
    <UnitTestResult executionId="00a52612-59d3-4d03-8c27-9e8331eb4a41" testId="bc0f7f51-bf6e-1cff-c225-6eb17333b053" testName="DovahLinkValidationClient.Tests.PairingScenarioTests.RevokedCredentialReconnectReceivesARevokedOutcome" computerName="IZAZENPRO" duration="00:00:00.0350600" startTime="2026-08-19T23:23:20.4450120+01:00" endTime="2026-08-19T23:23:20.4450126+01:00" testType="13cdc9d9-ddb5-4fa4-a97d-d965ccfc6d4b" outcome="Passed" testListId="8c84fa94-04c1-424b-9868-57a2d4851a1d" relativeResultsDirectory="00a52612-59d3-4d03-8c27-9e8331eb4a41" />
    <UnitTestResult executionId="0662e1e2-478a-4ff5-a888-9dc69d19dfd6" testId="1b2d14cd-094a-a4f7-1c4b-324684bf4f2d" testName="DovahLinkValidationClient.Tests.AuthScenarioTests.SecondClientCannotConnectWhileFirstHoldsTheOneConnectionSlot" computerName="IZAZENPRO" duration="00:00:00.0219199" startTime="2026-08-19T23:23:22.7540468+01:00" endTime="2026-08-19T23:23:22.7540470+01:00" testType="13cdc9d9-ddb5-4fa4-a97d-d965ccfc6d4b" outcome="Passed" testListId="8c84fa94-04c1-424b-9868-57a2d4851a1d" relativeResultsDirectory="0662e1e2-478a-4ff5-a888-9dc69d19dfd6" />
    <UnitTestResult executionId="37854080-2adc-4089-8899-dbe48ecf87ed" testId="6f9b9274-988e-b2d4-fdb6-49a9d0791a17" testName="DovahLinkValidationClient.Tests.HarnessProcessTests.WaitForReadyAsyncReturnsTheBridgeInstanceIdAfterReady" computerName="IZAZENPRO" duration="00:00:00.0197169" startTime="2026-08-19T23:22:42.5400735+01:00" endTime="2026-08-19T23:22:42.5400751+01:00" testType="13cdc9d9-ddb5-4fa4-a97d-d965ccfc6d4b" outcome="Passed" testListId="8c84fa94-04c1-424b-9868-57a2d4851a1d" relativeResultsDirectory="37854080-2adc-4089-8899-dbe48ecf87ed" />
    <UnitTestResult executionId="d5fa1191-4a0a-4996-808d-9b93ae2731a7" testId="2cb4f1c4-234e-6b43-da2d-ade4010f79c4" testName="DovahLinkValidationClient.Tests.RestartScenarioTests.RelaunchingTheHarnessReportsADifferentBridgeInstanceId" computerName="IZAZENPRO" duration="00:00:00.0297285" startTime="2026-08-19T23:22:43.2846801+01:00" endTime="2026-08-19T23:22:43.2846804+01:00" testType="13cdc9d9-ddb5-4fa4-a97d-d965ccfc6d4b" outcome="Passed" testListId="8c84fa94-04c1-424b-9868-57a2d4851a1d" relativeResultsDirectory="d5fa1191-4a0a-4996-808d-9b93ae2731a7" />
    <UnitTestResult executionId="8b85c733-699e-4536-9e46-e9f3f9fbc3d5" testId="c3ce5325-427e-bdf8-757a-9a66d828463c" testName="DovahLinkValidationClient.Tests.RestartScenarioTests.RestartingTheBridgeMakesTheOldBridgeInstanceAndPlayContextPairStaleEvenWithACoincidentalPlayContextIdMatch" computerName="IZAZENPRO" duration="00:00:00.0512106" startTime="2026-08-19T23:22:43.2545914+01:00" endTime="2026-08-19T23:22:43.2545919+01:00" testType="13cdc9d9-ddb5-4fa4-a97d-d965ccfc6d4b" outcome="Passed" testListId="8c84fa94-04c1-424b-9868-57a2d4851a1d" relativeResultsDirectory="8b85c733-699e-4536-9e46-e9f3f9fbc3d5" />
    <UnitTestResult executionId="0c0e2134-cf1c-4249-8189-e81f20e6aa32" testId="fc5f4495-a9a1-a8db-5ca8-2f990fc25dd6" testName="DovahLinkValidationClient.Tests.ReconnectScenarioTests.AClientThatNeverSendsHelloIsClosedWithinTheHandshakeTimeout" computerName="IZAZENPRO" duration="00:00:05.0418873" startTime="2026-08-19T23:22:41.9525530+01:00" endTime="2026-08-19T23:22:41.9525533+01:00" testType="13cdc9d9-ddb5-4fa4-a97d-d965ccfc6d4b" outcome="Passed" testListId="8c84fa94-04c1-424b-9868-57a2d4851a1d" relativeResultsDirectory="0c0e2134-cf1c-4249-8189-e81f20e6aa32" />
    <UnitTestResult executionId="8a53cd4e-180e-4e0f-9003-8e43fb2cd01f" testId="bd498c45-9d4b-b7ae-4ff1-dce9acfd97af" testName="DovahLinkValidationClient.Tests.LimitsScenarioTests.NestingDeeperThanTheLimitIsRejectedAsMalformedMessage" computerName="IZAZENPRO" duration="00:00:00.0247631" startTime="2026-08-19T23:22:42.2368994+01:00" endTime="2026-08-19T23:22:42.2368996+01:00" testType="13cdc9d9-ddb5-4fa4-a97d-d965ccfc6d4b" outcome="Passed" testListId="8c84fa94-04c1-424b-9868-57a2d4851a1d" relativeResultsDirectory="8a53cd4e-180e-4e0f-9003-8e43fb2cd01f" />
    <UnitTestResult executionId="db2ad1f2-c717-48cc-9bab-51459593c900" testId="f788291b-9555-d0d6-1678-dbf3bfcbfbb3" testName="DovahLinkValidationClient.Tests.EnvelopeTests.DecodeTreatsExplicitNullIdentityKeysAsNull" computerName="IZAZENPRO" duration="00:00:00.0000559" startTime="2026-08-19T23:22:36.8727360+01:00" endTime="2026-08-19T23:22:36.8727361+01:00" testType="13cdc9d9-ddb5-4fa4-a97d-d965ccfc6d4b" outcome="Passed" testListId="8c84fa94-04c1-424b-9868-57a2d4851a1d" relativeResultsDirectory="db2ad1f2-c717-48cc-9bab-51459593c900" />
    <UnitTestResult executionId="450e6a11-e629-49e0-865e-9b75558c7dfd" testId="29f608d4-b655-ef75-a651-1c9cd8b8f55b" testName="DovahLinkValidationClient.Tests.HarnessProcessTests.WaitForReadyAsyncThrowsWhenTheBridgeInstanceLineIsMissingItsPrefix" computerName="IZAZENPRO" duration="00:00:00.0174128" startTime="2026-08-19T23:22:42.8429635+01:00" endTime="2026-08-19T23:22:42.8429637+01:00" testType="13cdc9d9-ddb5-4fa4-a97d-d965ccfc6d4b" outcome="Passed" testListId="8c84fa94-04c1-424b-9868-57a2d4851a1d" relativeResultsDirectory="450e6a11-e629-49e0-865e-9b75558c7dfd" />
    <UnitTestResult executionId="7eedd990-f77f-475c-bf3e-1c97f8136877" testId="fedb5f49-d5db-213c-9411-14e1c28316d3" testName="DovahLinkValidationClient.Tests.CapabilitiesScenarioTests.OneUnregisteredIdAmongOthersStillRejectsTheWholeMessage" computerName="IZAZENPRO" duration="00:00:00.0219470" startTime="2026-08-19T23:22:42.8655495+01:00" endTime="2026-08-19T23:22:42.8655496+01:00" testType="13cdc9d9-ddb5-4fa4-a97d-d965ccfc6d4b" outcome="Passed" testListId="8c84fa94-04c1-424b-9868-57a2d4851a1d" relativeResultsDirectory="7eedd990-f77f-475c-bf3e-1c97f8136877" />
    <UnitTestResult executionId="6ec03ade-6d81-41e6-8327-138c4683cb85" testId="941178e8-6e72-3c9f-5561-6bba5147fac8" testName="DovahLinkValidationClient.Tests.BridgeVersionScenarioTests.HelloReceivesHelloAckWithSessionIdAndBridgeVersion" computerName="IZAZENPRO" duration="00:00:00.0277192" startTime="2026-08-19T23:22:36.8281244+01:00" endTime="2026-08-19T23:22:36.8281247+01:00" testType="13cdc9d9-ddb5-4fa4-a97d-d965ccfc6d4b" outcome="Passed" testListId="8c84fa94-04c1-424b-9868-57a2d4851a1d" relativeResultsDirectory="6ec03ade-6d81-41e6-8327-138c4683cb85" />
    <UnitTestResult executionId="9315e1df-c600-4e6c-83f5-9ca7262f066b" testId="c78e547b-2b35-c968-d60f-b7f3d048bea1" testName="DovahLinkValidationClient.Tests.EnvelopeTests.DecodeRejectsANonStringNonNullClientId" computerName="IZAZENPRO" duration="00:00:00.0001125" startTime="2026-08-19T23:22:36.8726053+01:00" endTime="2026-08-19T23:22:36.8726053+01:00" testType="13cdc9d9-ddb5-4fa4-a97d-d965ccfc6d4b" outcome="Passed" testListId="8c84fa94-04c1-424b-9868-57a2d4851a1d" relativeResultsDirectory="9315e1df-c600-4e6c-83f5-9ca7262f066b" />
    <UnitTestResult executionId="3682550c-888c-487b-bbfd-f2579fb91d12" testId="4c1f2f9e-1ffb-f8ca-67dc-068b62f90d22" testName="DovahLinkValidationClient.Tests.RedactionScenarioTests.NoResponseOrHarnessOutputEverContainsASecretPathOrRawException" computerName="IZAZENPRO" duration="00:00:00.0265628" startTime="2026-08-19T23:23:20.5445478+01:00" endTime="2026-08-19T23:23:20.5445481+01:00" testType="13cdc9d9-ddb5-4fa4-a97d-d965ccfc6d4b" outcome="Passed" testListId="8c84fa94-04c1-424b-9868-57a2d4851a1d" relativeResultsDirectory="3682550c-888c-487b-bbfd-f2579fb91d12" />
    <UnitTestResult executionId="56bc2fb7-f1c6-498b-bb85-f9373ab730a8" testId="fc6c40fd-47ad-a3de-21d8-47fc3bcc0d68" testName="DovahLinkValidationClient.Tests.StateScenarioTests.SnapshotRequestForAnUnregisteredAreaReturnsUnsupportedCapabilityError" computerName="IZAZENPRO" duration="00:00:00.0233442" startTime="2026-08-19T23:22:43.1336229+01:00" endTime="2026-08-19T23:22:43.1336230+01:00" testType="13cdc9d9-ddb5-4fa4-a97d-d965ccfc6d4b" outcome="Passed" testListId="8c84fa94-04c1-424b-9868-57a2d4851a1d" relativeResultsDirectory="56bc2fb7-f1c6-498b-bb85-f9373ab730a8" />
    <UnitTestResult executionId="572f8241-d309-4025-9a9f-d45e3039062e" testId="1aa067a5-a9d0-6dc1-fa86-acdf011db71c" testName="DovahLinkValidationClient.Tests.StateScenarioTests.DuplicateAreasInSubscribeAreDedupedInTheAckAndYieldExactlyOneSnapshot" computerName="IZAZENPRO" duration="00:00:00.0244406" startTime="2026-08-19T23:22:43.0677975+01:00" endTime="2026-08-19T23:22:43.0677977+01:00" testType="13cdc9d9-ddb5-4fa4-a97d-d965ccfc6d4b" outcome="Passed" testListId="8c84fa94-04c1-424b-9868-57a2d4851a1d" relativeResultsDirectory="572f8241-d309-4025-9a9f-d45e3039062e" />
    <UnitTestResult executionId="11b11a31-7fa6-4c2c-9a06-113fdc3be233" testId="242effc4-7c34-5c9e-623a-8670d65e9504" testName="DovahLinkValidationClient.Tests.BridgeScenarioTests.InvalidCapabilitiesSetupDisposesTheConnectionAndReleasesTheHarnessPort" computerName="IZAZENPRO" duration="00:00:00.0520956" startTime="2026-08-19T23:22:42.5163953+01:00" endTime="2026-08-19T23:22:42.5163956+01:00" testType="13cdc9d9-ddb5-4fa4-a97d-d965ccfc6d4b" outcome="Passed" testListId="8c84fa94-04c1-424b-9868-57a2d4851a1d" relativeResultsDirectory="11b11a31-7fa6-4c2c-9a06-113fdc3be233" />
    <UnitTestResult executionId="d347c5ff-0de6-4573-bc69-7b2c4cd7a236" testId="d3cfffdc-fc8d-9024-bf37-fc6873b9d9b4" testName="DovahLinkValidationClient.Tests.StateScenarioTests.UnregisteredStateAreaIsRejectedInSubscriptionAckWithoutASnapshot" computerName="IZAZENPRO" duration="00:00:00.0276476" startTime="2026-08-19T23:22:42.9780372+01:00" endTime="2026-08-19T23:22:42.9780377+01:00" testType="13cdc9d9-ddb5-4fa4-a97d-d965ccfc6d4b" outcome="Passed" testListId="8c84fa94-04c1-424b-9868-57a2d4851a1d" relativeResultsDirectory="d347c5ff-0de6-4573-bc69-7b2c4cd7a236" />
    <UnitTestResult executionId="03f91b60-d414-45ad-bad9-7cb1118924d4" testId="3ddac43d-a012-ffc0-c09c-ab13feabf668" testName="DovahLinkValidationClient.Tests.BridgeVersionScenarioTests.ExecuteAsyncReturnsFailureWhenTheConnectionEndsBeforeHelloAck" computerName="IZAZENPRO" duration="00:00:00.0008965" startTime="2026-08-19T23:22:36.8701419+01:00" endTime="2026-08-19T23:22:36.8701420+01:00" testType="13cdc9d9-ddb5-4fa4-a97d-d965ccfc6d4b" outcome="Passed" testListId="8c84fa94-04c1-424b-9868-57a2d4851a1d" relativeResultsDirectory="03f91b60-d414-45ad-bad9-7cb1118924d4" />
    <UnitTestResult executionId="061d5a1e-906d-4d92-9487-b7738c1bed19" testId="0343cbff-8456-d2fa-6c95-4f5537571de2" testName="DovahLinkValidationClient.Tests.LimitsScenarioTests.TextThatIsNotValidJsonIsRejectedAsMalformedMessage" computerName="IZAZENPRO" duration="00:00:00.0197032" startTime="2026-08-19T23:22:41.9971838+01:00" endTime="2026-08-19T23:22:41.9971843+01:00" testType="13cdc9d9-ddb5-4fa4-a97d-d965ccfc6d4b" outcome="Passed" testListId="8c84fa94-04c1-424b-9868-57a2d4851a1d" relativeResultsDirectory="061d5a1e-906d-4d92-9487-b7738c1bed19" />
    <UnitTestResult executionId="8d6cc29f-04a4-4f1c-bcef-2874070ced82" testId="f1c633b1-93a6-5fd2-8a2d-de113aaf01a0" testName="DovahLinkValidationClient.Tests.BridgeVersionScenarioTests.ExecuteAsyncDisconnectsWithoutContinuingWhenSubscriptionAckMessageTypeIsUnexpected" computerName="IZAZENPRO" duration="00:00:00.0079513" startTime="2026-08-19T23:22:36.8661134+01:00" endTime="2026-08-19T23:22:36.8661135+01:00" testType="13cdc9d9-ddb5-4fa4-a97d-d965ccfc6d4b" outcome="Passed" testListId="8c84fa94-04c1-424b-9868-57a2d4851a1d" relativeResultsDirectory="8d6cc29f-04a4-4f1c-bcef-2874070ced82" />
    <UnitTestResult executionId="407beb5c-284f-4209-bdc0-2b259a6ac43a" testId="9e0f932f-321c-565f-3ee9-6f84e9ac5fda" testName="DovahLinkValidationClient.Tests.LimitsScenarioTests.ObjectMemberKeyLongerThanTheLimitIsRejectedAsMalformedMessage" computerName="IZAZENPRO" duration="00:00:00.0244422" startTime="2026-08-19T23:22:42.0220779+01:00" endTime="2026-08-19T23:22:42.0220785+01:00" testType="13cdc9d9-ddb5-4fa4-a97d-d965ccfc6d4b" outcome="Passed" testListId="8c84fa94-04c1-424b-9868-57a2d4851a1d" relativeResultsDirectory="407beb5c-284f-4209-bdc0-2b259a6ac43a" />
    <UnitTestResult executionId="6f71d7e7-89ce-41de-8acb-d062fb5aceeb" testId="e1a4cef9-ddd3-da97-4f21-5370c7b2b694" testName="DovahLinkValidationClient.Tests.AuthScenarioTests.StructurallyInvalidTokenIsRejectedAsUnauthenticated" computerName="IZAZENPRO" duration="00:00:00.0184928" startTime="2026-08-19T23:23:22.7966317+01:00" endTime="2026-08-19T23:23:22.7966320+01:00" testType="13cdc9d9-ddb5-4fa4-a97d-d965ccfc6d4b" outcome="Passed" testListId="8c84fa94-04c1-424b-9868-57a2d4851a1d" relativeResultsDirectory="6f71d7e7-89ce-41de-8acb-d062fb5aceeb" />
    <UnitTestResult executionId="15deb8ce-f750-43ab-abba-38457efe9cda" testId="66e41856-1729-b964-2eae-b9b68d313486" testName="DovahLinkValidationClient.Tests.PairingScenarioTests.PacingLimitedRejectsAnEvaluatedAttemptTooSoonWithoutConsumingIt" computerName="IZAZENPRO" duration="00:00:01.1275631" startTime="2026-08-19T23:22:57.5576990+01:00" endTime="2026-08-19T23:22:57.5576993+01:00" testType="13cdc9d9-ddb5-4fa4-a97d-d965ccfc6d4b" outcome="Passed" testListId="8c84fa94-04c1-424b-9868-57a2d4851a1d" relativeResultsDirectory="15deb8ce-f750-43ab-abba-38457efe9cda" />
    <UnitTestResult executionId="c15da975-73d9-49c5-8b25-bd5b51839078" testId="c8022c1f-bd66-f8f4-aa48-7a00c8b60f29" testName="DovahLinkValidationClient.Tests.BridgeVersionScenarioTests.ExecuteAsyncCompletesTheExchangeWhenTheBridgeVersionIsSupported" computerName="IZAZENPRO" duration="00:00:00.0023098" startTime="2026-08-19T23:22:36.8659984+01:00" endTime="2026-08-19T23:22:36.8659985+01:00" testType="13cdc9d9-ddb5-4fa4-a97d-d965ccfc6d4b" outcome="Passed" testListId="8c84fa94-04c1-424b-9868-57a2d4851a1d" relativeResultsDirectory="c15da975-73d9-49c5-8b25-bd5b51839078" />
    <UnitTestResult executionId="e60f39e5-edaf-45ad-b453-37443238c8ed" testId="c0906cb2-4bd5-855e-2eac-43c075769d65" testName="DovahLinkValidationClient.Tests.EnvelopeTests.DecodeReadsIdentityFieldValues" computerName="IZAZENPRO" duration="00:00:00.0000655" startTime="2026-08-19T23:22:36.8719326+01:00" endTime="2026-08-19T23:22:36.8719327+01:00" testType="13cdc9d9-ddb5-4fa4-a97d-d965ccfc6d4b" outcome="Passed" testListId="8c84fa94-04c1-424b-9868-57a2d4851a1d" relativeResultsDirectory="e60f39e5-edaf-45ad-b453-37443238c8ed" />
    <UnitTestResult executionId="33759de8-6c05-42bd-bc7e-a9f7d1c22b44" testId="59684e3d-4483-b2a4-8148-8905dda96998" testName="DovahLinkValidationClient.Tests.EnvelopeTests.EncodeThenDecodeRoundTripsMixedIdentityFields" computerName="IZAZENPRO" duration="00:00:00.0001039" startTime="2026-08-19T23:22:36.8721947+01:00" endTime="2026-08-19T23:22:36.8721947+01:00" testType="13cdc9d9-ddb5-4fa4-a97d-d965ccfc6d4b" outcome="Passed" testListId="8c84fa94-04c1-424b-9868-57a2d4851a1d" relativeResultsDirectory="33759de8-6c05-42bd-bc7e-a9f7d1c22b44" />
    <UnitTestResult executionId="ce3f7558-596f-435d-914c-263873dfe4ba" testId="f66ce900-abba-5bf2-8849-7bbef3e1ed02" testName="DovahLinkValidationClient.Tests.PairingScenarioTests.FullPairingRoundTripUpgradesTheSessionAndAllowsSubscribe" computerName="IZAZENPRO" duration="00:00:00.0325062" startTime="2026-08-19T23:23:19.1678856+01:00" endTime="2026-08-19T23:23:19.1678858+01:00" testType="13cdc9d9-ddb5-4fa4-a97d-d965ccfc6d4b" outcome="Passed" testListId="8c84fa94-04c1-424b-9868-57a2d4851a1d" relativeResultsDirectory="ce3f7558-596f-435d-914c-263873dfe4ba" />
    <UnitTestResult executionId="0c7c9ab6-0733-406d-8f3b-344b2557ab94" testId="148160ac-7a8c-f52d-7585-c9d51ec28040" testName="DovahLinkValidationClient.Tests.LimitsScenarioTests.ArrayLongerThanTheLimitIsRejectedAsMalformedMessage" computerName="IZAZENPRO" duration="00:00:00.0196602" startTime="2026-08-19T23:22:42.0814488+01:00" endTime="2026-08-19T23:22:42.0814490+01:00" testType="13cdc9d9-ddb5-4fa4-a97d-d965ccfc6d4b" outcome="Passed" testListId="8c84fa94-04c1-424b-9868-57a2d4851a1d" relativeResultsDirectory="0c7c9ab6-0733-406d-8f3b-344b2557ab94" />
    <UnitTestResult executionId="d3a068a4-68c7-4f3c-94f6-c1769564a162" testId="93aa9b49-a2cf-83d2-9763-9b6d20222fd7" testName="DovahLinkValidationClient.Tests.BridgeConnectionTests.ReceiveAsyncUsesTheArraySegmentOverload" computerName="IZAZENPRO" duration="00:00:00.0004762" startTime="2026-08-19T23:22:43.1352211+01:00" endTime="2026-08-19T23:22:43.1352211+01:00" testType="13cdc9d9-ddb5-4fa4-a97d-d965ccfc6d4b" outcome="Passed" testListId="8c84fa94-04c1-424b-9868-57a2d4851a1d" relativeResultsDirectory="d3a068a4-68c7-4f3c-94f6-c1769564a162" />
    <UnitTestResult executionId="24b32b49-110f-4a8f-800c-4069fd7d4d02" testId="61af163a-d463-841f-5121-55fff88c747e" testName="DovahLinkValidationClient.Tests.BridgeScenarioTests.ReadPlayContextReportAsyncThrowsWhenTheLineIsMissingItsPrefix" computerName="IZAZENPRO" duration="00:00:00.0215750" startTime="2026-08-19T23:22:42.4423267+01:00" endTime="2026-08-19T23:22:42.4423270+01:00" testType="13cdc9d9-ddb5-4fa4-a97d-d965ccfc6d4b" outcome="Passed" testListId="8c84fa94-04c1-424b-9868-57a2d4851a1d" relativeResultsDirectory="24b32b49-110f-4a8f-800c-4069fd7d4d02" />
    <UnitTestResult executionId="23e415c2-12ef-4a09-8072-0c3c7d28ab46" testId="5dfb3b04-1084-6cb1-d6f5-22974eb94eb9" testName="DovahLinkValidationClient.Tests.LimitsScenarioTests.ThirdProtocolViolationWithin30SecondsClosesTheConnectionAfterItsOwnErrorResponse" computerName="IZAZENPRO" duration="00:00:00.0192948" startTime="2026-08-19T23:22:42.1011666+01:00" endTime="2026-08-19T23:22:42.1011668+01:00" testType="13cdc9d9-ddb5-4fa4-a97d-d965ccfc6d4b" outcome="Passed" testListId="8c84fa94-04c1-424b-9868-57a2d4851a1d" relativeResultsDirectory="23e415c2-12ef-4a09-8072-0c3c7d28ab46" />
    <UnitTestResult executionId="a1c571b0-2091-450f-992b-f19da496520d" testId="8125c7cb-9341-adb9-1a56-cec875c96512" testName="DovahLinkValidationClient.Tests.BridgeVersionScenarioTests.ExecuteAsyncDisconnectsWithoutContinuingWhenHelloAckClientIdIsMissing" computerName="IZAZENPRO" duration="00:00:00.0004230" startTime="2026-08-19T23:22:36.8671910+01:00" endTime="2026-08-19T23:22:36.8671911+01:00" testType="13cdc9d9-ddb5-4fa4-a97d-d965ccfc6d4b" outcome="Passed" testListId="8c84fa94-04c1-424b-9868-57a2d4851a1d" relativeResultsDirectory="a1c571b0-2091-450f-992b-f19da496520d" />
    <UnitTestResult executionId="2cbe8637-c7e3-414d-95d4-c783f58d4082" testId="b99893e4-1c8b-688d-76e5-56ac82b6f95b" testName="DovahLinkValidationClient.Tests.PairingScenarioTests.RevokeWhileConnectedClosesTheLiveSessionImmediately" computerName="IZAZENPRO" duration="00:00:00.0263009" startTime="2026-08-19T23:23:20.4096361+01:00" endTime="2026-08-19T23:23:20.4096364+01:00" testType="13cdc9d9-ddb5-4fa4-a97d-d965ccfc6d4b" outcome="Passed" testListId="8c84fa94-04c1-424b-9868-57a2d4851a1d" relativeResultsDirectory="2cbe8637-c7e3-414d-95d4-c783f58d4082" />
    <UnitTestResult executionId="d959cd43-d238-4e35-a682-8fcfea3d9355" testId="aa8a09bc-ff68-1f76-4637-8ad67f633c07" testName="DovahLinkValidationClient.Tests.RedactionScenarioTests.PairingSecretsNeverAppearOutsideTheirDesignatedResponse" computerName="IZAZENPRO" duration="00:00:00.0293105" startTime="2026-08-19T23:23:20.5175972+01:00" endTime="2026-08-19T23:23:20.5175975+01:00" testType="13cdc9d9-ddb5-4fa4-a97d-d965ccfc6d4b" outcome="Passed" testListId="8c84fa94-04c1-424b-9868-57a2d4851a1d" relativeResultsDirectory="d959cd43-d238-4e35-a682-8fcfea3d9355" />
    <UnitTestResult executionId="4b718089-5a99-4913-b68c-d694e8c9febd" testId="97491eb3-68eb-06cd-cd13-8f5d17dac9ea" testName="DovahLinkValidationClient.Tests.BridgeVersionCompatibilityTests.EvaluateReturnsSupportedForTheDeclaredSupportedVersion" computerName="IZAZENPRO" duration="00:00:00.0000503" startTime="2026-08-19T23:22:42.5196263+01:00" endTime="2026-08-19T23:22:42.5196263+01:00" testType="13cdc9d9-ddb5-4fa4-a97d-d965ccfc6d4b" outcome="Passed" testListId="8c84fa94-04c1-424b-9868-57a2d4851a1d" relativeResultsDirectory="4b718089-5a99-4913-b68c-d694e8c9febd" />
    <UnitTestResult executionId="48838ef6-e913-4eb7-af63-b631383c1b66" testId="d594953d-1aca-2ee9-a2c0-9080109c2d8f" testName="DovahLinkValidationClient.Tests.AuthScenarioTests.SixthAuthenticationAttemptWithinTheWindowIsRateLimited" computerName="IZAZENPRO" duration="00:00:00.0268107" startTime="2026-08-19T23:23:20.5718850+01:00" endTime="2026-08-19T23:23:20.5718852+01:00" testType="13cdc9d9-ddb5-4fa4-a97d-d965ccfc6d4b" outcome="Passed" testListId="8c84fa94-04c1-424b-9868-57a2d4851a1d" relativeResultsDirectory="48838ef6-e913-4eb7-af63-b631383c1b66" />
    <UnitTestResult executionId="c783bfad-46ac-43a4-98cd-5338b2bb54c1" testId="c98f3a59-1b64-a310-5d37-e57e2db6e0cf" testName="DovahLinkValidationClient.Tests.BridgeVersionScenarioTests.ExecuteAsyncDisconnectsWithoutContinuingWhenCapabilitiesMessageTypeIsUnexpected" computerName="IZAZENPRO" duration="00:00:00.0034737" startTime="2026-08-19T23:22:36.7144039+01:00" endTime="2026-08-19T23:22:36.7144040+01:00" testType="13cdc9d9-ddb5-4fa4-a97d-d965ccfc6d4b" outcome="Passed" testListId="8c84fa94-04c1-424b-9868-57a2d4851a1d" relativeResultsDirectory="c783bfad-46ac-43a4-98cd-5338b2bb54c1" />
    <UnitTestResult executionId="58c0b93c-9f97-44fa-832d-d3121f0f15e6" testId="de486395-b4f0-efe1-9490-e4cf245ac2ad" testName="DovahLinkValidationClient.Tests.BridgeVersionScenarioTests.ExecuteAsyncDisconnectsWithoutContinuingWhenAcceptedStateAreasIsMissing" computerName="IZAZENPRO" duration="00:00:00.1742364" startTime="2026-08-19T23:22:36.7104330+01:00" endTime="2026-08-19T23:22:36.7104531+01:00" testType="13cdc9d9-ddb5-4fa4-a97d-d965ccfc6d4b" outcome="Passed" testListId="8c84fa94-04c1-424b-9868-57a2d4851a1d" relativeResultsDirectory="58c0b93c-9f97-44fa-832d-d3121f0f15e6" />
    <UnitTestResult executionId="e195ae42-769b-4398-826a-dbf590736399" testId="6b389d3e-c878-c3d6-3f04-9a63cb3d92ad" testName="DovahLinkValidationClient.Tests.PairingScenarioTests.UnpairedHelloSucceedsAndSubscribeIsRejectedOnThatSession" computerName="IZAZENPRO" duration="00:00:00.0257778" startTime="2026-08-19T23:23:02.6759819+01:00" endTime="2026-08-19T23:23:02.6759826+01:00" testType="13cdc9d9-ddb5-4fa4-a97d-d965ccfc6d4b" outcome="Passed" testListId="8c84fa94-04c1-424b-9868-57a2d4851a1d" relativeResultsDirectory="e195ae42-769b-4398-826a-dbf590736399" />
    <UnitTestResult executionId="65aefa32-2862-4594-b32d-c33688c6f435" testId="9934db83-efa5-ba5c-98ee-f1debdeb8c72" testName="DovahLinkValidationClient.Tests.BridgeConnectionTests.DisposeAsyncAbortsAfterTheGracefulCloseDeadline" computerName="IZAZENPRO" duration="00:00:00.0353824" startTime="2026-08-19T23:22:43.1713042+01:00" endTime="2026-08-19T23:22:43.1713043+01:00" testType="13cdc9d9-ddb5-4fa4-a97d-d965ccfc6d4b" outcome="Passed" testListId="8c84fa94-04c1-424b-9868-57a2d4851a1d" relativeResultsDirectory="65aefa32-2862-4594-b32d-c33688c6f435" />
    <UnitTestResult executionId="e5e0f7b6-03f6-444d-81f6-23d982b3beb3" testId="921a5162-22ab-58cc-e084-8767b2508398" testName="DovahLinkValidationClient.Tests.BridgeVersionScenarioTests.HelloAckCarriesBridgeIdentityAndClientId" computerName="IZAZENPRO" duration="00:00:00.0746748" startTime="2026-08-19T23:22:36.7990443+01:00" endTime="2026-08-19T23:22:36.7990447+01:00" testType="13cdc9d9-ddb5-4fa4-a97d-d965ccfc6d4b" outcome="Passed" testListId="8c84fa94-04c1-424b-9868-57a2d4851a1d" relativeResultsDirectory="e5e0f7b6-03f6-444d-81f6-23d982b3beb3" />
    <UnitTestResult executionId="7722ae33-0890-45ae-9dee-f6713998a07c" testId="60898e2a-c4a1-06c3-b44f-c56d779e391c" testName="DovahLinkValidationClient.Tests.AuthScenarioTests.ConcurrentConnectionAttemptsRaceForTheOneSlotAndExactlyOneWins" computerName="IZAZENPRO" duration="00:00:00.1048151" startTime="2026-08-19T23:23:22.7318268+01:00" endTime="2026-08-19T23:23:22.7318269+01:00" testType="13cdc9d9-ddb5-4fa4-a97d-d965ccfc6d4b" outcome="Passed" testListId="8c84fa94-04c1-424b-9868-57a2d4851a1d" relativeResultsDirectory="7722ae33-0890-45ae-9dee-f6713998a07c" />
    <UnitTestResult executionId="f1946269-13b7-4f43-aed1-9e885362fbad" testId="e2898f2b-3645-517b-9cdc-634d353bdf3d" testName="DovahLinkValidationClient.Tests.BridgeVersionCompatibilityTests.EvaluateReturnsUnparseableForAnEmptyVersion" computerName="IZAZENPRO" duration="00:00:00.0000772" startTime="2026-08-19T23:22:42.5195439+01:00" endTime="2026-08-19T23:22:42.5195439+01:00" testType="13cdc9d9-ddb5-4fa4-a97d-d965ccfc6d4b" outcome="Passed" testListId="8c84fa94-04c1-424b-9868-57a2d4851a1d" relativeResultsDirectory="f1946269-13b7-4f43-aed1-9e885362fbad" />
    <UnitTestResult executionId="b05399e6-2127-4ece-b5a0-81abac26dd7f" testId="ba299033-b119-d745-c842-df06e2581ada" testName="DovahLinkValidationClient.Tests.StateScenarioTests.RevisionIsReusedOnEachPullWithoutAnInterveningStateChange" computerName="IZAZENPRO" duration="00:00:00.0213946" startTime="2026-08-19T23:22:43.1099823+01:00" endTime="2026-08-19T23:22:43.1099827+01:00" testType="13cdc9d9-ddb5-4fa4-a97d-d965ccfc6d4b" outcome="Passed" testListId="8c84fa94-04c1-424b-9868-57a2d4851a1d" relativeResultsDirectory="b05399e6-2127-4ece-b5a0-81abac26dd7f" />
    <UnitTestResult executionId="50972a1a-334a-40c7-99b7-783cff1a6596" testId="df022da4-9f6a-d731-4f7f-7f5794336c24" testName="DovahLinkValidationClient.Tests.PairingScenarioTests.WrongCodeYieldsAnInvalidOutcome" computerName="IZAZENPRO" duration="00:00:00.0182677" startTime="2026-08-19T23:23:20.4845789+01:00" endTime="2026-08-19T23:23:20.4845791+01:00" testType="13cdc9d9-ddb5-4fa4-a97d-d965ccfc6d4b" outcome="Passed" testListId="8c84fa94-04c1-424b-9868-57a2d4851a1d" relativeResultsDirectory="50972a1a-334a-40c7-99b7-783cff1a6596" />
    <UnitTestResult executionId="5be062b6-1e7e-4d3e-9a5a-1f9bf5cdb74c" testId="bd4cd1f4-f564-fde1-6f9f-bb7f7a081716" testName="DovahLinkValidationClient.Tests.ReconnectScenarioTests.AbruptDisconnectMidRequestLeavesTheBridgeHealthyForTheNextConnectionAttempt" computerName="IZAZENPRO" duration="00:00:00.0279363" startTime="2026-08-19T23:22:36.9102106+01:00" endTime="2026-08-19T23:22:36.9102113+01:00" testType="13cdc9d9-ddb5-4fa4-a97d-d965ccfc6d4b" outcome="Passed" testListId="8c84fa94-04c1-424b-9868-57a2d4851a1d" relativeResultsDirectory="5be062b6-1e7e-4d3e-9a5a-1f9bf5cdb74c" />
    <UnitTestResult executionId="e959b4a8-4219-4234-99fe-45a3765296f1" testId="78802478-442e-ae6e-f9f9-64b40b01ff56" testName="DovahLinkValidationClient.Tests.EnvelopeTests.DecodeRejectsAnEmptyStringClientId" computerName="IZAZENPRO" duration="00:00:00.0001113" startTime="2026-08-19T23:22:36.8724734+01:00" endTime="2026-08-19T23:22:36.8724735+01:00" testType="13cdc9d9-ddb5-4fa4-a97d-d965ccfc6d4b" outcome="Passed" testListId="8c84fa94-04c1-424b-9868-57a2d4851a1d" relativeResultsDirectory="e959b4a8-4219-4234-99fe-45a3765296f1" />
    <UnitTestResult executionId="f1049872-b0fa-43f1-9244-2531709fb098" testId="f777b890-290f-4c7c-74ed-5e75a98b0806" testName="DovahLinkValidationClient.Tests.BridgeVersionScenarioTests.ExecuteAsyncRejectsIdentityMismatchBeforeCheckingBridgeVersionCompatibility" computerName="IZAZENPRO" duration="00:00:00.0009716" startTime="2026-08-19T23:22:36.8655380+01:00" endTime="2026-08-19T23:22:36.8655381+01:00" testType="13cdc9d9-ddb5-4fa4-a97d-d965ccfc6d4b" outcome="Passed" testListId="8c84fa94-04c1-424b-9868-57a2d4851a1d" relativeResultsDirectory="f1049872-b0fa-43f1-9244-2531709fb098" />
    <UnitTestResult executionId="e846fe4a-ada0-46e2-aa18-30aaf8a5117c" testId="8e308ebf-81f8-f735-d24d-979775a52295" testName="DovahLinkValidationClient.Tests.AuthScenarioTests.TokenIsRejectedAfterItsShortenedTtlElapses" computerName="IZAZENPRO" duration="00:00:02.0290910" startTime="2026-08-19T23:23:22.6015473+01:00" endTime="2026-08-19T23:23:22.6015477+01:00" testType="13cdc9d9-ddb5-4fa4-a97d-d965ccfc6d4b" outcome="Passed" testListId="8c84fa94-04c1-424b-9868-57a2d4851a1d" relativeResultsDirectory="e846fe4a-ada0-46e2-aa18-30aaf8a5117c" />
    <UnitTestResult executionId="5eb1e4a0-338c-479a-8df6-c3b711b28e2d" testId="40f4f9e3-aee2-34a8-f532-5812db934891" testName="DovahLinkValidationClient.Tests.BridgeVersionScenarioTests.ExecuteAsyncReturnsFailureWhenReceivingHelloAckTimesOut" computerName="IZAZENPRO" duration="00:00:00.0003997" startTime="2026-08-19T23:22:36.8664147+01:00" endTime="2026-08-19T23:22:36.8664148+01:00" testType="13cdc9d9-ddb5-4fa4-a97d-d965ccfc6d4b" outcome="Passed" testListId="8c84fa94-04c1-424b-9868-57a2d4851a1d" relativeResultsDirectory="5eb1e4a0-338c-479a-8df6-c3b711b28e2d" />
    <UnitTestResult executionId="b478a1f0-57bb-494c-93d2-098a330bd46a" testId="eee2f3d0-b604-0822-37fc-6518c2ea5264" testName="DovahLinkValidationClient.Tests.LimitsScenarioTests.StringLongerThanTheLimitIsRejectedAsMalformedMessage" computerName="IZAZENPRO" duration="00:00:00.0214472" startTime="2026-08-19T23:22:42.1453838+01:00" endTime="2026-08-19T23:22:42.1453840+01:00" testType="13cdc9d9-ddb5-4fa4-a97d-d965ccfc6d4b" outcome="Passed" testListId="8c84fa94-04c1-424b-9868-57a2d4851a1d" relativeResultsDirectory="b478a1f0-57bb-494c-93d2-098a330bd46a" />
    <UnitTestResult executionId="9cb0cda8-07c6-47ec-9274-27ac57c0e7f6" testId="6ff026ab-db0c-4594-a786-ae95afca6a66" testName="DovahLinkValidationClient.Tests.EnvelopeTests.DecodeRejectsMissingClientId" computerName="IZAZENPRO" duration="00:00:00.0008982" startTime="2026-08-19T23:22:36.8703797+01:00" endTime="2026-08-19T23:22:36.8703798+01:00" testType="13cdc9d9-ddb5-4fa4-a97d-d965ccfc6d4b" outcome="Passed" testListId="8c84fa94-04c1-424b-9868-57a2d4851a1d" relativeResultsDirectory="9cb0cda8-07c6-47ec-9274-27ac57c0e7f6" />
    <UnitTestResult executionId="c4d3166f-a318-46ff-96e8-45abe23d67b0" testId="c6d7a7df-446c-fe10-1315-3e4866298ce6" testName="DovahLinkValidationClient.Tests.PairingScenarioTests.FiveWrongAttemptsReachesHardLimitAndCancelsChallenge" computerName="IZAZENPRO" duration="00:00:16.4585167" startTime="2026-08-19T23:23:19.1350601+01:00" endTime="2026-08-19T23:23:19.1350605+01:00" testType="13cdc9d9-ddb5-4fa4-a97d-d965ccfc6d4b" outcome="Passed" testListId="8c84fa94-04c1-424b-9868-57a2d4851a1d" relativeResultsDirectory="c4d3166f-a318-46ff-96e8-45abe23d67b0" />
    <UnitTestResult executionId="71353c15-a3d7-4be0-984b-bae3eb5a93b7" testId="f09f1f51-8f3b-45fa-8b62-91eab104f4f6" testName="DovahLinkValidationClient.Tests.BridgeVersionCompatibilityTests.EvaluateReturnsBridgeOlderThanSupportedForAnOlderVersion" computerName="IZAZENPRO" duration="00:00:00.0000459" startTime="2026-08-19T23:22:42.5196615+01:00" endTime="2026-08-19T23:22:42.5196615+01:00" testType="13cdc9d9-ddb5-4fa4-a97d-d965ccfc6d4b" outcome="Passed" testListId="8c84fa94-04c1-424b-9868-57a2d4851a1d" relativeResultsDirectory="71353c15-a3d7-4be0-984b-bae3eb5a93b7" />
    <UnitTestResult executionId="248eb604-f477-4077-bbae-e0a5a554c405" testId="4e3f0330-e97a-5ebf-b09d-8f85ae2ad9e5" testName="DovahLinkValidationClient.Tests.AuthScenarioTests.CorrectTokenIsRateLimitedAfterFiveFailedAttempts" computerName="IZAZENPRO" duration="00:00:00.0234441" startTime="2026-08-19T23:23:22.7777491+01:00" endTime="2026-08-19T23:23:22.7777495+01:00" testType="13cdc9d9-ddb5-4fa4-a97d-d965ccfc6d4b" outcome="Passed" testListId="8c84fa94-04c1-424b-9868-57a2d4851a1d" relativeResultsDirectory="248eb604-f477-4077-bbae-e0a5a554c405" />
    <UnitTestResult executionId="71b7d990-e981-460c-88e4-045254c7c805" testId="181e11c8-eeb1-2549-b081-1f334a172696" testName="DovahLinkValidationClient.Tests.HarnessProcessTests.StandardErrorSupportsConcurrentReadsAndWrites" computerName="IZAZENPRO" duration="00:00:00.1179269" startTime="2026-08-19T23:22:42.6618527+01:00" endTime="2026-08-19T23:22:42.6618536+01:00" testType="13cdc9d9-ddb5-4fa4-a97d-d965ccfc6d4b" outcome="Passed" testListId="8c84fa94-04c1-424b-9868-57a2d4851a1d" relativeResultsDirectory="71b7d990-e981-460c-88e4-045254c7c805" />
    <UnitTestResult executionId="89bb2fcc-fb02-4147-8b49-c19aa24d4f7b" testId="b84f8b36-70ef-99fb-ede2-1ae26915132e" testName="DovahLinkValidationClient.Tests.PairingScenarioTests.WrongCodeTriggersAutoRenotifyWithoutConsumingAttempt" computerName="IZAZENPRO" duration="00:00:01.1343876" startTime="2026-08-19T23:23:20.3025753+01:00" endTime="2026-08-19T23:23:20.3025755+01:00" testType="13cdc9d9-ddb5-4fa4-a97d-d965ccfc6d4b" outcome="Passed" testListId="8c84fa94-04c1-424b-9868-57a2d4851a1d" relativeResultsDirectory="89bb2fcc-fb02-4147-8b49-c19aa24d4f7b" />
    <UnitTestResult executionId="fdc9025c-1107-4efe-9967-0645e95f1d0c" testId="fe827aa0-e6a4-62f1-264f-c8aae13f212a" testName="DovahLinkValidationClient.Tests.BridgeVersionCompatibilityTests.EvaluateReturnsBridgeNewerThanSupportedForANewerVersion" computerName="IZAZENPRO" duration="00:00:00.0022448" startTime="2026-08-19T23:22:42.5191283+01:00" endTime="2026-08-19T23:22:42.5191286+01:00" testType="13cdc9d9-ddb5-4fa4-a97d-d965ccfc6d4b" outcome="Passed" testListId="8c84fa94-04c1-424b-9868-57a2d4851a1d" relativeResultsDirectory="fdc9025c-1107-4efe-9967-0645e95f1d0c" />
    <UnitTestResult executionId="791a3343-1324-4475-b002-bd644bea60f9" testId="5b8e7408-e5de-8da4-51c0-0a878ae9e793" testName="DovahLinkValidationClient.Tests.HarnessProcessTests.WaitForExitCoordinationWaitsForStandardErrorCompletion" computerName="IZAZENPRO" duration="00:00:00.0029914" startTime="2026-08-19T23:22:42.5435875+01:00" endTime="2026-08-19T23:22:42.5435878+01:00" testType="13cdc9d9-ddb5-4fa4-a97d-d965ccfc6d4b" outcome="Passed" testListId="8c84fa94-04c1-424b-9868-57a2d4851a1d" relativeResultsDirectory="791a3343-1324-4475-b002-bd644bea60f9" />
    <UnitTestResult executionId="dd9bae46-2259-4806-8382-79356cb2ed22" testId="0a337ad9-bbb3-0aba-4b30-91ee029ca12c" testName="DovahLinkValidationClient.Tests.LimitsScenarioTests.ValidJsonThatIsNotAnEnvelopeObjectIsRejectedAsMalformedMessage" computerName="IZAZENPRO" duration="00:00:00.0196111" startTime="2026-08-19T23:22:42.2971684+01:00" endTime="2026-08-19T23:22:42.2971697+01:00" testType="13cdc9d9-ddb5-4fa4-a97d-d965ccfc6d4b" outcome="Passed" testListId="8c84fa94-04c1-424b-9868-57a2d4851a1d" relativeResultsDirectory="dd9bae46-2259-4806-8382-79356cb2ed22" />
    <UnitTestResult executionId="8b5100c3-afb9-4310-8958-92dc555321ce" testId="f1281924-f8ab-bfe6-3dc9-d1c5258591c3" testName="DovahLinkValidationClient.Tests.EnvelopeTests.DecodeRejectsMissingPlayContextId" computerName="IZAZENPRO" duration="00:00:00.0001269" startTime="2026-08-19T23:22:36.8710652+01:00" endTime="2026-08-19T23:22:36.8710652+01:00" testType="13cdc9d9-ddb5-4fa4-a97d-d965ccfc6d4b" outcome="Passed" testListId="8c84fa94-04c1-424b-9868-57a2d4851a1d" relativeResultsDirectory="8b5100c3-afb9-4310-8958-92dc555321ce" />
    <UnitTestResult executionId="230e0327-a661-4fa2-98f2-350ab5ee6f76" testId="62b8a6e2-4f2d-1a06-a35b-35b629265e9e" testName="DovahLinkValidationClient.Tests.HarnessProcessTests.WaitForReadyAsyncThrowsWhenTheFirstLineIsNotReady" computerName="IZAZENPRO" duration="00:00:00.0232128" startTime="2026-08-19T23:22:42.8021420+01:00" endTime="2026-08-19T23:22:42.8021422+01:00" testType="13cdc9d9-ddb5-4fa4-a97d-d965ccfc6d4b" outcome="Passed" testListId="8c84fa94-04c1-424b-9868-57a2d4851a1d" relativeResultsDirectory="230e0327-a661-4fa2-98f2-350ab5ee6f76" />
    <UnitTestResult executionId="9683e5ff-53da-4dcd-8501-7ad4e94f7da1" testId="8f55bf43-e07e-de5c-a006-bb97ba10d112" testName="DovahLinkValidationClient.Tests.BridgeVersionScenarioTests.ExecuteAsyncFailsWithoutCheckingCompatibilityWhenTheBridgeRejectsHello" computerName="IZAZENPRO" duration="00:00:00.0005484" startTime="2026-08-19T23:22:36.7215185+01:00" endTime="2026-08-19T23:22:36.7215186+01:00" testType="13cdc9d9-ddb5-4fa4-a97d-d965ccfc6d4b" outcome="Passed" testListId="8c84fa94-04c1-424b-9868-57a2d4851a1d" relativeResultsDirectory="9683e5ff-53da-4dcd-8501-7ad4e94f7da1" />
    <UnitTestResult executionId="b41e5060-31b3-46bd-8543-44fa42b313ec" testId="7e939837-6031-1857-9ccd-fad2a1af868a" testName="DovahLinkValidationClient.Tests.EnvelopeTests.EncodeThenDecodeRejectsAnEnvelopeConstructedWithAnEmptyStringIdentityField" computerName="IZAZENPRO" duration="00:00:00.0002068" startTime="2026-08-19T23:22:36.8705166+01:00" endTime="2026-08-19T23:22:36.8705166+01:00" testType="13cdc9d9-ddb5-4fa4-a97d-d965ccfc6d4b" outcome="Passed" testListId="8c84fa94-04c1-424b-9868-57a2d4851a1d" relativeResultsDirectory="b41e5060-31b3-46bd-8543-44fa42b313ec" />
    <UnitTestResult executionId="951979e3-d759-4c95-8737-20083dd78504" testId="357c9650-24f3-9a69-5609-4165a464216d" testName="DovahLinkValidationClient.Tests.PairingScenarioTests.OtherDeviceBusyReturnsOtherDevicePairingState" computerName="IZAZENPRO" duration="00:00:00.0321991" startTime="2026-08-19T23:22:57.5903283+01:00" endTime="2026-08-19T23:22:57.5903286+01:00" testType="13cdc9d9-ddb5-4fa4-a97d-d965ccfc6d4b" outcome="Passed" testListId="8c84fa94-04c1-424b-9868-57a2d4851a1d" relativeResultsDirectory="951979e3-d759-4c95-8737-20083dd78504" />
    <UnitTestResult executionId="7f5a4781-3dde-4bab-823a-d4b03d0d1df0" testId="ea2501d9-dd12-d39c-222c-3910a23b97a9" testName="DovahLinkValidationClient.Tests.HarnessProcessTests.WaitForExitCoordinationHonorsCancellation" computerName="IZAZENPRO" duration="00:00:00.1159437" startTime="2026-08-19T23:22:42.7784330+01:00" endTime="2026-08-19T23:22:42.7784333+01:00" testType="13cdc9d9-ddb5-4fa4-a97d-d965ccfc6d4b" outcome="Passed" testListId="8c84fa94-04c1-424b-9868-57a2d4851a1d" relativeResultsDirectory="7f5a4781-3dde-4bab-823a-d4b03d0d1df0" />
    <UnitTestResult executionId="90a98ca8-a38b-487b-86de-43967d2efb56" testId="4c3ae5ca-d5a4-628b-671f-837707ac8d58" testName="DovahLinkValidationClient.Tests.BridgeVersionCompatibilityTests.EvaluateReturnsUnparseableForANonNumericVersion" computerName="IZAZENPRO" duration="00:00:00.0000395" startTime="2026-08-19T23:22:42.5203060+01:00" endTime="2026-08-19T23:22:42.5203060+01:00" testType="13cdc9d9-ddb5-4fa4-a97d-d965ccfc6d4b" outcome="Passed" testListId="8c84fa94-04c1-424b-9868-57a2d4851a1d" relativeResultsDirectory="90a98ca8-a38b-487b-86de-43967d2efb56" />
    <UnitTestResult executionId="06345812-1e8b-4a07-8c47-077d700ef1e6" testId="fcc65136-19dd-9fb9-2ec3-014404ffdd01" testName="DovahLinkValidationClient.Tests.BridgeVersionScenarioTests.ExecuteAsyncDisconnectsWithoutContinuingWhenTheBridgeVersionIsUnsupported" computerName="IZAZENPRO" duration="00:00:00.0004393" startTime="2026-08-19T23:22:36.8666004+01:00" endTime="2026-08-19T23:22:36.8666004+01:00" testType="13cdc9d9-ddb5-4fa4-a97d-d965ccfc6d4b" outcome="Passed" testListId="8c84fa94-04c1-424b-9868-57a2d4851a1d" relativeResultsDirectory="06345812-1e8b-4a07-8c47-077d700ef1e6" />
    <UnitTestResult executionId="8b985dac-7733-44fc-ba67-7cc1755e4f2c" testId="11954ff3-c081-a27a-ba79-fb9c3b4cacd6" testName="DovahLinkValidationClient.Tests.BridgeConnectionTests.DisposeAsyncDoesNotAbortAfterSuccessfulGracefulClose" computerName="IZAZENPRO" duration="00:00:00.0003096" startTime="2026-08-19T23:22:43.1355686+01:00" endTime="2026-08-19T23:22:43.1355686+01:00" testType="13cdc9d9-ddb5-4fa4-a97d-d965ccfc6d4b" outcome="Passed" testListId="8c84fa94-04c1-424b-9868-57a2d4851a1d" relativeResultsDirectory="8b985dac-7733-44fc-ba67-7cc1755e4f2c" />
  </Results>
  <TestDefinitions>
    <UnitTest name="DovahLinkValidationClient.Tests.ReconnectScenarioTests.AClientThatNeverSendsHelloIsClosedWithinTheHandshakeTimeout" storage="c:\projects\dovahlink\integration\dovahlinkvalidationclient.tests\bin\release\net9.0\dovahlinkvalidationclient.tests.dll" id="fc5f4495-a9a1-a8db-5ca8-2f990fc25dd6">
      <Execution id="0c0e2134-cf1c-4249-8189-e81f20e6aa32" />
      <TestMethod codeBase="C:\Projects\DovahLink\integration\DovahLinkValidationClient.Tests\bin\Release\net9.0\DovahLinkValidationClient.Tests.dll" adapterTypeName="executor://xunit/VsTestRunner2/netcoreapp" className="DovahLinkValidationClient.Tests.ReconnectScenarioTests" name="AClientThatNeverSendsHelloIsClosedWithinTheHandshakeTimeout" />
    </UnitTest>
    <UnitTest name="DovahLinkValidationClient.Tests.BridgeScenarioTests.ReadPlayContextReportAsyncThrowsWhenTheOutputStreamEndsFirst" storage="c:\projects\dovahlink\integration\dovahlinkvalidationclient.tests\bin\release\net9.0\dovahlinkvalidationclient.tests.dll" id="0c8051b5-c0f5-24ab-8873-e5d7c851e565">
      <Execution id="64b93861-6ea3-471c-ac0c-0c0739537eea" />
      <TestMethod codeBase="C:\Projects\DovahLink\integration\DovahLinkValidationClient.Tests\bin\Release\net9.0\DovahLinkValidationClient.Tests.dll" adapterTypeName="executor://xunit/VsTestRunner2/netcoreapp" className="DovahLinkValidationClient.Tests.BridgeScenarioTests" name="ReadPlayContextReportAsyncThrowsWhenTheOutputStreamEndsFirst" />
    </UnitTest>
    <UnitTest name="DovahLinkValidationClient.Tests.EnvelopeTests.DecodeRejectsAnEmptyStringPlayContextId" storage="c:\projects\dovahlink\integration\dovahlinkvalidationclient.tests\bin\release\net9.0\dovahlinkvalidationclient.tests.dll" id="50ed2c4e-dece-116d-8216-dc78370d0903">
      <Execution id="827a8863-2935-4984-adf1-3800bfe89f4b" />
      <TestMethod codeBase="C:\Projects\DovahLink\integration\DovahLinkValidationClient.Tests\bin\Release\net9.0\DovahLinkValidationClient.Tests.dll" adapterTypeName="executor://xunit/VsTestRunner2/netcoreapp" className="DovahLinkValidationClient.Tests.EnvelopeTests" name="DecodeRejectsAnEmptyStringPlayContextId" />
    </UnitTest>
    <UnitTest name="DovahLinkValidationClient.Tests.PairingScenarioTests.ResumeAfterReconnectWithinGracePeriodReturnsInProgressWithExpirySeconds" storage="c:\projects\dovahlink\integration\dovahlinkvalidationclient.tests\bin\release\net9.0\dovahlinkvalidationclient.tests.dll" id="69d05f45-b45a-7133-a7de-72ef112d2ef0">
      <Execution id="453dbba3-d338-4a00-a6e5-ecc2ee12cbab" />
      <TestMethod codeBase="C:\Projects\DovahLink\integration\DovahLinkValidationClient.Tests\bin\Release\net9.0\DovahLinkValidationClient.Tests.dll" adapterTypeName="executor://xunit/VsTestRunner2/netcoreapp" className="DovahLinkValidationClient.Tests.PairingScenarioTests" name="ResumeAfterReconnectWithinGracePeriodReturnsInProgressWithExpirySeconds" />
    </UnitTest>
    <UnitTest name="DovahLinkValidationClient.Tests.BridgeVersionScenarioTests.ExecuteAsyncFailsWithoutCheckingCompatibilityWhenTheBridgeRejectsHello" storage="c:\projects\dovahlink\integration\dovahlinkvalidationclient.tests\bin\release\net9.0\dovahlinkvalidationclient.tests.dll" id="8f55bf43-e07e-de5c-a006-bb97ba10d112">
      <Execution id="9683e5ff-53da-4dcd-8501-7ad4e94f7da1" />
      <TestMethod codeBase="C:\Projects\DovahLink\integration\DovahLinkValidationClient.Tests\bin\Release\net9.0\DovahLinkValidationClient.Tests.dll" adapterTypeName="executor://xunit/VsTestRunner2/netcoreapp" className="DovahLinkValidationClient.Tests.BridgeVersionScenarioTests" name="ExecuteAsyncFailsWithoutCheckingCompatibilityWhenTheBridgeRejectsHello" />
    </UnitTest>
    <UnitTest name="DovahLinkValidationClient.Tests.StateScenarioTests.SnapshotRequestForAnUnregisteredAreaReturnsUnsupportedCapabilityError" storage="c:\projects\dovahlink\integration\dovahlinkvalidationclient.tests\bin\release\net9.0\dovahlinkvalidationclient.tests.dll" id="fc6c40fd-47ad-a3de-21d8-47fc3bcc0d68">
      <Execution id="56bc2fb7-f1c6-498b-bb85-f9373ab730a8" />
      <TestMethod codeBase="C:\Projects\DovahLink\integration\DovahLinkValidationClient.Tests\bin\Release\net9.0\DovahLinkValidationClient.Tests.dll" adapterTypeName="executor://xunit/VsTestRunner2/netcoreapp" className="DovahLinkValidationClient.Tests.StateScenarioTests" name="SnapshotRequestForAnUnregisteredAreaReturnsUnsupportedCapabilityError" />
    </UnitTest>
    <UnitTest name="DovahLinkValidationClient.Tests.LimitsScenarioTests.ObjectWithTooManyMembersIsRejectedAsMalformedMessage" storage="c:\projects\dovahlink\integration\dovahlinkvalidationclient.tests\bin\release\net9.0\dovahlinkvalidationclient.tests.dll" id="a045aa8d-0105-7e59-9a8a-c7cb301cdf7d">
      <Execution id="4cd8203e-4c53-4647-b5d4-8bec395cc915" />
      <TestMethod codeBase="C:\Projects\DovahLink\integration\DovahLinkValidationClient.Tests\bin\Release\net9.0\DovahLinkValidationClient.Tests.dll" adapterTypeName="executor://xunit/VsTestRunner2/netcoreapp" className="DovahLinkValidationClient.Tests.LimitsScenarioTests" name="ObjectWithTooManyMembersIsRejectedAsMalformedMessage" />
    </UnitTest>
    <UnitTest name="DovahLinkValidationClient.Tests.BridgeScenarioTests.ReadPlayContextReportAsyncThrowsWhenTheLineIsMissingItsPrefix" storage="c:\projects\dovahlink\integration\dovahlinkvalidationclient.tests\bin\release\net9.0\dovahlinkvalidationclient.tests.dll" id="61af163a-d463-841f-5121-55fff88c747e">
      <Execution id="24b32b49-110f-4a8f-800c-4069fd7d4d02" />
      <TestMethod codeBase="C:\Projects\DovahLink\integration\DovahLinkValidationClient.Tests\bin\Release\net9.0\DovahLinkValidationClient.Tests.dll" adapterTypeName="executor://xunit/VsTestRunner2/netcoreapp" className="DovahLinkValidationClient.Tests.BridgeScenarioTests" name="ReadPlayContextReportAsyncThrowsWhenTheLineIsMissingItsPrefix" />
    </UnitTest>
    <UnitTest name="DovahLinkValidationClient.Tests.BridgeVersionScenarioTests.ExecuteAsyncRejectsIdentityMismatchBeforeCheckingBridgeVersionCompatibility" storage="c:\projects\dovahlink\integration\dovahlinkvalidationclient.tests\bin\release\net9.0\dovahlinkvalidationclient.tests.dll" id="f777b890-290f-4c7c-74ed-5e75a98b0806">
      <Execution id="f1049872-b0fa-43f1-9244-2531709fb098" />
      <TestMethod codeBase="C:\Projects\DovahLink\integration\DovahLinkValidationClient.Tests\bin\Release\net9.0\DovahLinkValidationClient.Tests.dll" adapterTypeName="executor://xunit/VsTestRunner2/netcoreapp" className="DovahLinkValidationClient.Tests.BridgeVersionScenarioTests" name="ExecuteAsyncRejectsIdentityMismatchBeforeCheckingBridgeVersionCompatibility" />
    </UnitTest>
    <UnitTest name="DovahLinkValidationClient.Tests.PairingScenarioTests.RevokeWhileConnectedClosesTheLiveSessionImmediately" storage="c:\projects\dovahlink\integration\dovahlinkvalidationclient.tests\bin\release\net9.0\dovahlinkvalidationclient.tests.dll" id="b99893e4-1c8b-688d-76e5-56ac82b6f95b">
      <Execution id="2cbe8637-c7e3-414d-95d4-c783f58d4082" />
      <TestMethod codeBase="C:\Projects\DovahLink\integration\DovahLinkValidationClient.Tests\bin\Release\net9.0\DovahLinkValidationClient.Tests.dll" adapterTypeName="executor://xunit/VsTestRunner2/netcoreapp" className="DovahLinkValidationClient.Tests.PairingScenarioTests" name="RevokeWhileConnectedClosesTheLiveSessionImmediately" />
    </UnitTest>
    <UnitTest name="DovahLinkValidationClient.Tests.PairingScenarioTests.WrongCodeYieldsAnInvalidOutcome" storage="c:\projects\dovahlink\integration\dovahlinkvalidationclient.tests\bin\release\net9.0\dovahlinkvalidationclient.tests.dll" id="df022da4-9f6a-d731-4f7f-7f5794336c24">
      <Execution id="50972a1a-334a-40c7-99b7-783cff1a6596" />
      <TestMethod codeBase="C:\Projects\DovahLink\integration\DovahLinkValidationClient.Tests\bin\Release\net9.0\DovahLinkValidationClient.Tests.dll" adapterTypeName="executor://xunit/VsTestRunner2/netcoreapp" className="DovahLinkValidationClient.Tests.PairingScenarioTests" name="WrongCodeYieldsAnInvalidOutcome" />
    </UnitTest>
    <UnitTest name="DovahLinkValidationClient.Tests.BridgeVersionScenarioTests.ExecuteAsyncDisconnectsWithoutContinuingWhenTheBridgeVersionIsUnsupported" storage="c:\projects\dovahlink\integration\dovahlinkvalidationclient.tests\bin\release\net9.0\dovahlinkvalidationclient.tests.dll" id="fcc65136-19dd-9fb9-2ec3-014404ffdd01">
      <Execution id="06345812-1e8b-4a07-8c47-077d700ef1e6" />
      <TestMethod codeBase="C:\Projects\DovahLink\integration\DovahLinkValidationClient.Tests\bin\Release\net9.0\DovahLinkValidationClient.Tests.dll" adapterTypeName="executor://xunit/VsTestRunner2/netcoreapp" className="DovahLinkValidationClient.Tests.BridgeVersionScenarioTests" name="ExecuteAsyncDisconnectsWithoutContinuingWhenTheBridgeVersionIsUnsupported" />
    </UnitTest>
    <UnitTest name="DovahLinkValidationClient.Tests.EnvelopeTests.DecodeRejectsMissingBridgeInstanceId" storage="c:\projects\dovahlink\integration\dovahlinkvalidationclient.tests\bin\release\net9.0\dovahlinkvalidationclient.tests.dll" id="35fd9650-561d-073e-3958-5ea9b0c47140">
      <Execution id="976b04ff-f17d-40cb-9a73-1d077f68230f" />
      <TestMethod codeBase="C:\Projects\DovahLink\integration\DovahLinkValidationClient.Tests\bin\Release\net9.0\DovahLinkValidationClient.Tests.dll" adapterTypeName="executor://xunit/VsTestRunner2/netcoreapp" className="DovahLinkValidationClient.Tests.EnvelopeTests" name="DecodeRejectsMissingBridgeInstanceId" />
    </UnitTest>
    <UnitTest name="DovahLinkValidationClient.Tests.BridgeConnectionTests.ReceiveAsyncUsesTheArraySegmentOverload" storage="c:\projects\dovahlink\integration\dovahlinkvalidationclient.tests\bin\release\net9.0\dovahlinkvalidationclient.tests.dll" id="93aa9b49-a2cf-83d2-9763-9b6d20222fd7">
      <Execution id="d3a068a4-68c7-4f3c-94f6-c1769564a162" />
      <TestMethod codeBase="C:\Projects\DovahLink\integration\DovahLinkValidationClient.Tests\bin\Release\net9.0\DovahLinkValidationClient.Tests.dll" adapterTypeName="executor://xunit/VsTestRunner2/netcoreapp" className="DovahLinkValidationClient.Tests.BridgeConnectionTests" name="ReceiveAsyncUsesTheArraySegmentOverload" />
    </UnitTest>
[...]
    <TestEntry testId="3773689a-ce0b-7ce3-1ef0-c0c2e8b5df84" executionId="dc6d9622-cc8f-4ef2-94d6-8eed50e00c88" testListId="8c84fa94-04c1-424b-9868-57a2d4851a1d" />
    <TestEntry testId="7ccfd0fd-7aa2-b535-6c02-28574e3f529c" executionId="bb61e45d-5fe6-4054-8f2a-f7461f8baf98" testListId="8c84fa94-04c1-424b-9868-57a2d4851a1d" />
    <TestEntry testId="f6631c8e-58fb-6a45-09e9-25a4357928c9" executionId="49850118-62c5-4e66-9ebc-49dece7033ed" testListId="8c84fa94-04c1-424b-9868-57a2d4851a1d" />
    <TestEntry testId="50ed2c4e-dece-116d-8216-dc78370d0903" executionId="827a8863-2935-4984-adf1-3800bfe89f4b" testListId="8c84fa94-04c1-424b-9868-57a2d4851a1d" />
    <TestEntry testId="563d9afc-8100-443f-3646-55f819564144" executionId="89eaf182-dc0a-4fa7-b2d0-84523c50a5ac" testListId="8c84fa94-04c1-424b-9868-57a2d4851a1d" />
    <TestEntry testId="0535ab62-9867-a146-c6b8-f21b45746c0c" executionId="3c82fc84-8837-4ba0-927e-0ea4a5b2b446" testListId="8c84fa94-04c1-424b-9868-57a2d4851a1d" />
    <TestEntry testId="0c8051b5-c0f5-24ab-8873-e5d7c851e565" executionId="64b93861-6ea3-471c-ac0c-0c0739537eea" testListId="8c84fa94-04c1-424b-9868-57a2d4851a1d" />
    <TestEntry testId="aa2436d9-0f8a-2d9b-a0e4-766a185b4b93" executionId="4a3aa41b-5052-4163-b6e5-63fb85d58e87" testListId="8c84fa94-04c1-424b-9868-57a2d4851a1d" />
    <TestEntry testId="071385c5-116b-892e-66e8-cb1c0b3c9726" executionId="96a66f3a-17ef-48f7-99b9-6740eda9c00c" testListId="8c84fa94-04c1-424b-9868-57a2d4851a1d" />
    <TestEntry testId="e71e36b7-7d32-ada2-4abf-520161ba4e21" executionId="16632d15-e4b7-4970-a045-1d325ed3feb9" testListId="8c84fa94-04c1-424b-9868-57a2d4851a1d" />
    <TestEntry testId="9d3d6d07-22d5-16e4-f722-8874452d9dae" executionId="5a051550-5d63-4a47-b7a1-ffb496d892e0" testListId="8c84fa94-04c1-424b-9868-57a2d4851a1d" />
    <TestEntry testId="83b36505-27a6-c471-f741-0a5356d53a2d" executionId="4cc28129-94f9-484e-952a-84b4951f2568" testListId="8c84fa94-04c1-424b-9868-57a2d4851a1d" />
    <TestEntry testId="79e70e30-1333-034c-ed72-1303a1f09f13" executionId="764715ca-df64-41a1-9b8f-71d9e921c044" testListId="8c84fa94-04c1-424b-9868-57a2d4851a1d" />
    <TestEntry testId="bdb3630a-5901-4bd5-5a78-9ee4c44dc4c0" executionId="c4a523ee-4834-4909-94d0-d6b61ff1d74c" testListId="8c84fa94-04c1-424b-9868-57a2d4851a1d" />
    <TestEntry testId="cf01bab3-fa0f-bed3-b2dc-a437a90a24d6" executionId="39c60f43-34eb-4209-9d86-0f50e092408c" testListId="8c84fa94-04c1-424b-9868-57a2d4851a1d" />
    <TestEntry testId="442b2dcb-f1b9-54c4-8f64-e589f4abf1b5" executionId="0d2e612c-b3cd-4f3e-8a48-dca646d25d5d" testListId="8c84fa94-04c1-424b-9868-57a2d4851a1d" />
    <TestEntry testId="998a4c72-f1a3-fe20-1a3f-82c7fcf8f0c1" executionId="249ed34f-9a85-4f46-ac03-6f3f9a8e1d01" testListId="8c84fa94-04c1-424b-9868-57a2d4851a1d" />
    <TestEntry testId="125530e8-a57a-fb78-61c5-3c911e58177b" executionId="a6c7e497-e46b-4b19-a4ee-184578433f16" testListId="8c84fa94-04c1-424b-9868-57a2d4851a1d" />
    <TestEntry testId="04b52858-7043-37d0-a7df-e1ca83bf1f71" executionId="500812ae-044d-4029-81ff-9ebc60f87e7d" testListId="8c84fa94-04c1-424b-9868-57a2d4851a1d" />
    <TestEntry testId="5026bf6c-24ee-267a-56a4-71186ccdd670" executionId="cbfe9263-ee70-4efe-b8dc-fb432c7886be" testListId="8c84fa94-04c1-424b-9868-57a2d4851a1d" />
    <TestEntry testId="2b65de7c-7256-a3ce-7555-71230c1c932f" executionId="e2fa88e4-b557-4804-bf21-461cd69441dc" testListId="8c84fa94-04c1-424b-9868-57a2d4851a1d" />
    <TestEntry testId="a7db23d2-21a5-8e76-9e1c-e568598ee931" executionId="74629c9d-1cf7-4e03-8f9f-d0d50442ac20" testListId="8c84fa94-04c1-424b-9868-57a2d4851a1d" />
    <TestEntry testId="d4a68b9f-78e1-97d9-805c-0b34ceddde21" executionId="e75a78b5-2b03-4ce5-aba1-692a3ee5fa45" testListId="8c84fa94-04c1-424b-9868-57a2d4851a1d" />
    <TestEntry testId="4ef2a6cd-23fa-4e64-9a37-210e57234a49" executionId="acad6e9d-cc34-4d4c-8ca5-2d95d5af6992" testListId="8c84fa94-04c1-424b-9868-57a2d4851a1d" />
    <TestEntry testId="549476e5-8b0d-d08f-c70b-017bc8bac89d" executionId="b33c3df3-92b4-4c1e-bede-d18700e3647e" testListId="8c84fa94-04c1-424b-9868-57a2d4851a1d" />
    <TestEntry testId="f76cfb80-c1b1-98b4-c12b-a1402f9d0e99" executionId="3717a55c-cc22-4822-ae99-585208aaa326" testListId="8c84fa94-04c1-424b-9868-57a2d4851a1d" />
    <TestEntry testId="a045aa8d-0105-7e59-9a8a-c7cb301cdf7d" executionId="4cd8203e-4c53-4647-b5d4-8bec395cc915" testListId="8c84fa94-04c1-424b-9868-57a2d4851a1d" />
    <TestEntry testId="ecbe7f45-90ef-0d1d-4e78-7347c80f4492" executionId="f52a9339-85de-4e6e-975d-08d49f985d46" testListId="8c84fa94-04c1-424b-9868-57a2d4851a1d" />
    <TestEntry testId="7aa26688-6a51-b15c-9cd3-91175914ad6b" executionId="d11df7b7-40be-476d-b2a0-867d28b02a1e" testListId="8c84fa94-04c1-424b-9868-57a2d4851a1d" />
    <TestEntry testId="35fd9650-561d-073e-3958-5ea9b0c47140" executionId="976b04ff-f17d-40cb-9a73-1d077f68230f" testListId="8c84fa94-04c1-424b-9868-57a2d4851a1d" />
    <TestEntry testId="e827624b-93da-aadd-3704-6f43c6b38cf7" executionId="799ec346-7d9f-4705-8b7a-932c0abc5666" testListId="8c84fa94-04c1-424b-9868-57a2d4851a1d" />
    <TestEntry testId="6663556e-32c8-9dd5-bc9c-41bb3138e952" executionId="e2119c17-06e0-4838-8584-e8e447953a6c" testListId="8c84fa94-04c1-424b-9868-57a2d4851a1d" />
    <TestEntry testId="9b320f50-18cc-909b-3b3a-9d2d86d90e3f" executionId="be82ec11-d960-42df-ab10-0bd51a7abc71" testListId="8c84fa94-04c1-424b-9868-57a2d4851a1d" />
    <TestEntry testId="4731cac3-a6ad-967e-6de5-dc3265741f9d" executionId="1117b572-a9c3-4eb8-acb7-37e083245f32" testListId="8c84fa94-04c1-424b-9868-57a2d4851a1d" />
    <TestEntry testId="8573504b-e9d0-498f-b388-c927dc61142f" executionId="98b0f96b-cc4a-498f-a492-0aec64360c00" testListId="8c84fa94-04c1-424b-9868-57a2d4851a1d" />
    <TestEntry testId="f25adcad-e161-15e1-84af-2da1a56228f3" executionId="ab469aec-80c5-429b-90aa-24e761dec2fa" testListId="8c84fa94-04c1-424b-9868-57a2d4851a1d" />
    <TestEntry testId="06e243f9-fa22-4351-73fb-88d51ce52363" executionId="662e753a-0b03-483c-9ac7-3ad2ecb58c1b" testListId="8c84fa94-04c1-424b-9868-57a2d4851a1d" />
    <TestEntry testId="6209cdb5-936a-250a-8be0-7b0685a777d1" executionId="37e1bfa5-c385-4833-897e-6ff95b6fdef6" testListId="8c84fa94-04c1-424b-9868-57a2d4851a1d" />
    <TestEntry testId="19126409-899b-76d4-1fcc-40b62d6cfcbf" executionId="32c0d1f8-3033-483c-b7b4-c12991361bb0" testListId="8c84fa94-04c1-424b-9868-57a2d4851a1d" />
    <TestEntry testId="69d05f45-b45a-7133-a7de-72ef112d2ef0" executionId="453dbba3-d338-4a00-a6e5-ecc2ee12cbab" testListId="8c84fa94-04c1-424b-9868-57a2d4851a1d" />
    <TestEntry testId="89c8cce1-14b4-e0a9-ac72-d3e733cb3465" executionId="02c3a62d-fa0c-4f26-bb3a-063596f30f96" testListId="8c84fa94-04c1-424b-9868-57a2d4851a1d" />
    <TestEntry testId="6ca993c9-44ff-c45f-54e0-b385383a392b" executionId="6af3fc25-b31c-49f6-807e-47661e9bcb64" testListId="8c84fa94-04c1-424b-9868-57a2d4851a1d" />
    <TestEntry testId="743a3de4-a37d-db47-5c4b-1bdf613ba32a" executionId="92ff51e1-7b1e-48fc-b66a-a6365a4a0296" testListId="8c84fa94-04c1-424b-9868-57a2d4851a1d" />
    <TestEntry testId="dd2542e1-c368-bcd7-a6af-2ae523752bd3" executionId="980d23f3-8171-4238-9f10-ca56772d94e9" testListId="8c84fa94-04c1-424b-9868-57a2d4851a1d" />
    <TestEntry testId="c14b97f8-c927-7152-1fbf-e4c74589b570" executionId="80a43247-4d12-441d-a413-d96c8060f6fd" testListId="8c84fa94-04c1-424b-9868-57a2d4851a1d" />
    <TestEntry testId="f089798c-e8b9-7fe8-893b-e302229088ed" executionId="8d4be413-8e40-476b-a73d-3fa9da0d24c0" testListId="8c84fa94-04c1-424b-9868-57a2d4851a1d" />
    <TestEntry testId="bc0f7f51-bf6e-1cff-c225-6eb17333b053" executionId="00a52612-59d3-4d03-8c27-9e8331eb4a41" testListId="8c84fa94-04c1-424b-9868-57a2d4851a1d" />
    <TestEntry testId="1b2d14cd-094a-a4f7-1c4b-324684bf4f2d" executionId="0662e1e2-478a-4ff5-a888-9dc69d19dfd6" testListId="8c84fa94-04c1-424b-9868-57a2d4851a1d" />
    <TestEntry testId="6f9b9274-988e-b2d4-fdb6-49a9d0791a17" executionId="37854080-2adc-4089-8899-dbe48ecf87ed" testListId="8c84fa94-04c1-424b-9868-57a2d4851a1d" />
    <TestEntry testId="2cb4f1c4-234e-6b43-da2d-ade4010f79c4" executionId="d5fa1191-4a0a-4996-808d-9b93ae2731a7" testListId="8c84fa94-04c1-424b-9868-57a2d4851a1d" />
    <TestEntry testId="c3ce5325-427e-bdf8-757a-9a66d828463c" executionId="8b85c733-699e-4536-9e46-e9f3f9fbc3d5" testListId="8c84fa94-04c1-424b-9868-57a2d4851a1d" />
    <TestEntry testId="fc5f4495-a9a1-a8db-5ca8-2f990fc25dd6" executionId="0c0e2134-cf1c-4249-8189-e81f20e6aa32" testListId="8c84fa94-04c1-424b-9868-57a2d4851a1d" />
    <TestEntry testId="bd498c45-9d4b-b7ae-4ff1-dce9acfd97af" executionId="8a53cd4e-180e-4e0f-9003-8e43fb2cd01f" testListId="8c84fa94-04c1-424b-9868-57a2d4851a1d" />
    <TestEntry testId="f788291b-9555-d0d6-1678-dbf3bfcbfbb3" executionId="db2ad1f2-c717-48cc-9bab-51459593c900" testListId="8c84fa94-04c1-424b-9868-57a2d4851a1d" />
    <TestEntry testId="29f608d4-b655-ef75-a651-1c9cd8b8f55b" executionId="450e6a11-e629-49e0-865e-9b75558c7dfd" testListId="8c84fa94-04c1-424b-9868-57a2d4851a1d" />
    <TestEntry testId="fedb5f49-d5db-213c-9411-14e1c28316d3" executionId="7eedd990-f77f-475c-bf3e-1c97f8136877" testListId="8c84fa94-04c1-424b-9868-57a2d4851a1d" />
    <TestEntry testId="941178e8-6e72-3c9f-5561-6bba5147fac8" executionId="6ec03ade-6d81-41e6-8327-138c4683cb85" testListId="8c84fa94-04c1-424b-9868-57a2d4851a1d" />
    <TestEntry testId="c78e547b-2b35-c968-d60f-b7f3d048bea1" executionId="9315e1df-c600-4e6c-83f5-9ca7262f066b" testListId="8c84fa94-04c1-424b-9868-57a2d4851a1d" />
    <TestEntry testId="4c1f2f9e-1ffb-f8ca-67dc-068b62f90d22" executionId="3682550c-888c-487b-bbfd-f2579fb91d12" testListId="8c84fa94-04c1-424b-9868-57a2d4851a1d" />
    <TestEntry testId="fc6c40fd-47ad-a3de-21d8-47fc3bcc0d68" executionId="56bc2fb7-f1c6-498b-bb85-f9373ab730a8" testListId="8c84fa94-04c1-424b-9868-57a2d4851a1d" />
    <TestEntry testId="1aa067a5-a9d0-6dc1-fa86-acdf011db71c" executionId="572f8241-d309-4025-9a9f-d45e3039062e" testListId="8c84fa94-04c1-424b-9868-57a2d4851a1d" />
    <TestEntry testId="242effc4-7c34-5c9e-623a-8670d65e9504" executionId="11b11a31-7fa6-4c2c-9a06-113fdc3be233" testListId="8c84fa94-04c1-424b-9868-57a2d4851a1d" />
    <TestEntry testId="d3cfffdc-fc8d-9024-bf37-fc6873b9d9b4" executionId="d347c5ff-0de6-4573-bc69-7b2c4cd7a236" testListId="8c84fa94-04c1-424b-9868-57a2d4851a1d" />
    <TestEntry testId="3ddac43d-a012-ffc0-c09c-ab13feabf668" executionId="03f91b60-d414-45ad-bad9-7cb1118924d4" testListId="8c84fa94-04c1-424b-9868-57a2d4851a1d" />
    <TestEntry testId="0343cbff-8456-d2fa-6c95-4f5537571de2" executionId="061d5a1e-906d-4d92-9487-b7738c1bed19" testListId="8c84fa94-04c1-424b-9868-57a2d4851a1d" />
    <TestEntry testId="f1c633b1-93a6-5fd2-8a2d-de113aaf01a0" executionId="8d6cc29f-04a4-4f1c-bcef-2874070ced82" testListId="8c84fa94-04c1-424b-9868-57a2d4851a1d" />
    <TestEntry testId="9e0f932f-321c-565f-3ee9-6f84e9ac5fda" executionId="407beb5c-284f-4209-bdc0-2b259a6ac43a" testListId="8c84fa94-04c1-424b-9868-57a2d4851a1d" />
    <TestEntry testId="e1a4cef9-ddd3-da97-4f21-5370c7b2b694" executionId="6f71d7e7-89ce-41de-8acb-d062fb5aceeb" testListId="8c84fa94-04c1-424b-9868-57a2d4851a1d" />
    <TestEntry testId="66e41856-1729-b964-2eae-b9b68d313486" executionId="15deb8ce-f750-43ab-abba-38457efe9cda" testListId="8c84fa94-04c1-424b-9868-57a2d4851a1d" />
    <TestEntry testId="c8022c1f-bd66-f8f4-aa48-7a00c8b60f29" executionId="c15da975-73d9-49c5-8b25-bd5b51839078" testListId="8c84fa94-04c1-424b-9868-57a2d4851a1d" />
    <TestEntry testId="c0906cb2-4bd5-855e-2eac-43c075769d65" executionId="e60f39e5-edaf-45ad-b453-37443238c8ed" testListId="8c84fa94-04c1-424b-9868-57a2d4851a1d" />
    <TestEntry testId="59684e3d-4483-b2a4-8148-8905dda96998" executionId="33759de8-6c05-42bd-bc7e-a9f7d1c22b44" testListId="8c84fa94-04c1-424b-9868-57a2d4851a1d" />
    <TestEntry testId="f66ce900-abba-5bf2-8849-7bbef3e1ed02" executionId="ce3f7558-596f-435d-914c-263873dfe4ba" testListId="8c84fa94-04c1-424b-9868-57a2d4851a1d" />
    <TestEntry testId="148160ac-7a8c-f52d-7585-c9d51ec28040" executionId="0c7c9ab6-0733-406d-8f3b-344b2557ab94" testListId="8c84fa94-04c1-424b-9868-57a2d4851a1d" />
    <TestEntry testId="93aa9b49-a2cf-83d2-9763-9b6d20222fd7" executionId="d3a068a4-68c7-4f3c-94f6-c1769564a162" testListId="8c84fa94-04c1-424b-9868-57a2d4851a1d" />
    <TestEntry testId="61af163a-d463-841f-5121-55fff88c747e" executionId="24b32b49-110f-4a8f-800c-4069fd7d4d02" testListId="8c84fa94-04c1-424b-9868-57a2d4851a1d" />
    <TestEntry testId="5dfb3b04-1084-6cb1-d6f5-22974eb94eb9" executionId="23e415c2-12ef-4a09-8072-0c3c7d28ab46" testListId="8c84fa94-04c1-424b-9868-57a2d4851a1d" />
    <TestEntry testId="8125c7cb-9341-adb9-1a56-cec875c96512" executionId="a1c571b0-2091-450f-992b-f19da496520d" testListId="8c84fa94-04c1-424b-9868-57a2d4851a1d" />
    <TestEntry testId="b99893e4-1c8b-688d-76e5-56ac82b6f95b" executionId="2cbe8637-c7e3-414d-95d4-c783f58d4082" testListId="8c84fa94-04c1-424b-9868-57a2d4851a1d" />
    <TestEntry testId="aa8a09bc-ff68-1f76-4637-8ad67f633c07" executionId="d959cd43-d238-4e35-a682-8fcfea3d9355" testListId="8c84fa94-04c1-424b-9868-57a2d4851a1d" />
    <TestEntry testId="97491eb3-68eb-06cd-cd13-8f5d17dac9ea" executionId="4b718089-5a99-4913-b68c-d694e8c9febd" testListId="8c84fa94-04c1-424b-9868-57a2d4851a1d" />
    <TestEntry testId="d594953d-1aca-2ee9-a2c0-9080109c2d8f" executionId="48838ef6-e913-4eb7-af63-b631383c1b66" testListId="8c84fa94-04c1-424b-9868-57a2d4851a1d" />
    <TestEntry testId="c98f3a59-1b64-a310-5d37-e57e2db6e0cf" executionId="c783bfad-46ac-43a4-98cd-5338b2bb54c1" testListId="8c84fa94-04c1-424b-9868-57a2d4851a1d" />
    <TestEntry testId="de486395-b4f0-efe1-9490-e4cf245ac2ad" executionId="58c0b93c-9f97-44fa-832d-d3121f0f15e6" testListId="8c84fa94-04c1-424b-9868-57a2d4851a1d" />
    <TestEntry testId="6b389d3e-c878-c3d6-3f04-9a63cb3d92ad" executionId="e195ae42-769b-4398-826a-dbf590736399" testListId="8c84fa94-04c1-424b-9868-57a2d4851a1d" />
    <TestEntry testId="9934db83-efa5-ba5c-98ee-f1debdeb8c72" executionId="65aefa32-2862-4594-b32d-c33688c6f435" testListId="8c84fa94-04c1-424b-9868-57a2d4851a1d" />
    <TestEntry testId="921a5162-22ab-58cc-e084-8767b2508398" executionId="e5e0f7b6-03f6-444d-81f6-23d982b3beb3" testListId="8c84fa94-04c1-424b-9868-57a2d4851a1d" />
    <TestEntry testId="60898e2a-c4a1-06c3-b44f-c56d779e391c" executionId="7722ae33-0890-45ae-9dee-f6713998a07c" testListId="8c84fa94-04c1-424b-9868-57a2d4851a1d" />
    <TestEntry testId="e2898f2b-3645-517b-9cdc-634d353bdf3d" executionId="f1946269-13b7-4f43-aed1-9e885362fbad" testListId="8c84fa94-04c1-424b-9868-57a2d4851a1d" />
    <TestEntry testId="ba299033-b119-d745-c842-df06e2581ada" executionId="b05399e6-2127-4ece-b5a0-81abac26dd7f" testListId="8c84fa94-04c1-424b-9868-57a2d4851a1d" />
    <TestEntry testId="df022da4-9f6a-d731-4f7f-7f5794336c24" executionId="50972a1a-334a-40c7-99b7-783cff1a6596" testListId="8c84fa94-04c1-424b-9868-57a2d4851a1d" />
    <TestEntry testId="bd4cd1f4-f564-fde1-6f9f-bb7f7a081716" executionId="5be062b6-1e7e-4d3e-9a5a-1f9bf5cdb74c" testListId="8c84fa94-04c1-424b-9868-57a2d4851a1d" />
    <TestEntry testId="78802478-442e-ae6e-f9f9-64b40b01ff56" executionId="e959b4a8-4219-4234-99fe-45a3765296f1" testListId="8c84fa94-04c1-424b-9868-57a2d4851a1d" />
    <TestEntry testId="f777b890-290f-4c7c-74ed-5e75a98b0806" executionId="f1049872-b0fa-43f1-9244-2531709fb098" testListId="8c84fa94-04c1-424b-9868-57a2d4851a1d" />
    <TestEntry testId="8e308ebf-81f8-f735-d24d-979775a52295" executionId="e846fe4a-ada0-46e2-aa18-30aaf8a5117c" testListId="8c84fa94-04c1-424b-9868-57a2d4851a1d" />
    <TestEntry testId="40f4f9e3-aee2-34a8-f532-5812db934891" executionId="5eb1e4a0-338c-479a-8df6-c3b711b28e2d" testListId="8c84fa94-04c1-424b-9868-57a2d4851a1d" />
    <TestEntry testId="eee2f3d0-b604-0822-37fc-6518c2ea5264" executionId="b478a1f0-57bb-494c-93d2-098a330bd46a" testListId="8c84fa94-04c1-424b-9868-57a2d4851a1d" />
    <TestEntry testId="6ff026ab-db0c-4594-a786-ae95afca6a66" executionId="9cb0cda8-07c6-47ec-9274-27ac57c0e7f6" testListId="8c84fa94-04c1-424b-9868-57a2d4851a1d" />
    <TestEntry testId="c6d7a7df-446c-fe10-1315-3e4866298ce6" executionId="c4d3166f-a318-46ff-96e8-45abe23d67b0" testListId="8c84fa94-04c1-424b-9868-57a2d4851a1d" />
    <TestEntry testId="f09f1f51-8f3b-45fa-8b62-91eab104f4f6" executionId="71353c15-a3d7-4be0-984b-bae3eb5a93b7" testListId="8c84fa94-04c1-424b-9868-57a2d4851a1d" />
    <TestEntry testId="4e3f0330-e97a-5ebf-b09d-8f85ae2ad9e5" executionId="248eb604-f477-4077-bbae-e0a5a554c405" testListId="8c84fa94-04c1-424b-9868-57a2d4851a1d" />
    <TestEntry testId="181e11c8-eeb1-2549-b081-1f334a172696" executionId="71b7d990-e981-460c-88e4-045254c7c805" testListId="8c84fa94-04c1-424b-9868-57a2d4851a1d" />
    <TestEntry testId="b84f8b36-70ef-99fb-ede2-1ae26915132e" executionId="89bb2fcc-fb02-4147-8b49-c19aa24d4f7b" testListId="8c84fa94-04c1-424b-9868-57a2d4851a1d" />
    <TestEntry testId="fe827aa0-e6a4-62f1-264f-c8aae13f212a" executionId="fdc9025c-1107-4efe-9967-0645e95f1d0c" testListId="8c84fa94-04c1-424b-9868-57a2d4851a1d" />
    <TestEntry testId="5b8e7408-e5de-8da4-51c0-0a878ae9e793" executionId="791a3343-1324-4475-b002-bd644bea60f9" testListId="8c84fa94-04c1-424b-9868-57a2d4851a1d" />
    <TestEntry testId="0a337ad9-bbb3-0aba-4b30-91ee029ca12c" executionId="dd9bae46-2259-4806-8382-79356cb2ed22" testListId="8c84fa94-04c1-424b-9868-57a2d4851a1d" />
    <TestEntry testId="f1281924-f8ab-bfe6-3dc9-d1c5258591c3" executionId="8b5100c3-afb9-4310-8958-92dc555321ce" testListId="8c84fa94-04c1-424b-9868-57a2d4851a1d" />
    <TestEntry testId="62b8a6e2-4f2d-1a06-a35b-35b629265e9e" executionId="230e0327-a661-4fa2-98f2-350ab5ee6f76" testListId="8c84fa94-04c1-424b-9868-57a2d4851a1d" />
    <TestEntry testId="8f55bf43-e07e-de5c-a006-bb97ba10d112" executionId="9683e5ff-53da-4dcd-8501-7ad4e94f7da1" testListId="8c84fa94-04c1-424b-9868-57a2d4851a1d" />
    <TestEntry testId="7e939837-6031-1857-9ccd-fad2a1af868a" executionId="b41e5060-31b3-46bd-8543-44fa42b313ec" testListId="8c84fa94-04c1-424b-9868-57a2d4851a1d" />
    <TestEntry testId="357c9650-24f3-9a69-5609-4165a464216d" executionId="951979e3-d759-4c95-8737-20083dd78504" testListId="8c84fa94-04c1-424b-9868-57a2d4851a1d" />
    <TestEntry testId="ea2501d9-dd12-d39c-222c-3910a23b97a9" executionId="7f5a4781-3dde-4bab-823a-d4b03d0d1df0" testListId="8c84fa94-04c1-424b-9868-57a2d4851a1d" />
    <TestEntry testId="4c3ae5ca-d5a4-628b-671f-837707ac8d58" executionId="90a98ca8-a38b-487b-86de-43967d2efb56" testListId="8c84fa94-04c1-424b-9868-57a2d4851a1d" />
    <TestEntry testId="fcc65136-19dd-9fb9-2ec3-014404ffdd01" executionId="06345812-1e8b-4a07-8c47-077d700ef1e6" testListId="8c84fa94-04c1-424b-9868-57a2d4851a1d" />
    <TestEntry testId="11954ff3-c081-a27a-ba79-fb9c3b4cacd6" executionId="8b985dac-7733-44fc-ba67-7cc1755e4f2c" testListId="8c84fa94-04c1-424b-9868-57a2d4851a1d" />
  </TestEntries>
  <TestLists>
    <TestList name="Results Not in a List" id="8c84fa94-04c1-424b-9868-57a2d4851a1d" />
    <TestList name="All Loaded Results" id="19431567-8539-422a-85d7-44ee4e166bda" />
  </TestLists>
  <ResultSummary outcome="Completed">
    <Counters total="123" executed="123" passed="123" failed="0" error="0" timeout="0" aborted="0" inconclusive="0" passedButRunAborted="0" notRunnable="0" notExecuted="0" disconnected="0" warning="0" completed="0" inProgress="0" pending="0" />
    <Output>
      <StdOut>[xUnit.net 00:00:00.00] xUnit.net VSTest Adapter v2.8.2+699d445a1a (64-bit .NET 9.0.18)&#xD;
[xUnit.net 00:00:00.86]   Discovering: DovahLinkValidationClient.Tests&#xD;
[xUnit.net 00:00:00.90]   Discovered:  DovahLinkValidationClient.Tests&#xD;
[xUnit.net 00:00:00.90]   Starting:    DovahLinkValidationClient.Tests&#xD;
[xUnit.net 00:00:47.23]   Finished:    DovahLinkValidationClient.Tests&#xD;
</StdOut>
    </Output>
  </ResultSummary>
</TestRun>